[ 2018-04-09T22:46:02+08:00 ] 127.0.0.1 127.0.0.1 GET /gb
[ log ] dev.tp111.com/gb [运行时间：0.957619s][吞吐率：1.04req/s] [内存消耗：3,210.91kb] [文件加载：57]
[ info ] [ LANG ] E:\tp55\thinkphp\lang\zh-cn.php
[ info ] [ ROUTE ] array (
  'type' => 'module',
  'module' => 
  array (
    0 => NULL,
    1 => 'gb',
    2 => 'index',
  ),
  'convert' => false,
)
[ info ] [ HEADER ] array (
  'host' => 'dev.tp111.com',
  'user-agent' => 'Mozilla/5.0 (Windows NT 6.1; Win64; x64; rv:59.0) Gecko/20100101 Firefox/59.0',
  'accept' => 'text/html,application/xhtml+xml,application/xml;q=0.9,*/*;q=0.8',
  'accept-language' => 'zh-CN,zh;q=0.8,zh-TW;q=0.7,zh-HK;q=0.5,en-US;q=0.3,en;q=0.2',
  'accept-encoding' => 'gzip, deflate',
  'referer' => 'http://dev.tp111.com/',
  'connection' => 'keep-alive',
  'upgrade-insecure-requests' => '1',
)
[ info ] [ PARAM ] array (
  '/gb' => '',
  'name' => '',
)
[ info ] [ CACHE ] INIT File
[ info ] [ DB ] INIT mysql
[ info ] [ RUN ] app\index\controller\Gb->index[ E:\tp55\application\index\controller\Gb.php ]
[ info ] [ VIEW ] themes\gb\index.html [ array (
  0 => 'site_config',
  1 => 'banner',
  2 => 'category',
  3 => 'links',
  4 => 'tags',
  5 => 'randarticle',
  6 => 'htorticle',
  7 => 'messageinfo',
  8 => 'nav',
  9 => 'currenturl',
  10 => 'toparticle',
  11 => 'tell_list',
) ]
[ info ] [ SESSION ] INIT array (
  'id' => '',
  'var_session_id' => '',
  'prefix' => 'think',
  'type' => '',
  'auto_start' => true,
)
[ info ] [ LOG ] INIT File
[ sql ] [ DB ] CONNECT:[ UseTime:0.052003s ] mysql:dbname=test;host=127.0.0.1;port=3306;charset=utf8
[ sql ] [ SQL ] SHOW COLUMNS FROM `think_system` [ RunTime:0.079401s ]
[ sql ] [ SQL ] SELECT `value` FROM `think_system` WHERE  `name` = 'site_config' LIMIT 1 [ RunTime:0.000000s ]
[ sql ] [ SQL ] SHOW COLUMNS FROM `think_advertising` [ RunTime:0.033200s ]
[ sql ] [ SQL ] SELECT * FROM `think_advertising` WHERE  `status` = 1 ORDER BY sort asc [ RunTime:0.017600s ]
[ sql ] [ SQL ] SHOW COLUMNS FROM `think_category` [ RunTime:0.000000s ]
[ sql ] [ SQL ] SELECT * FROM `think_category` WHERE  `type` = 1 [ RunTime:0.000000s ]
[ sql ] [ SQL ] SHOW COLUMNS FROM `think_links` [ RunTime:0.000000s ]
[ sql ] [ SQL ] SELECT * FROM `think_links` WHERE  `status` = 1 LIMIT 10 [ RunTime:0.000000s ]
[ sql ] [ SQL ] SHOW COLUMNS FROM `think_tags` [ RunTime:0.015600s ]
[ sql ] [ SQL ] SELECT * FROM `think_tags` ORDER BY num desc LIMIT 10 [ RunTime:0.000000s ]
[ sql ] [ SQL ] SHOW COLUMNS FROM `think_article` [ RunTime:0.000000s ]
[ sql ] [ SQL ] SELECT `id`,`title`,`introduction`,`thumb` FROM `think_article` WHERE  `status` = 1 ORDER BY rand() LIMIT 3 [ RunTime:0.000000s ]
[ sql ] [ SQL ] SELECT `id`,`title`,`introduction`,`thumb` FROM `think_article` WHERE  `status` = 1 ORDER BY reading desc LIMIT 10 [ RunTime:0.000000s ]
[ sql ] [ SQL ] SELECT `id`,`title`,`cid`,`introduction`,`keywords`,`tag`,`is_top`,`is_good`,`photo`,`thumb`,`author`,`reading`,`status`,`publish_time`,`sort` FROM `think_article` WHERE  `status` = 1  AND `is_top` = 1 LIMIT 1 [ RunTime:0.001000s ]
[ sql ] [ SQL ] SHOW COLUMNS FROM `think_guestbook` [ RunTime:0.016600s ]
[ sql ] [ SQL ] SELECT * FROM `think_guestbook` WHERE  `status` = 1 LIMIT 4 [ RunTime:0.001000s ]
[ sql ] [ SQL ] SHOW COLUMNS FROM `think_nav` [ RunTime:0.002000s ]
[ sql ] [ SQL ] SELECT * FROM `think_nav` WHERE  `status` = 1 [ RunTime:0.001000s ]
[ sql ] [ SQL ] SELECT COUNT(*) AS tp_count FROM `think_guestbook` WHERE  `status` = 1 LIMIT 1 [ RunTime:0.099204s ]
[ sql ] [ SQL ] SELECT * FROM `think_guestbook` WHERE  `status` = 1 ORDER BY id desc LIMIT 0,10 [ RunTime:0.000000s ]

---------------------------------------------------------------
[ 2018-04-09T22:46:04+08:00 ] 127.0.0.1 127.0.0.1 GET /captcha.html
[ log ] dev.tp111.com/captcha.html [运行时间：1.304673s][吞吐率：0.77req/s] [内存消耗：1,609.87kb] [文件加载：34]
[ info ] [ LANG ] E:\tp55\thinkphp\lang\zh-cn.php
[ info ] [ ROUTE ] array (
  'type' => 'method',
  'method' => 
  array (
    0 => '\\think\\captcha\\CaptchaController',
    1 => 'index',
  ),
)
[ info ] [ HEADER ] array (
  'host' => 'dev.tp111.com',
  'user-agent' => 'Mozilla/5.0 (Windows NT 6.1; Win64; x64; rv:59.0) Gecko/20100101 Firefox/59.0',
  'accept' => '*/*',
  'accept-language' => 'zh-CN,zh;q=0.8,zh-TW;q=0.7,zh-HK;q=0.5,en-US;q=0.3,en;q=0.2',
  'accept-encoding' => 'gzip, deflate',
  'referer' => 'http://dev.tp111.com/gb',
  'cookie' => 'PHPSESSID=gnsa2ci350md9qpdhccn8klvm6',
  'connection' => 'keep-alive',
)
[ info ] [ PARAM ] array (
  '/captcha_html' => '',
  'id' => '',
)
[ info ] [ RUN ] think\captcha\CaptchaController->index[ E:\tp55\vendor\topthink\think-captcha\src\CaptchaController.php ]
[ info ] [ SESSION ] INIT array (
  'id' => '',
  'var_session_id' => '',
  'prefix' => 'think',
  'type' => '',
  'auto_start' => true,
)
[ info ] [ LOG ] INIT File

---------------------------------------------------------------
[ 2018-04-09T22:58:38+08:00 ] 127.0.0.1 127.0.0.1 GET /tell
[ log ] dev.tp111.com/tell [运行时间：0.605035s][吞吐率：1.65req/s] [内存消耗：3,200.60kb] [文件加载：57]
[ info ] [ LANG ] E:\tp55\thinkphp\lang\zh-cn.php
[ info ] [ ROUTE ] array (
  'type' => 'module',
  'module' => 
  array (
    0 => NULL,
    1 => 'tell',
    2 => 'index',
  ),
  'convert' => false,
)
[ info ] [ HEADER ] array (
  'host' => 'dev.tp111.com',
  'connection' => 'keep-alive',
  'upgrade-insecure-requests' => '1',
  'user-agent' => 'Mozilla/5.0 (Windows NT 6.1; WOW64) AppleWebKit/537.36 (KHTML, like Gecko) Chrome/65.0.3325.181 Safari/537.36',
  'accept' => 'text/html,application/xhtml+xml,application/xml;q=0.9,image/webp,image/apng,*/*;q=0.8',
  'referer' => 'http://dev.tp111.com/category/3.html',
  'accept-encoding' => 'gzip, deflate',
  'accept-language' => 'zh-CN,zh;q=0.9,en;q=0.8',
  'cookie' => 'PHPSESSID=u9p8v0u8i2ebj4j1i7ubm7hra7; thinkphp_show_page_trace=0|0',
)
[ info ] [ PARAM ] array (
  '/tell' => '',
  'name' => '',
)
[ info ] [ CACHE ] INIT File
[ info ] [ DB ] INIT mysql
[ info ] [ RUN ] app\index\controller\Tell->index[ E:\tp55\application\index\controller\Tell.php ]
[ info ] [ VIEW ] themes\tell\index.html [ array (
  0 => 'site_config',
  1 => 'banner',
  2 => 'category',
  3 => 'links',
  4 => 'tags',
  5 => 'randarticle',
  6 => 'htorticle',
  7 => 'messageinfo',
  8 => 'nav',
  9 => 'currenturl',
  10 => 'toparticle',
  11 => 'tell_list',
) ]
[ info ] [ SESSION ] INIT array (
  'id' => '',
  'var_session_id' => '',
  'prefix' => 'think',
  'type' => '',
  'auto_start' => true,
)
[ info ] [ LOG ] INIT File
[ sql ] [ DB ] CONNECT:[ UseTime:0.027002s ] mysql:dbname=test;host=127.0.0.1;port=3306;charset=utf8
[ sql ] [ SQL ] SHOW COLUMNS FROM `think_system` [ RunTime:0.063003s ]
[ sql ] [ SQL ] SELECT `value` FROM `think_system` WHERE  `name` = 'site_config' LIMIT 1 [ RunTime:0.002000s ]
[ sql ] [ SQL ] SHOW COLUMNS FROM `think_advertising` [ RunTime:0.002001s ]
[ sql ] [ SQL ] SELECT * FROM `think_advertising` WHERE  `status` = 1 ORDER BY sort asc [ RunTime:0.030001s ]
[ sql ] [ SQL ] SHOW COLUMNS FROM `think_category` [ RunTime:0.002000s ]
[ sql ] [ SQL ] SELECT * FROM `think_category` WHERE  `type` = 1 [ RunTime:0.002001s ]
[ sql ] [ SQL ] SHOW COLUMNS FROM `think_links` [ RunTime:0.002000s ]
[ sql ] [ SQL ] SELECT * FROM `think_links` WHERE  `status` = 1 LIMIT 10 [ RunTime:0.001000s ]
[ sql ] [ SQL ] SHOW COLUMNS FROM `think_tags` [ RunTime:0.002000s ]
[ sql ] [ SQL ] SELECT * FROM `think_tags` ORDER BY num desc LIMIT 10 [ RunTime:0.001000s ]
[ sql ] [ SQL ] SHOW COLUMNS FROM `think_article` [ RunTime:0.001000s ]
[ sql ] [ SQL ] SELECT `id`,`title`,`introduction`,`thumb` FROM `think_article` WHERE  `status` = 1 ORDER BY rand() LIMIT 3 [ RunTime:0.001000s ]
[ sql ] [ SQL ] SELECT `id`,`title`,`introduction`,`thumb` FROM `think_article` WHERE  `status` = 1 ORDER BY reading desc LIMIT 10 [ RunTime:0.001000s ]
[ sql ] [ SQL ] SELECT `id`,`title`,`cid`,`introduction`,`keywords`,`tag`,`is_top`,`is_good`,`photo`,`thumb`,`author`,`reading`,`status`,`publish_time`,`sort` FROM `think_article` WHERE  `status` = 1  AND `is_top` = 1 LIMIT 1 [ RunTime:0.001000s ]
[ sql ] [ SQL ] SHOW COLUMNS FROM `think_guestbook` [ RunTime:0.002000s ]
[ sql ] [ SQL ] SELECT * FROM `think_guestbook` WHERE  `status` = 1 LIMIT 4 [ RunTime:0.001000s ]
[ sql ] [ SQL ] SHOW COLUMNS FROM `think_nav` [ RunTime:0.002000s ]
[ sql ] [ SQL ] SELECT * FROM `think_nav` WHERE  `status` = 1 [ RunTime:0.001000s ]
[ sql ] [ SQL ] SHOW COLUMNS FROM `think_tell` [ RunTime:0.052003s ]
[ sql ] [ SQL ] SELECT COUNT(*) AS tp_count FROM `think_tell` `a` RIGHT JOIN `think_admin_user` `u` ON `a`.`tellid`=`u`.`id` WHERE  `a`.`status` = 1 LIMIT 1 [ RunTime:0.266015s ]
[ sql ] [ SQL ] SELECT * FROM `think_tell` `a` RIGHT JOIN `think_admin_user` `u` ON `a`.`tellid`=`u`.`id` WHERE  `a`.`status` = 1 ORDER BY a.id desc LIMIT 0,15 [ RunTime:0.002000s ]

---------------------------------------------------------------
[ 2018-04-09T22:58:47+08:00 ] 127.0.0.1 127.0.0.1 GET /gb
[ log ] dev.tp111.com/gb [运行时间：0.231013s][吞吐率：4.33req/s] [内存消耗：3,212.61kb] [文件加载：57]
[ info ] [ LANG ] E:\tp55\thinkphp\lang\zh-cn.php
[ info ] [ ROUTE ] array (
  'type' => 'module',
  'module' => 
  array (
    0 => NULL,
    1 => 'gb',
    2 => 'index',
  ),
  'convert' => false,
)
[ info ] [ HEADER ] array (
  'host' => 'dev.tp111.com',
  'connection' => 'keep-alive',
  'upgrade-insecure-requests' => '1',
  'user-agent' => 'Mozilla/5.0 (Windows NT 6.1; WOW64) AppleWebKit/537.36 (KHTML, like Gecko) Chrome/65.0.3325.181 Safari/537.36',
  'accept' => 'text/html,application/xhtml+xml,application/xml;q=0.9,image/webp,image/apng,*/*;q=0.8',
  'referer' => 'http://dev.tp111.com/tell',
  'accept-encoding' => 'gzip, deflate',
  'accept-language' => 'zh-CN,zh;q=0.9,en;q=0.8',
  'cookie' => 'PHPSESSID=u9p8v0u8i2ebj4j1i7ubm7hra7; thinkphp_show_page_trace=0|0',
)
[ info ] [ PARAM ] array (
  '/gb' => '',
  'name' => '',
)
[ info ] [ CACHE ] INIT File
[ info ] [ DB ] INIT mysql
[ info ] [ RUN ] app\index\controller\Gb->index[ E:\tp55\application\index\controller\Gb.php ]
[ info ] [ VIEW ] themes\gb\index.html [ array (
  0 => 'site_config',
  1 => 'banner',
  2 => 'category',
  3 => 'links',
  4 => 'tags',
  5 => 'randarticle',
  6 => 'htorticle',
  7 => 'messageinfo',
  8 => 'nav',
  9 => 'currenturl',
  10 => 'toparticle',
  11 => 'tell_list',
) ]
[ info ] [ SESSION ] INIT array (
  'id' => '',
  'var_session_id' => '',
  'prefix' => 'think',
  'type' => '',
  'auto_start' => true,
)
[ info ] [ LOG ] INIT File
[ sql ] [ DB ] CONNECT:[ UseTime:0.005000s ] mysql:dbname=test;host=127.0.0.1;port=3306;charset=utf8
[ sql ] [ SQL ] SHOW COLUMNS FROM `think_system` [ RunTime:0.027002s ]
[ sql ] [ SQL ] SELECT `value` FROM `think_system` WHERE  `name` = 'site_config' LIMIT 1 [ RunTime:0.001000s ]
[ sql ] [ SQL ] SHOW COLUMNS FROM `think_advertising` [ RunTime:0.033002s ]
[ sql ] [ SQL ] SELECT * FROM `think_advertising` WHERE  `status` = 1 ORDER BY sort asc [ RunTime:0.036002s ]
[ sql ] [ SQL ] SHOW COLUMNS FROM `think_category` [ RunTime:0.003000s ]
[ sql ] [ SQL ] SELECT * FROM `think_category` WHERE  `type` = 1 [ RunTime:0.026001s ]
[ sql ] [ SQL ] SHOW COLUMNS FROM `think_links` [ RunTime:0.003001s ]
[ sql ] [ SQL ] SELECT * FROM `think_links` WHERE  `status` = 1 LIMIT 10 [ RunTime:0.002000s ]
[ sql ] [ SQL ] SHOW COLUMNS FROM `think_tags` [ RunTime:0.003000s ]
[ sql ] [ SQL ] SELECT * FROM `think_tags` ORDER BY num desc LIMIT 10 [ RunTime:0.001000s ]
[ sql ] [ SQL ] SHOW COLUMNS FROM `think_article` [ RunTime:0.003000s ]
[ sql ] [ SQL ] SELECT `id`,`title`,`introduction`,`thumb` FROM `think_article` WHERE  `status` = 1 ORDER BY rand() LIMIT 3 [ RunTime:0.001000s ]
[ sql ] [ SQL ] SELECT `id`,`title`,`introduction`,`thumb` FROM `think_article` WHERE  `status` = 1 ORDER BY reading desc LIMIT 10 [ RunTime:0.002000s ]
[ sql ] [ SQL ] SELECT `id`,`title`,`cid`,`introduction`,`keywords`,`tag`,`is_top`,`is_good`,`photo`,`thumb`,`author`,`reading`,`status`,`publish_time`,`sort` FROM `think_article` WHERE  `status` = 1  AND `is_top` = 1 LIMIT 1 [ RunTime:0.001000s ]
[ sql ] [ SQL ] SHOW COLUMNS FROM `think_guestbook` [ RunTime:0.002000s ]
[ sql ] [ SQL ] SELECT * FROM `think_guestbook` WHERE  `status` = 1 LIMIT 4 [ RunTime:0.002000s ]
[ sql ] [ SQL ] SHOW COLUMNS FROM `think_nav` [ RunTime:0.001000s ]
[ sql ] [ SQL ] SELECT * FROM `think_nav` WHERE  `status` = 1 [ RunTime:0.002000s ]
[ sql ] [ SQL ] SELECT COUNT(*) AS tp_count FROM `think_guestbook` WHERE  `status` = 1 LIMIT 1 [ RunTime:0.001000s ]
[ sql ] [ SQL ] SELECT * FROM `think_guestbook` WHERE  `status` = 1 ORDER BY id desc LIMIT 0,10 [ RunTime:0.001000s ]

---------------------------------------------------------------
[ 2018-04-09T22:58:48+08:00 ] 127.0.0.1 127.0.0.1 GET /captcha.html
[ log ] dev.tp111.com/captcha.html [运行时间：0.089005s][吞吐率：11.24req/s] [内存消耗：1,610.15kb] [文件加载：34]
[ info ] [ LANG ] E:\tp55\thinkphp\lang\zh-cn.php
[ info ] [ ROUTE ] array (
  'type' => 'method',
  'method' => 
  array (
    0 => '\\think\\captcha\\CaptchaController',
    1 => 'index',
  ),
)
[ info ] [ HEADER ] array (
  'host' => 'dev.tp111.com',
  'connection' => 'keep-alive',
  'user-agent' => 'Mozilla/5.0 (Windows NT 6.1; WOW64) AppleWebKit/537.36 (KHTML, like Gecko) Chrome/65.0.3325.181 Safari/537.36',
  'accept' => 'image/webp,image/apng,image/*,*/*;q=0.8',
  'referer' => 'http://dev.tp111.com/gb',
  'accept-encoding' => 'gzip, deflate',
  'accept-language' => 'zh-CN,zh;q=0.9,en;q=0.8',
  'cookie' => 'PHPSESSID=u9p8v0u8i2ebj4j1i7ubm7hra7; thinkphp_show_page_trace=0|0',
)
[ info ] [ PARAM ] array (
  '/captcha_html' => '',
  'id' => '',
)
[ info ] [ RUN ] think\captcha\CaptchaController->index[ E:\tp55\vendor\topthink\think-captcha\src\CaptchaController.php ]
[ info ] [ SESSION ] INIT array (
  'id' => '',
  'var_session_id' => '',
  'prefix' => 'think',
  'type' => '',
  'auto_start' => true,
)
[ info ] [ LOG ] INIT File

---------------------------------------------------------------
[ 2018-04-09T22:58:52+08:00 ] 127.0.0.1 127.0.0.1 GET /fk
[ log ] dev.tp111.com/fk [运行时间：0.380022s][吞吐率：2.63req/s] [内存消耗：3,300.88kb] [文件加载：57]
[ info ] [ LANG ] E:\tp55\thinkphp\lang\zh-cn.php
[ info ] [ ROUTE ] array (
  'type' => 'module',
  'module' => 
  array (
    0 => NULL,
    1 => 'fk',
    2 => 'index',
  ),
  'convert' => false,
)
[ info ] [ HEADER ] array (
  'host' => 'dev.tp111.com',
  'connection' => 'keep-alive',
  'upgrade-insecure-requests' => '1',
  'user-agent' => 'Mozilla/5.0 (Windows NT 6.1; WOW64) AppleWebKit/537.36 (KHTML, like Gecko) Chrome/65.0.3325.181 Safari/537.36',
  'accept' => 'text/html,application/xhtml+xml,application/xml;q=0.9,image/webp,image/apng,*/*;q=0.8',
  'referer' => 'http://dev.tp111.com/gb',
  'accept-encoding' => 'gzip, deflate',
  'accept-language' => 'zh-CN,zh;q=0.9,en;q=0.8',
  'cookie' => 'PHPSESSID=u9p8v0u8i2ebj4j1i7ubm7hra7; thinkphp_show_page_trace=0|0',
)
[ info ] [ PARAM ] array (
  '/fk' => '',
  'name' => '',
)
[ info ] [ CACHE ] INIT File
[ info ] [ DB ] INIT mysql
[ info ] [ RUN ] app\index\controller\Fk->index[ E:\tp55\application\index\controller\Fk.php ]
[ info ] [ VIEW ] themes\fk\index.html [ array (
  0 => 'site_config',
  1 => 'banner',
  2 => 'category',
  3 => 'links',
  4 => 'tags',
  5 => 'randarticle',
  6 => 'htorticle',
  7 => 'messageinfo',
  8 => 'nav',
  9 => 'currenturl',
  10 => 'toparticle',
  11 => 'login_number',
  12 => 'userlogin_list',
) ]
[ info ] [ SESSION ] INIT array (
  'id' => '',
  'var_session_id' => '',
  'prefix' => 'think',
  'type' => '',
  'auto_start' => true,
)
[ info ] [ LOG ] INIT File
[ sql ] [ DB ] CONNECT:[ UseTime:0.004001s ] mysql:dbname=test;host=127.0.0.1;port=3306;charset=utf8
[ sql ] [ SQL ] SHOW COLUMNS FROM `think_system` [ RunTime:0.084004s ]
[ sql ] [ SQL ] SELECT `value` FROM `think_system` WHERE  `name` = 'site_config' LIMIT 1 [ RunTime:0.002000s ]
[ sql ] [ SQL ] SHOW COLUMNS FROM `think_advertising` [ RunTime:0.003000s ]
[ sql ] [ SQL ] SELECT * FROM `think_advertising` WHERE  `status` = 1 ORDER BY sort asc [ RunTime:0.002000s ]
[ sql ] [ SQL ] SHOW COLUMNS FROM `think_category` [ RunTime:0.004000s ]
[ sql ] [ SQL ] SELECT * FROM `think_category` WHERE  `type` = 1 [ RunTime:0.002000s ]
[ sql ] [ SQL ] SHOW COLUMNS FROM `think_links` [ RunTime:0.002000s ]
[ sql ] [ SQL ] SELECT * FROM `think_links` WHERE  `status` = 1 LIMIT 10 [ RunTime:0.002000s ]
[ sql ] [ SQL ] SHOW COLUMNS FROM `think_tags` [ RunTime:0.002000s ]
[ sql ] [ SQL ] SELECT * FROM `think_tags` ORDER BY num desc LIMIT 10 [ RunTime:0.001000s ]
[ sql ] [ SQL ] SHOW COLUMNS FROM `think_article` [ RunTime:0.002000s ]
[ sql ] [ SQL ] SELECT `id`,`title`,`introduction`,`thumb` FROM `think_article` WHERE  `status` = 1 ORDER BY rand() LIMIT 3 [ RunTime:0.002000s ]
[ sql ] [ SQL ] SELECT `id`,`title`,`introduction`,`thumb` FROM `think_article` WHERE  `status` = 1 ORDER BY reading desc LIMIT 10 [ RunTime:0.002000s ]
[ sql ] [ SQL ] SELECT `id`,`title`,`cid`,`introduction`,`keywords`,`tag`,`is_top`,`is_good`,`photo`,`thumb`,`author`,`reading`,`status`,`publish_time`,`sort` FROM `think_article` WHERE  `status` = 1  AND `is_top` = 1 LIMIT 1 [ RunTime:0.001000s ]
[ sql ] [ SQL ] SHOW COLUMNS FROM `think_guestbook` [ RunTime:0.003000s ]
[ sql ] [ SQL ] SELECT * FROM `think_guestbook` WHERE  `status` = 1 LIMIT 4 [ RunTime:0.002000s ]
[ sql ] [ SQL ] SHOW COLUMNS FROM `think_nav` [ RunTime:0.002000s ]
[ sql ] [ SQL ] SELECT * FROM `think_nav` WHERE  `status` = 1 [ RunTime:0.002000s ]
[ sql ] [ SQL ] SHOW COLUMNS FROM `think_user` [ RunTime:0.079005s ]
[ sql ] [ SQL ] SELECT `id` FROM `think_user` [ RunTime:0.024001s ]
[ sql ] [ SQL ] SELECT COUNT(*) AS tp_count FROM `think_user` WHERE  `status` = 1 LIMIT 1 [ RunTime:0.013000s ]
[ sql ] [ SQL ] SELECT * FROM `think_user` WHERE  `status` = 1 ORDER BY id desc LIMIT 0,100 [ RunTime:0.016001s ]

---------------------------------------------------------------
[ 2018-04-09T22:58:55+08:00 ] 127.0.0.1 127.0.0.1 GET /tell
[ log ] dev.tp111.com/tell [运行时间：0.228013s][吞吐率：4.39req/s] [内存消耗：3,200.72kb] [文件加载：57]
[ info ] [ LANG ] E:\tp55\thinkphp\lang\zh-cn.php
[ info ] [ ROUTE ] array (
  'type' => 'module',
  'module' => 
  array (
    0 => NULL,
    1 => 'tell',
    2 => 'index',
  ),
  'convert' => false,
)
[ info ] [ HEADER ] array (
  'host' => 'dev.tp111.com',
  'connection' => 'keep-alive',
  'upgrade-insecure-requests' => '1',
  'user-agent' => 'Mozilla/5.0 (Windows NT 6.1; WOW64) AppleWebKit/537.36 (KHTML, like Gecko) Chrome/65.0.3325.181 Safari/537.36',
  'accept' => 'text/html,application/xhtml+xml,application/xml;q=0.9,image/webp,image/apng,*/*;q=0.8',
  'referer' => 'http://dev.tp111.com/fk',
  'accept-encoding' => 'gzip, deflate',
  'accept-language' => 'zh-CN,zh;q=0.9,en;q=0.8',
  'cookie' => 'PHPSESSID=u9p8v0u8i2ebj4j1i7ubm7hra7; thinkphp_show_page_trace=0|0',
)
[ info ] [ PARAM ] array (
  '/tell' => '',
  'name' => '',
)
[ info ] [ CACHE ] INIT File
[ info ] [ DB ] INIT mysql
[ info ] [ RUN ] app\index\controller\Tell->index[ E:\tp55\application\index\controller\Tell.php ]
[ info ] [ VIEW ] themes\tell\index.html [ array (
  0 => 'site_config',
  1 => 'banner',
  2 => 'category',
  3 => 'links',
  4 => 'tags',
  5 => 'randarticle',
  6 => 'htorticle',
  7 => 'messageinfo',
  8 => 'nav',
  9 => 'currenturl',
  10 => 'toparticle',
  11 => 'tell_list',
) ]
[ info ] [ SESSION ] INIT array (
  'id' => '',
  'var_session_id' => '',
  'prefix' => 'think',
  'type' => '',
  'auto_start' => true,
)
[ info ] [ LOG ] INIT File
[ sql ] [ DB ] CONNECT:[ UseTime:0.016001s ] mysql:dbname=test;host=127.0.0.1;port=3306;charset=utf8
[ sql ] [ SQL ] SHOW COLUMNS FROM `think_system` [ RunTime:0.031002s ]
[ sql ] [ SQL ] SELECT `value` FROM `think_system` WHERE  `name` = 'site_config' LIMIT 1 [ RunTime:0.001000s ]
[ sql ] [ SQL ] SHOW COLUMNS FROM `think_advertising` [ RunTime:0.002000s ]
[ sql ] [ SQL ] SELECT * FROM `think_advertising` WHERE  `status` = 1 ORDER BY sort asc [ RunTime:0.002000s ]
[ sql ] [ SQL ] SHOW COLUMNS FROM `think_category` [ RunTime:0.001000s ]
[ sql ] [ SQL ] SELECT * FROM `think_category` WHERE  `type` = 1 [ RunTime:0.020001s ]
[ sql ] [ SQL ] SHOW COLUMNS FROM `think_links` [ RunTime:0.002001s ]
[ sql ] [ SQL ] SELECT * FROM `think_links` WHERE  `status` = 1 LIMIT 10 [ RunTime:0.001000s ]
[ sql ] [ SQL ] SHOW COLUMNS FROM `think_tags` [ RunTime:0.002000s ]
[ sql ] [ SQL ] SELECT * FROM `think_tags` ORDER BY num desc LIMIT 10 [ RunTime:0.001000s ]
[ sql ] [ SQL ] SHOW COLUMNS FROM `think_article` [ RunTime:0.002000s ]
[ sql ] [ SQL ] SELECT `id`,`title`,`introduction`,`thumb` FROM `think_article` WHERE  `status` = 1 ORDER BY rand() LIMIT 3 [ RunTime:0.001000s ]
[ sql ] [ SQL ] SELECT `id`,`title`,`introduction`,`thumb` FROM `think_article` WHERE  `status` = 1 ORDER BY reading desc LIMIT 10 [ RunTime:0.001000s ]
[ sql ] [ SQL ] SELECT `id`,`title`,`cid`,`introduction`,`keywords`,`tag`,`is_top`,`is_good`,`photo`,`thumb`,`author`,`reading`,`status`,`publish_time`,`sort` FROM `think_article` WHERE  `status` = 1  AND `is_top` = 1 LIMIT 1 [ RunTime:0.001000s ]
[ sql ] [ SQL ] SHOW COLUMNS FROM `think_guestbook` [ RunTime:0.001000s ]
[ sql ] [ SQL ] SELECT * FROM `think_guestbook` WHERE  `status` = 1 LIMIT 4 [ RunTime:0.002000s ]
[ sql ] [ SQL ] SHOW COLUMNS FROM `think_nav` [ RunTime:0.002000s ]
[ sql ] [ SQL ] SELECT * FROM `think_nav` WHERE  `status` = 1 [ RunTime:0.001000s ]
[ sql ] [ SQL ] SHOW COLUMNS FROM `think_tell` [ RunTime:0.059004s ]
[ sql ] [ SQL ] SELECT COUNT(*) AS tp_count FROM `think_tell` `a` RIGHT JOIN `think_admin_user` `u` ON `a`.`tellid`=`u`.`id` WHERE  `a`.`status` = 1 LIMIT 1 [ RunTime:0.003000s ]
[ sql ] [ SQL ] SELECT * FROM `think_tell` `a` RIGHT JOIN `think_admin_user` `u` ON `a`.`tellid`=`u`.`id` WHERE  `a`.`status` = 1 ORDER BY a.id desc LIMIT 0,15 [ RunTime:0.001000s ]

---------------------------------------------------------------
