[ 2018-04-10T20:08:05+08:00 ] 127.0.0.1 127.0.0.1 GET /gb
[ log ] dev.tp111.com/gb [运行时间：0.414623s][吞吐率：2.41req/s] [内存消耗：3,212.35kb] [文件加载：57]
[ info ] [ LANG ] E:\tp55\thinkphp\lang\zh-cn.php
[ info ] [ ROUTE ] array (
  'type' => 'module',
  'module' => 
  array (
    0 => NULL,
    1 => 'gb',
    2 => 'index',
  ),
  'convert' => false,
)
[ info ] [ HEADER ] array (
  'host' => 'dev.tp111.com',
  'user-agent' => 'Mozilla/5.0 (Windows NT 6.1; Win64; x64; rv:59.0) Gecko/20100101 Firefox/59.0',
  'accept' => 'text/html,application/xhtml+xml,application/xml;q=0.9,*/*;q=0.8',
  'accept-language' => 'zh-CN,zh;q=0.8,zh-TW;q=0.7,zh-HK;q=0.5,en-US;q=0.3,en;q=0.2',
  'accept-encoding' => 'gzip, deflate',
  'referer' => 'http://dev.tp111.com/',
  'cookie' => 'PHPSESSID=gnsa2ci350md9qpdhccn8klvm6; thinkphp_show_page_trace=0|0',
  'connection' => 'keep-alive',
  'upgrade-insecure-requests' => '1',
  'cache-control' => 'max-age=0',
)
[ info ] [ PARAM ] array (
  '/gb' => '',
  'name' => '',
)
[ info ] [ CACHE ] INIT File
[ info ] [ DB ] INIT mysql
[ info ] [ RUN ] app\index\controller\Gb->index[ E:\tp55\application\index\controller\Gb.php ]
[ info ] [ VIEW ] themes\gb\index.html [ array (
  0 => 'site_config',
  1 => 'banner',
  2 => 'category',
  3 => 'links',
  4 => 'tags',
  5 => 'randarticle',
  6 => 'htorticle',
  7 => 'messageinfo',
  8 => 'nav',
  9 => 'currenturl',
  10 => 'toparticle',
  11 => 'tell_list',
) ]
[ info ] [ SESSION ] INIT array (
  'id' => '',
  'var_session_id' => '',
  'prefix' => 'think',
  'type' => '',
  'auto_start' => true,
)
[ info ] [ LOG ] INIT File
[ sql ] [ DB ] CONNECT:[ UseTime:0.025001s ] mysql:dbname=test;host=127.0.0.1;port=3306;charset=utf8
[ sql ] [ SQL ] SHOW COLUMNS FROM `think_system` [ RunTime:0.069004s ]
[ sql ] [ SQL ] SELECT `value` FROM `think_system` WHERE  `name` = 'site_config' LIMIT 1 [ RunTime:0.001000s ]
[ sql ] [ SQL ] SHOW COLUMNS FROM `think_advertising` [ RunTime:0.031002s ]
[ sql ] [ SQL ] SELECT * FROM `think_advertising` WHERE  `status` = 1 ORDER BY sort asc [ RunTime:0.001000s ]
[ sql ] [ SQL ] SHOW COLUMNS FROM `think_category` [ RunTime:0.001000s ]
[ sql ] [ SQL ] SELECT * FROM `think_category` WHERE  `type` = 1 [ RunTime:0.002000s ]
[ sql ] [ SQL ] SHOW COLUMNS FROM `think_links` [ RunTime:0.008000s ]
[ sql ] [ SQL ] SELECT * FROM `think_links` WHERE  `status` = 1 LIMIT 10 [ RunTime:0.002000s ]
[ sql ] [ SQL ] SHOW COLUMNS FROM `think_tags` [ RunTime:0.003001s ]
[ sql ] [ SQL ] SELECT * FROM `think_tags` ORDER BY num desc LIMIT 10 [ RunTime:0.002000s ]
[ sql ] [ SQL ] SHOW COLUMNS FROM `think_article` [ RunTime:0.004000s ]
[ sql ] [ SQL ] SELECT `id`,`title`,`introduction`,`thumb` FROM `think_article` WHERE  `status` = 1 ORDER BY rand() LIMIT 3 [ RunTime:0.003000s ]
[ sql ] [ SQL ] SELECT `id`,`title`,`introduction`,`thumb` FROM `think_article` WHERE  `status` = 1 ORDER BY reading desc LIMIT 10 [ RunTime:0.001000s ]
[ sql ] [ SQL ] SELECT `id`,`title`,`cid`,`introduction`,`keywords`,`tag`,`is_top`,`is_good`,`photo`,`thumb`,`author`,`reading`,`status`,`publish_time`,`sort` FROM `think_article` WHERE  `status` = 1  AND `is_top` = 1 LIMIT 1 [ RunTime:0.002000s ]
[ sql ] [ SQL ] SHOW COLUMNS FROM `think_guestbook` [ RunTime:0.003000s ]
[ sql ] [ SQL ] SELECT * FROM `think_guestbook` WHERE  `status` = 1 LIMIT 4 [ RunTime:0.001000s ]
[ sql ] [ SQL ] SHOW COLUMNS FROM `think_nav` [ RunTime:0.001000s ]
[ sql ] [ SQL ] SELECT * FROM `think_nav` WHERE  `status` = 1 [ RunTime:0.001000s ]
[ sql ] [ SQL ] SELECT COUNT(*) AS tp_count FROM `think_guestbook` WHERE  `status` = 1 LIMIT 1 [ RunTime:0.002000s ]
[ sql ] [ SQL ] SELECT * FROM `think_guestbook` WHERE  `status` = 1 ORDER BY id desc LIMIT 0,10 [ RunTime:0.002000s ]

---------------------------------------------------------------
[ 2018-04-10T20:08:08+08:00 ] 127.0.0.1 127.0.0.1 GET /gb
[ log ] dev.tp111.com/gb [运行时间：0.180010s][吞吐率：5.56req/s] [内存消耗：3,212.41kb] [文件加载：57]
[ info ] [ LANG ] E:\tp55\thinkphp\lang\zh-cn.php
[ info ] [ ROUTE ] array (
  'type' => 'module',
  'module' => 
  array (
    0 => NULL,
    1 => 'gb',
    2 => 'index',
  ),
  'convert' => false,
)
[ info ] [ HEADER ] array (
  'host' => 'dev.tp111.com',
  'user-agent' => 'Mozilla/5.0 (Windows NT 6.1; Win64; x64; rv:59.0) Gecko/20100101 Firefox/59.0',
  'accept' => 'text/html,application/xhtml+xml,application/xml;q=0.9,*/*;q=0.8',
  'accept-language' => 'zh-CN,zh;q=0.8,zh-TW;q=0.7,zh-HK;q=0.5,en-US;q=0.3,en;q=0.2',
  'accept-encoding' => 'gzip, deflate',
  'referer' => 'http://dev.tp111.com/',
  'cookie' => 'PHPSESSID=gnsa2ci350md9qpdhccn8klvm6; thinkphp_show_page_trace=0|0',
  'connection' => 'keep-alive',
  'upgrade-insecure-requests' => '1',
  'cache-control' => 'max-age=0',
)
[ info ] [ PARAM ] array (
  '/gb' => '',
  'name' => '',
)
[ info ] [ CACHE ] INIT File
[ info ] [ DB ] INIT mysql
[ info ] [ RUN ] app\index\controller\Gb->index[ E:\tp55\application\index\controller\Gb.php ]
[ info ] [ VIEW ] themes\gb\index.html [ array (
  0 => 'site_config',
  1 => 'banner',
  2 => 'category',
  3 => 'links',
  4 => 'tags',
  5 => 'randarticle',
  6 => 'htorticle',
  7 => 'messageinfo',
  8 => 'nav',
  9 => 'currenturl',
  10 => 'toparticle',
  11 => 'tell_list',
) ]
[ info ] [ SESSION ] INIT array (
  'id' => '',
  'var_session_id' => '',
  'prefix' => 'think',
  'type' => '',
  'auto_start' => true,
)
[ info ] [ LOG ] INIT File
[ sql ] [ DB ] CONNECT:[ UseTime:0.024001s ] mysql:dbname=test;host=127.0.0.1;port=3306;charset=utf8
[ sql ] [ SQL ] SHOW COLUMNS FROM `think_system` [ RunTime:0.026002s ]
[ sql ] [ SQL ] SELECT `value` FROM `think_system` WHERE  `name` = 'site_config' LIMIT 1 [ RunTime:0.001000s ]
[ sql ] [ SQL ] SHOW COLUMNS FROM `think_advertising` [ RunTime:0.013001s ]
[ sql ] [ SQL ] SELECT * FROM `think_advertising` WHERE  `status` = 1 ORDER BY sort asc [ RunTime:0.002000s ]
[ sql ] [ SQL ] SHOW COLUMNS FROM `think_category` [ RunTime:0.002000s ]
[ sql ] [ SQL ] SELECT * FROM `think_category` WHERE  `type` = 1 [ RunTime:0.001000s ]
[ sql ] [ SQL ] SHOW COLUMNS FROM `think_links` [ RunTime:0.001000s ]
[ sql ] [ SQL ] SELECT * FROM `think_links` WHERE  `status` = 1 LIMIT 10 [ RunTime:0.001000s ]
[ sql ] [ SQL ] SHOW COLUMNS FROM `think_tags` [ RunTime:0.002000s ]
[ sql ] [ SQL ] SELECT * FROM `think_tags` ORDER BY num desc LIMIT 10 [ RunTime:0.001000s ]
[ sql ] [ SQL ] SHOW COLUMNS FROM `think_article` [ RunTime:0.002000s ]
[ sql ] [ SQL ] SELECT `id`,`title`,`introduction`,`thumb` FROM `think_article` WHERE  `status` = 1 ORDER BY rand() LIMIT 3 [ RunTime:0.002000s ]
[ sql ] [ SQL ] SELECT `id`,`title`,`introduction`,`thumb` FROM `think_article` WHERE  `status` = 1 ORDER BY reading desc LIMIT 10 [ RunTime:0.002000s ]
[ sql ] [ SQL ] SELECT `id`,`title`,`cid`,`introduction`,`keywords`,`tag`,`is_top`,`is_good`,`photo`,`thumb`,`author`,`reading`,`status`,`publish_time`,`sort` FROM `think_article` WHERE  `status` = 1  AND `is_top` = 1 LIMIT 1 [ RunTime:0.001000s ]
[ sql ] [ SQL ] SHOW COLUMNS FROM `think_guestbook` [ RunTime:0.002000s ]
[ sql ] [ SQL ] SELECT * FROM `think_guestbook` WHERE  `status` = 1 LIMIT 4 [ RunTime:0.001000s ]
[ sql ] [ SQL ] SHOW COLUMNS FROM `think_nav` [ RunTime:0.001000s ]
[ sql ] [ SQL ] SELECT * FROM `think_nav` WHERE  `status` = 1 [ RunTime:0.002001s ]
[ sql ] [ SQL ] SELECT COUNT(*) AS tp_count FROM `think_guestbook` WHERE  `status` = 1 LIMIT 1 [ RunTime:0.001000s ]
[ sql ] [ SQL ] SELECT * FROM `think_guestbook` WHERE  `status` = 1 ORDER BY id desc LIMIT 0,10 [ RunTime:0.001000s ]

---------------------------------------------------------------
[ 2018-04-10T20:08:09+08:00 ] 127.0.0.1 127.0.0.1 GET /captcha.html
[ log ] dev.tp111.com/captcha.html [运行时间：0.608035s][吞吐率：1.64req/s] [内存消耗：1,610.51kb] [文件加载：34]
[ info ] [ LANG ] E:\tp55\thinkphp\lang\zh-cn.php
[ info ] [ ROUTE ] array (
  'type' => 'method',
  'method' => 
  array (
    0 => '\\think\\captcha\\CaptchaController',
    1 => 'index',
  ),
)
[ info ] [ HEADER ] array (
  'host' => 'dev.tp111.com',
  'user-agent' => 'Mozilla/5.0 (Windows NT 6.1; Win64; x64; rv:59.0) Gecko/20100101 Firefox/59.0',
  'accept' => '*/*',
  'accept-language' => 'zh-CN,zh;q=0.8,zh-TW;q=0.7,zh-HK;q=0.5,en-US;q=0.3,en;q=0.2',
  'accept-encoding' => 'gzip, deflate',
  'referer' => 'http://dev.tp111.com/gb',
  'cookie' => 'PHPSESSID=gnsa2ci350md9qpdhccn8klvm6; thinkphp_show_page_trace=0|0',
  'connection' => 'keep-alive',
  'cache-control' => 'max-age=0',
)
[ info ] [ PARAM ] array (
  '/captcha_html' => '',
  'id' => '',
)
[ info ] [ RUN ] think\captcha\CaptchaController->index[ E:\tp55\vendor\topthink\think-captcha\src\CaptchaController.php ]
[ info ] [ SESSION ] INIT array (
  'id' => '',
  'var_session_id' => '',
  'prefix' => 'think',
  'type' => '',
  'auto_start' => true,
)
[ info ] [ LOG ] INIT File

---------------------------------------------------------------
[ 2018-04-10T20:08:11+08:00 ] 127.0.0.1 127.0.0.1 GET /
[ log ] dev.tp111.com/ [运行时间：0.201007s][吞吐率：4.97req/s] [内存消耗：3,466.06kb] [文件加载：60]
[ info ] [ LANG ] E:\tp55\thinkphp\lang\zh-cn.php
[ info ] [ ROUTE ] array (
  'type' => 'module',
  'module' => 
  array (
    0 => '',
    1 => NULL,
    2 => NULL,
  ),
)
[ info ] [ HEADER ] array (
  'host' => 'dev.tp111.com',
  'user-agent' => 'Mozilla/5.0 (Windows NT 6.1; Win64; x64; rv:59.0) Gecko/20100101 Firefox/59.0',
  'accept' => 'text/html,application/xhtml+xml,application/xml;q=0.9,*/*;q=0.8',
  'accept-language' => 'zh-CN,zh;q=0.8,zh-TW;q=0.7,zh-HK;q=0.5,en-US;q=0.3,en;q=0.2',
  'accept-encoding' => 'gzip, deflate',
  'referer' => 'http://dev.tp111.com/gb',
  'cookie' => 'PHPSESSID=gnsa2ci350md9qpdhccn8klvm6; thinkphp_show_page_trace=0|0',
  'connection' => 'keep-alive',
  'upgrade-insecure-requests' => '1',
)
[ info ] [ PARAM ] array (
)
[ info ] [ CACHE ] INIT File
[ info ] [ DB ] INIT mysql
[ info ] [ RUN ] app\index\controller\Index->index[ E:\tp55\application\index\controller\Index.php ]
[ info ] [ VIEW ] themes\index\index.html [ array (
  0 => 'site_config',
  1 => 'banner',
  2 => 'category',
  3 => 'links',
  4 => 'tags',
  5 => 'randarticle',
  6 => 'htorticle',
  7 => 'messageinfo',
  8 => 'nav',
  9 => 'currenturl',
  10 => 'toparticle',
  11 => 'category_level_list',
  12 => 'article_list',
  13 => 'getcategoryName',
) ]
[ info ] [ SESSION ] INIT array (
  'id' => '',
  'var_session_id' => '',
  'prefix' => 'think',
  'type' => '',
  'auto_start' => true,
)
[ info ] [ LOG ] INIT File
[ sql ] [ DB ] CONNECT:[ UseTime:0.018601s ] mysql:dbname=test;host=127.0.0.1;port=3306;charset=utf8
[ sql ] [ SQL ] SHOW COLUMNS FROM `think_system` [ RunTime:0.038200s ]
[ sql ] [ SQL ] SELECT `value` FROM `think_system` WHERE  `name` = 'site_config' LIMIT 1 [ RunTime:0.001000s ]
[ sql ] [ SQL ] SHOW COLUMNS FROM `think_advertising` [ RunTime:0.002000s ]
[ sql ] [ SQL ] SELECT * FROM `think_advertising` WHERE  `status` = 1 ORDER BY sort asc [ RunTime:0.002000s ]
[ sql ] [ SQL ] SHOW COLUMNS FROM `think_category` [ RunTime:0.002001s ]
[ sql ] [ SQL ] SELECT * FROM `think_category` WHERE  `type` = 1 [ RunTime:0.001000s ]
[ sql ] [ SQL ] SHOW COLUMNS FROM `think_links` [ RunTime:0.002000s ]
[ sql ] [ SQL ] SELECT * FROM `think_links` WHERE  `status` = 1 LIMIT 10 [ RunTime:0.001000s ]
[ sql ] [ SQL ] SHOW COLUMNS FROM `think_tags` [ RunTime:0.001000s ]
[ sql ] [ SQL ] SELECT * FROM `think_tags` ORDER BY num desc LIMIT 10 [ RunTime:0.001000s ]
[ sql ] [ SQL ] SHOW COLUMNS FROM `think_article` [ RunTime:0.001000s ]
[ sql ] [ SQL ] SELECT `id`,`title`,`introduction`,`thumb` FROM `think_article` WHERE  `status` = 1 ORDER BY rand() LIMIT 3 [ RunTime:0.001000s ]
[ sql ] [ SQL ] SELECT `id`,`title`,`introduction`,`thumb` FROM `think_article` WHERE  `status` = 1 ORDER BY reading desc LIMIT 10 [ RunTime:0.001000s ]
[ sql ] [ SQL ] SELECT `id`,`title`,`cid`,`introduction`,`keywords`,`tag`,`is_top`,`is_good`,`photo`,`thumb`,`author`,`reading`,`status`,`publish_time`,`sort` FROM `think_article` WHERE  `status` = 1  AND `is_top` = 1 LIMIT 1 [ RunTime:0.001000s ]
[ sql ] [ SQL ] SHOW COLUMNS FROM `think_guestbook` [ RunTime:0.002001s ]
[ sql ] [ SQL ] SELECT * FROM `think_guestbook` WHERE  `status` = 1 LIMIT 4 [ RunTime:0.001000s ]
[ sql ] [ SQL ] SHOW COLUMNS FROM `think_nav` [ RunTime:0.001000s ]
[ sql ] [ SQL ] SELECT * FROM `think_nav` WHERE  `status` = 1 [ RunTime:0.001000s ]
[ sql ] [ SQL ] SELECT * FROM `think_category` ORDER BY `sort`  DESC,`id`  ASC [ RunTime:0.001000s ]
[ sql ] [ SQL ] SELECT COUNT(*) AS tp_count FROM `think_article` WHERE  `status` = 1 LIMIT 1 [ RunTime:0.002000s ]
[ sql ] [ SQL ] SELECT `id`,`title`,`cid`,`introduction`,`tag`,`is_good`,`thumb`,`author`,`reading`,`status`,`publish_time`,`sort` FROM `think_article` WHERE  `status` = 1 ORDER BY id desc LIMIT 0,5 [ RunTime:0.008001s ]
[ sql ] [ SQL ] SELECT `id`,`name` FROM `think_category` [ RunTime:0.001000s ]

---------------------------------------------------------------
[ 2018-04-10T20:17:13+08:00 ] 127.0.0.1 127.0.0.1 GET /
[ log ] dev.tp111.com/ [运行时间：0.172010s][吞吐率：5.81req/s] [内存消耗：3,465.70kb] [文件加载：60]
[ info ] [ LANG ] E:\tp55\thinkphp\lang\zh-cn.php
[ info ] [ ROUTE ] array (
  'type' => 'module',
  'module' => 
  array (
    0 => '',
    1 => NULL,
    2 => NULL,
  ),
)
[ info ] [ HEADER ] array (
  'host' => 'dev.tp111.com',
  'connection' => 'keep-alive',
  'upgrade-insecure-requests' => '1',
  'user-agent' => 'Mozilla/5.0 (Windows NT 6.1; WOW64) AppleWebKit/537.36 (KHTML, like Gecko) Chrome/65.0.3325.181 Safari/537.36',
  'accept' => 'text/html,application/xhtml+xml,application/xml;q=0.9,image/webp,image/apng,*/*;q=0.8',
  'referer' => 'http://dev.tp111.com/tell',
  'accept-encoding' => 'gzip, deflate',
  'accept-language' => 'zh-CN,zh;q=0.9,en;q=0.8',
  'cookie' => 'PHPSESSID=u9p8v0u8i2ebj4j1i7ubm7hra7; thinkphp_show_page_trace=0|0',
)
[ info ] [ PARAM ] array (
)
[ info ] [ CACHE ] INIT File
[ info ] [ DB ] INIT mysql
[ info ] [ RUN ] app\index\controller\Index->index[ E:\tp55\application\index\controller\Index.php ]
[ info ] [ VIEW ] themes\index\index.html [ array (
  0 => 'site_config',
  1 => 'banner',
  2 => 'category',
  3 => 'links',
  4 => 'tags',
  5 => 'randarticle',
  6 => 'htorticle',
  7 => 'messageinfo',
  8 => 'nav',
  9 => 'currenturl',
  10 => 'toparticle',
  11 => 'category_level_list',
  12 => 'article_list',
  13 => 'getcategoryName',
) ]
[ info ] [ SESSION ] INIT array (
  'id' => '',
  'var_session_id' => '',
  'prefix' => 'think',
  'type' => '',
  'auto_start' => true,
)
[ info ] [ LOG ] INIT File
[ sql ] [ DB ] CONNECT:[ UseTime:0.018001s ] mysql:dbname=test;host=127.0.0.1;port=3306;charset=utf8
[ sql ] [ SQL ] SHOW COLUMNS FROM `think_system` [ RunTime:0.016001s ]
[ sql ] [ SQL ] SELECT `value` FROM `think_system` WHERE  `name` = 'site_config' LIMIT 1 [ RunTime:0.001000s ]
[ sql ] [ SQL ] SHOW COLUMNS FROM `think_advertising` [ RunTime:0.001000s ]
[ sql ] [ SQL ] SELECT * FROM `think_advertising` WHERE  `status` = 1 ORDER BY sort asc [ RunTime:0.001000s ]
[ sql ] [ SQL ] SHOW COLUMNS FROM `think_category` [ RunTime:0.002000s ]
[ sql ] [ SQL ] SELECT * FROM `think_category` WHERE  `type` = 1 [ RunTime:0.001000s ]
[ sql ] [ SQL ] SHOW COLUMNS FROM `think_links` [ RunTime:0.001000s ]
[ sql ] [ SQL ] SELECT * FROM `think_links` WHERE  `status` = 1 LIMIT 10 [ RunTime:0.001000s ]
[ sql ] [ SQL ] SHOW COLUMNS FROM `think_tags` [ RunTime:0.001001s ]
[ sql ] [ SQL ] SELECT * FROM `think_tags` ORDER BY num desc LIMIT 10 [ RunTime:0.001000s ]
[ sql ] [ SQL ] SHOW COLUMNS FROM `think_article` [ RunTime:0.002000s ]
[ sql ] [ SQL ] SELECT `id`,`title`,`introduction`,`thumb` FROM `think_article` WHERE  `status` = 1 ORDER BY rand() LIMIT 3 [ RunTime:0.001000s ]
[ sql ] [ SQL ] SELECT `id`,`title`,`introduction`,`thumb` FROM `think_article` WHERE  `status` = 1 ORDER BY reading desc LIMIT 10 [ RunTime:0.001000s ]
[ sql ] [ SQL ] SELECT `id`,`title`,`cid`,`introduction`,`keywords`,`tag`,`is_top`,`is_good`,`photo`,`thumb`,`author`,`reading`,`status`,`publish_time`,`sort` FROM `think_article` WHERE  `status` = 1  AND `is_top` = 1 LIMIT 1 [ RunTime:0.001000s ]
[ sql ] [ SQL ] SHOW COLUMNS FROM `think_guestbook` [ RunTime:0.001000s ]
[ sql ] [ SQL ] SELECT * FROM `think_guestbook` WHERE  `status` = 1 LIMIT 4 [ RunTime:0.000000s ]
[ sql ] [ SQL ] SHOW COLUMNS FROM `think_nav` [ RunTime:0.001000s ]
[ sql ] [ SQL ] SELECT * FROM `think_nav` WHERE  `status` = 1 [ RunTime:0.001000s ]
[ sql ] [ SQL ] SELECT * FROM `think_category` ORDER BY `sort`  DESC,`id`  ASC [ RunTime:0.001000s ]
[ sql ] [ SQL ] SELECT COUNT(*) AS tp_count FROM `think_article` WHERE  `status` = 1 LIMIT 1 [ RunTime:0.001000s ]
[ sql ] [ SQL ] SELECT `id`,`title`,`cid`,`introduction`,`tag`,`is_good`,`thumb`,`author`,`reading`,`status`,`publish_time`,`sort` FROM `think_article` WHERE  `status` = 1 ORDER BY id desc LIMIT 0,5 [ RunTime:0.001000s ]
[ sql ] [ SQL ] SELECT `id`,`name` FROM `think_category` [ RunTime:0.001000s ]

---------------------------------------------------------------
[ 2018-04-10T20:17:26+08:00 ] 127.0.0.1 127.0.0.1 GET /article/38.html
[ log ] dev.tp111.com/article/38.html [运行时间：0.367206s][吞吐率：2.72req/s] [内存消耗：3,349.66kb] [文件加载：56]
[ info ] [ LANG ] E:\tp55\thinkphp\lang\zh-cn.php
[ info ] [ ROUTE ] array (
  'type' => 'module',
  'module' => 
  array (
    0 => NULL,
    1 => 'article',
    2 => 'index',
  ),
  'convert' => false,
)
[ info ] [ HEADER ] array (
  'host' => 'dev.tp111.com',
  'user-agent' => 'Mozilla/5.0 (Windows NT 6.1; Win64; x64; rv:59.0) Gecko/20100101 Firefox/59.0',
  'accept' => 'text/html,application/xhtml+xml,application/xml;q=0.9,*/*;q=0.8',
  'accept-language' => 'zh-CN,zh;q=0.8,zh-TW;q=0.7,zh-HK;q=0.5,en-US;q=0.3,en;q=0.2',
  'accept-encoding' => 'gzip, deflate',
  'referer' => 'http://dev.tp111.com/',
  'cookie' => 'PHPSESSID=gnsa2ci350md9qpdhccn8klvm6; thinkphp_show_page_trace=0|0',
  'connection' => 'keep-alive',
  'upgrade-insecure-requests' => '1',
)
[ info ] [ PARAM ] array (
  '/article/38_html' => '',
  'id' => '38',
)
[ info ] [ CACHE ] INIT File
[ info ] [ DB ] INIT mysql
[ info ] [ RUN ] app\index\controller\article->index[ E:\tp55\application\index\controller\Article.php ]
[ info ] [ VIEW ] themes\article\index.html [ array (
  0 => 'site_config',
  1 => 'banner',
  2 => 'category',
  3 => 'links',
  4 => 'tags',
  5 => 'randarticle',
  6 => 'htorticle',
  7 => 'messageinfo',
  8 => 'nav',
  9 => 'currenturl',
  10 => 'toparticle',
  11 => 'article',
  12 => 'prevs',
  13 => 'nexts',
  14 => 'getcategoryName',
  15 => 'article_related',
) ]
[ info ] [ SESSION ] INIT array (
  'id' => '',
  'var_session_id' => '',
  'prefix' => 'think',
  'type' => '',
  'auto_start' => true,
)
[ info ] [ LOG ] INIT File
[ sql ] [ DB ] CONNECT:[ UseTime:0.017600s ] mysql:dbname=test;host=127.0.0.1;port=3306;charset=utf8
[ sql ] [ SQL ] SHOW COLUMNS FROM `think_system` [ RunTime:0.017601s ]
[ sql ] [ SQL ] SELECT `value` FROM `think_system` WHERE  `name` = 'site_config' LIMIT 1 [ RunTime:0.000000s ]
[ sql ] [ SQL ] SHOW COLUMNS FROM `think_advertising` [ RunTime:0.000000s ]
[ sql ] [ SQL ] SELECT * FROM `think_advertising` WHERE  `status` = 1 ORDER BY sort asc [ RunTime:0.000000s ]
[ sql ] [ SQL ] SHOW COLUMNS FROM `think_category` [ RunTime:0.000000s ]
[ sql ] [ SQL ] SELECT * FROM `think_category` WHERE  `type` = 1 [ RunTime:0.015600s ]
[ sql ] [ SQL ] SHOW COLUMNS FROM `think_links` [ RunTime:0.001000s ]
[ sql ] [ SQL ] SELECT * FROM `think_links` WHERE  `status` = 1 LIMIT 10 [ RunTime:0.000000s ]
[ sql ] [ SQL ] SHOW COLUMNS FROM `think_tags` [ RunTime:0.000000s ]
[ sql ] [ SQL ] SELECT * FROM `think_tags` ORDER BY num desc LIMIT 10 [ RunTime:0.000000s ]
[ sql ] [ SQL ] SHOW COLUMNS FROM `think_article` [ RunTime:0.000000s ]
[ sql ] [ SQL ] SELECT `id`,`title`,`introduction`,`thumb` FROM `think_article` WHERE  `status` = 1 ORDER BY rand() LIMIT 3 [ RunTime:0.000000s ]
[ sql ] [ SQL ] SELECT `id`,`title`,`introduction`,`thumb` FROM `think_article` WHERE  `status` = 1 ORDER BY reading desc LIMIT 10 [ RunTime:0.000000s ]
[ sql ] [ SQL ] SELECT `id`,`title`,`cid`,`introduction`,`keywords`,`tag`,`is_top`,`is_good`,`photo`,`thumb`,`author`,`reading`,`status`,`publish_time`,`sort` FROM `think_article` WHERE  `status` = 1  AND `is_top` = 1 LIMIT 1 [ RunTime:0.000000s ]
[ sql ] [ SQL ] SHOW COLUMNS FROM `think_guestbook` [ RunTime:0.000000s ]
[ sql ] [ SQL ] SELECT * FROM `think_guestbook` WHERE  `status` = 1 LIMIT 4 [ RunTime:0.016600s ]
[ sql ] [ SQL ] SHOW COLUMNS FROM `think_nav` [ RunTime:0.001000s ]
[ sql ] [ SQL ] SELECT * FROM `think_nav` WHERE  `status` = 1 [ RunTime:0.000000s ]
[ sql ] [ SQL ] SELECT * FROM `think_article` WHERE  `id` = 38 LIMIT 1 [ RunTime:0.000000s ]
[ sql ] [ SQL ] UPDATE `think_article`  SET `reading`=reading+1  WHERE  `id` = 38 [ RunTime:0.163005s ]
[ sql ] [ SQL ] SELECT `id`,`name` FROM `think_category` [ RunTime:0.000000s ]
[ sql ] [ SQL ] SELECT `id`,`title` FROM `think_article` WHERE  `cid` = 1  AND (  id<38 ) ORDER BY id desc LIMIT 1 [ RunTime:0.017600s ]
[ sql ] [ SQL ] SELECT `id`,`title` FROM `think_article` WHERE  `cid` = 1  AND (  id>38 ) ORDER BY id asc LIMIT 1 [ RunTime:0.000000s ]
[ sql ] [ SQL ] SELECT `id`,`title` FROM `think_article` WHERE  `cid` = 1  AND `id` <> 38 ORDER BY id desc LIMIT 10 [ RunTime:0.000000s ]

---------------------------------------------------------------
[ 2018-04-10T20:17:28+08:00 ] 127.0.0.1 127.0.0.1 GET /
[ log ] dev.tp111.com/ [运行时间：0.186403s][吞吐率：5.36req/s] [内存消耗：3,465.98kb] [文件加载：60]
[ info ] [ LANG ] E:\tp55\thinkphp\lang\zh-cn.php
[ info ] [ ROUTE ] array (
  'type' => 'module',
  'module' => 
  array (
    0 => '',
    1 => NULL,
    2 => NULL,
  ),
)
[ info ] [ HEADER ] array (
  'host' => 'dev.tp111.com',
  'user-agent' => 'Mozilla/5.0 (Windows NT 6.1; Win64; x64; rv:59.0) Gecko/20100101 Firefox/59.0',
  'accept' => 'text/html,application/xhtml+xml,application/xml;q=0.9,*/*;q=0.8',
  'accept-language' => 'zh-CN,zh;q=0.8,zh-TW;q=0.7,zh-HK;q=0.5,en-US;q=0.3,en;q=0.2',
  'accept-encoding' => 'gzip, deflate',
  'referer' => 'http://dev.tp111.com/gb',
  'cookie' => 'PHPSESSID=gnsa2ci350md9qpdhccn8klvm6; thinkphp_show_page_trace=0|0',
  'connection' => 'keep-alive',
  'upgrade-insecure-requests' => '1',
)
[ info ] [ PARAM ] array (
)
[ info ] [ CACHE ] INIT File
[ info ] [ DB ] INIT mysql
[ info ] [ RUN ] app\index\controller\Index->index[ E:\tp55\application\index\controller\Index.php ]
[ info ] [ VIEW ] themes\index\index.html [ array (
  0 => 'site_config',
  1 => 'banner',
  2 => 'category',
  3 => 'links',
  4 => 'tags',
  5 => 'randarticle',
  6 => 'htorticle',
  7 => 'messageinfo',
  8 => 'nav',
  9 => 'currenturl',
  10 => 'toparticle',
  11 => 'category_level_list',
  12 => 'article_list',
  13 => 'getcategoryName',
) ]
[ info ] [ SESSION ] INIT array (
  'id' => '',
  'var_session_id' => '',
  'prefix' => 'think',
  'type' => '',
  'auto_start' => true,
)
[ info ] [ LOG ] INIT File
[ sql ] [ DB ] CONNECT:[ UseTime:0.000000s ] mysql:dbname=test;host=127.0.0.1;port=3306;charset=utf8
[ sql ] [ SQL ] SHOW COLUMNS FROM `think_system` [ RunTime:0.080401s ]
[ sql ] [ SQL ] SELECT `value` FROM `think_system` WHERE  `name` = 'site_config' LIMIT 1 [ RunTime:0.000000s ]
[ sql ] [ SQL ] SHOW COLUMNS FROM `think_advertising` [ RunTime:0.000000s ]
[ sql ] [ SQL ] SELECT * FROM `think_advertising` WHERE  `status` = 1 ORDER BY sort asc [ RunTime:0.000000s ]
[ sql ] [ SQL ] SHOW COLUMNS FROM `think_category` [ RunTime:0.000000s ]
[ sql ] [ SQL ] SELECT * FROM `think_category` WHERE  `type` = 1 [ RunTime:0.000000s ]
[ sql ] [ SQL ] SHOW COLUMNS FROM `think_links` [ RunTime:0.017600s ]
[ sql ] [ SQL ] SELECT * FROM `think_links` WHERE  `status` = 1 LIMIT 10 [ RunTime:0.000000s ]
[ sql ] [ SQL ] SHOW COLUMNS FROM `think_tags` [ RunTime:0.000000s ]
[ sql ] [ SQL ] SELECT * FROM `think_tags` ORDER BY num desc LIMIT 10 [ RunTime:0.000000s ]
[ sql ] [ SQL ] SHOW COLUMNS FROM `think_article` [ RunTime:0.000000s ]
[ sql ] [ SQL ] SELECT `id`,`title`,`introduction`,`thumb` FROM `think_article` WHERE  `status` = 1 ORDER BY rand() LIMIT 3 [ RunTime:0.000000s ]
[ sql ] [ SQL ] SELECT `id`,`title`,`introduction`,`thumb` FROM `think_article` WHERE  `status` = 1 ORDER BY reading desc LIMIT 10 [ RunTime:0.000000s ]
[ sql ] [ SQL ] SELECT `id`,`title`,`cid`,`introduction`,`keywords`,`tag`,`is_top`,`is_good`,`photo`,`thumb`,`author`,`reading`,`status`,`publish_time`,`sort` FROM `think_article` WHERE  `status` = 1  AND `is_top` = 1 LIMIT 1 [ RunTime:0.000000s ]
[ sql ] [ SQL ] SHOW COLUMNS FROM `think_guestbook` [ RunTime:0.002001s ]
[ sql ] [ SQL ] SELECT * FROM `think_guestbook` WHERE  `status` = 1 LIMIT 4 [ RunTime:0.000000s ]
[ sql ] [ SQL ] SHOW COLUMNS FROM `think_nav` [ RunTime:0.000000s ]
[ sql ] [ SQL ] SELECT * FROM `think_nav` WHERE  `status` = 1 [ RunTime:0.000000s ]
[ sql ] [ SQL ] SELECT * FROM `think_category` ORDER BY `sort`  DESC,`id`  ASC [ RunTime:0.000000s ]
[ sql ] [ SQL ] SELECT COUNT(*) AS tp_count FROM `think_article` WHERE  `status` = 1 LIMIT 1 [ RunTime:0.001000s ]
[ sql ] [ SQL ] SELECT `id`,`title`,`cid`,`introduction`,`tag`,`is_good`,`thumb`,`author`,`reading`,`status`,`publish_time`,`sort` FROM `think_article` WHERE  `status` = 1 ORDER BY id desc LIMIT 0,5 [ RunTime:0.002000s ]
[ sql ] [ SQL ] SELECT `id`,`name` FROM `think_category` [ RunTime:0.001000s ]

---------------------------------------------------------------
[ 2018-04-10T21:04:50+08:00 ] 127.0.0.1 127.0.0.1 GET /
[ log ] dev.tp111.com/ [运行时间：0.316019s][吞吐率：3.16req/s] [内存消耗：3,685.27kb] [文件加载：62]
[ info ] [ LANG ] E:\tp55\thinkphp\lang\zh-cn.php
[ info ] [ ROUTE ] array (
  'type' => 'module',
  'module' => 
  array (
    0 => '',
    1 => NULL,
    2 => NULL,
  ),
)
[ info ] [ HEADER ] array (
  'host' => 'dev.tp111.com',
  'connection' => 'keep-alive',
  'cache-control' => 'max-age=0',
  'upgrade-insecure-requests' => '1',
  'user-agent' => 'Mozilla/5.0 (Windows NT 6.1; WOW64) AppleWebKit/537.36 (KHTML, like Gecko) Chrome/65.0.3325.181 Safari/537.36',
  'accept' => 'text/html,application/xhtml+xml,application/xml;q=0.9,image/webp,image/apng,*/*;q=0.8',
  'referer' => 'http://dev.tp111.com/tell',
  'accept-encoding' => 'gzip, deflate',
  'accept-language' => 'zh-CN,zh;q=0.9,en;q=0.8',
  'cookie' => 'PHPSESSID=u9p8v0u8i2ebj4j1i7ubm7hra7; thinkphp_show_page_trace=0|0',
)
[ info ] [ PARAM ] array (
)
[ info ] [ CACHE ] INIT File
[ info ] [ DB ] INIT mysql
[ info ] [ RUN ] app\index\controller\Index->index[ E:\tp55\application\index\controller\Index.php ]
[ info ] [ VIEW ] themes\index\index.html [ array (
  0 => 'site_config',
  1 => 'banner',
  2 => 'category',
  3 => 'links',
  4 => 'tags',
  5 => 'randarticle',
  6 => 'htorticle',
  7 => 'messageinfo',
  8 => 'nav',
  9 => 'currenturl',
  10 => 'toparticle',
  11 => 'category_level_list',
  12 => 'article_list',
  13 => 'getcategoryName',
) ]
[ info ] [ SESSION ] INIT array (
  'id' => '',
  'var_session_id' => '',
  'prefix' => 'think',
  'type' => '',
  'auto_start' => true,
)
[ info ] [ LOG ] INIT File
[ sql ] [ DB ] CONNECT:[ UseTime:0.013001s ] mysql:dbname=test;host=127.0.0.1;port=3306;charset=utf8
[ sql ] [ SQL ] SHOW COLUMNS FROM `think_system` [ RunTime:0.096006s ]
[ sql ] [ SQL ] SELECT `value` FROM `think_system` WHERE  `name` = 'site_config' LIMIT 1 [ RunTime:0.002000s ]
[ sql ] [ SQL ] SHOW COLUMNS FROM `think_advertising` [ RunTime:0.003000s ]
[ sql ] [ SQL ] SELECT * FROM `think_advertising` WHERE  `status` = 1 ORDER BY sort asc [ RunTime:0.002000s ]
[ sql ] [ SQL ] SHOW COLUMNS FROM `think_category` [ RunTime:0.002001s ]
[ sql ] [ SQL ] SELECT * FROM `think_category` WHERE  `type` = 1 [ RunTime:0.002000s ]
[ sql ] [ SQL ] SHOW COLUMNS FROM `think_links` [ RunTime:0.002000s ]
[ sql ] [ SQL ] SELECT * FROM `think_links` WHERE  `status` = 1 LIMIT 10 [ RunTime:0.001000s ]
[ sql ] [ SQL ] SHOW COLUMNS FROM `think_tags` [ RunTime:0.002000s ]
[ sql ] [ SQL ] SELECT * FROM `think_tags` ORDER BY num desc LIMIT 10 [ RunTime:0.002000s ]
[ sql ] [ SQL ] SHOW COLUMNS FROM `think_article` [ RunTime:0.004000s ]
[ sql ] [ SQL ] SELECT `id`,`title`,`introduction`,`thumb` FROM `think_article` WHERE  `status` = 1 ORDER BY rand() LIMIT 3 [ RunTime:0.002000s ]
[ sql ] [ SQL ] SELECT `id`,`title`,`introduction`,`thumb` FROM `think_article` WHERE  `status` = 1 ORDER BY reading desc LIMIT 10 [ RunTime:0.002000s ]
[ sql ] [ SQL ] SELECT `id`,`title`,`cid`,`introduction`,`keywords`,`tag`,`is_top`,`is_good`,`photo`,`thumb`,`author`,`reading`,`status`,`publish_time`,`sort` FROM `think_article` WHERE  `status` = 1  AND `is_top` = 1 LIMIT 1 [ RunTime:0.001000s ]
[ sql ] [ SQL ] SHOW COLUMNS FROM `think_guestbook` [ RunTime:0.003001s ]
[ sql ] [ SQL ] SELECT * FROM `think_guestbook` WHERE  `status` = 1 LIMIT 4 [ RunTime:0.001000s ]
[ sql ] [ SQL ] SHOW COLUMNS FROM `think_nav` [ RunTime:0.002000s ]
[ sql ] [ SQL ] SELECT * FROM `think_nav` WHERE  `status` = 1 [ RunTime:0.001000s ]
[ sql ] [ SQL ] SELECT * FROM `think_category` ORDER BY `sort`  DESC,`id`  ASC [ RunTime:0.001000s ]
[ sql ] [ SQL ] SELECT COUNT(*) AS tp_count FROM `think_article` WHERE  `status` = 1 LIMIT 1 [ RunTime:0.001001s ]
[ sql ] [ SQL ] SELECT `id`,`title`,`cid`,`introduction`,`tag`,`is_good`,`thumb`,`author`,`reading`,`status`,`publish_time`,`sort` FROM `think_article` WHERE  `status` = 1 ORDER BY id desc LIMIT 0,5 [ RunTime:0.002000s ]
[ sql ] [ SQL ] SELECT `id`,`name` FROM `think_category` [ RunTime:0.001000s ]

---------------------------------------------------------------
[ 2018-04-10T21:50:37+08:00 ] 127.0.0.1 127.0.0.1 GET /tell
[ log ] dev.tp111.com/tell [运行时间：0.437025s][吞吐率：2.29req/s] [内存消耗：3,200.77kb] [文件加载：57]
[ info ] [ LANG ] E:\tp55\thinkphp\lang\zh-cn.php
[ info ] [ ROUTE ] array (
  'type' => 'module',
  'module' => 
  array (
    0 => NULL,
    1 => 'tell',
    2 => 'index',
  ),
  'convert' => false,
)
[ info ] [ HEADER ] array (
  'host' => 'dev.tp111.com',
  'connection' => 'keep-alive',
  'upgrade-insecure-requests' => '1',
  'user-agent' => 'Mozilla/5.0 (Windows NT 6.1; WOW64) AppleWebKit/537.36 (KHTML, like Gecko) Chrome/65.0.3325.181 Safari/537.36',
  'accept' => 'text/html,application/xhtml+xml,application/xml;q=0.9,image/webp,image/apng,*/*;q=0.8',
  'referer' => 'http://dev.tp111.com/',
  'accept-encoding' => 'gzip, deflate',
  'accept-language' => 'zh-CN,zh;q=0.9,en;q=0.8',
  'cookie' => 'PHPSESSID=u9p8v0u8i2ebj4j1i7ubm7hra7; thinkphp_show_page_trace=0|0',
)
[ info ] [ PARAM ] array (
  '/tell' => '',
  'name' => '',
)
[ info ] [ CACHE ] INIT File
[ info ] [ DB ] INIT mysql
[ info ] [ RUN ] app\index\controller\Tell->index[ E:\tp55\application\index\controller\Tell.php ]
[ info ] [ VIEW ] themes\tell\index.html [ array (
  0 => 'site_config',
  1 => 'banner',
  2 => 'category',
  3 => 'links',
  4 => 'tags',
  5 => 'randarticle',
  6 => 'htorticle',
  7 => 'messageinfo',
  8 => 'nav',
  9 => 'currenturl',
  10 => 'toparticle',
  11 => 'tell_list',
) ]
[ info ] [ SESSION ] INIT array (
  'id' => '',
  'var_session_id' => '',
  'prefix' => 'think',
  'type' => '',
  'auto_start' => true,
)
[ info ] [ LOG ] INIT File
[ sql ] [ DB ] CONNECT:[ UseTime:0.013000s ] mysql:dbname=test;host=127.0.0.1;port=3306;charset=utf8
[ sql ] [ SQL ] SHOW COLUMNS FROM `think_system` [ RunTime:0.030002s ]
[ sql ] [ SQL ] SELECT `value` FROM `think_system` WHERE  `name` = 'site_config' LIMIT 1 [ RunTime:0.001000s ]
[ sql ] [ SQL ] SHOW COLUMNS FROM `think_advertising` [ RunTime:0.001000s ]
[ sql ] [ SQL ] SELECT * FROM `think_advertising` WHERE  `status` = 1 ORDER BY sort asc [ RunTime:0.001000s ]
[ sql ] [ SQL ] SHOW COLUMNS FROM `think_category` [ RunTime:0.001000s ]
[ sql ] [ SQL ] SELECT * FROM `think_category` WHERE  `type` = 1 [ RunTime:0.001000s ]
[ sql ] [ SQL ] SHOW COLUMNS FROM `think_links` [ RunTime:0.002000s ]
[ sql ] [ SQL ] SELECT * FROM `think_links` WHERE  `status` = 1 LIMIT 10 [ RunTime:0.001000s ]
[ sql ] [ SQL ] SHOW COLUMNS FROM `think_tags` [ RunTime:0.001000s ]
[ sql ] [ SQL ] SELECT * FROM `think_tags` ORDER BY num desc LIMIT 10 [ RunTime:0.001000s ]
[ sql ] [ SQL ] SHOW COLUMNS FROM `think_article` [ RunTime:0.002000s ]
[ sql ] [ SQL ] SELECT `id`,`title`,`introduction`,`thumb` FROM `think_article` WHERE  `status` = 1 ORDER BY rand() LIMIT 3 [ RunTime:0.001000s ]
[ sql ] [ SQL ] SELECT `id`,`title`,`introduction`,`thumb` FROM `think_article` WHERE  `status` = 1 ORDER BY reading desc LIMIT 10 [ RunTime:0.001000s ]
[ sql ] [ SQL ] SELECT `id`,`title`,`cid`,`introduction`,`keywords`,`tag`,`is_top`,`is_good`,`photo`,`thumb`,`author`,`reading`,`status`,`publish_time`,`sort` FROM `think_article` WHERE  `status` = 1  AND `is_top` = 1 LIMIT 1 [ RunTime:0.001000s ]
[ sql ] [ SQL ] SHOW COLUMNS FROM `think_guestbook` [ RunTime:0.002000s ]
[ sql ] [ SQL ] SELECT * FROM `think_guestbook` WHERE  `status` = 1 LIMIT 4 [ RunTime:0.001000s ]
[ sql ] [ SQL ] SHOW COLUMNS FROM `think_nav` [ RunTime:0.001000s ]
[ sql ] [ SQL ] SELECT * FROM `think_nav` WHERE  `status` = 1 [ RunTime:0.001000s ]
[ sql ] [ SQL ] SHOW COLUMNS FROM `think_tell` [ RunTime:0.030002s ]
[ sql ] [ SQL ] SELECT COUNT(*) AS tp_count FROM `think_tell` `a` RIGHT JOIN `think_admin_user` `u` ON `a`.`tellid`=`u`.`id` WHERE  `a`.`status` = 1 LIMIT 1 [ RunTime:0.187011s ]
[ sql ] [ SQL ] SELECT * FROM `think_tell` `a` RIGHT JOIN `think_admin_user` `u` ON `a`.`tellid`=`u`.`id` WHERE  `a`.`status` = 1 ORDER BY a.id desc LIMIT 0,15 [ RunTime:0.001000s ]

---------------------------------------------------------------
[ 2018-04-10T21:56:21+08:00 ] 127.0.0.1 127.0.0.1 GET /gb
[ log ] dev.tp111.com/gb [运行时间：0.237013s][吞吐率：4.22req/s] [内存消耗：3,212.63kb] [文件加载：57]
[ info ] [ LANG ] E:\tp55\thinkphp\lang\zh-cn.php
[ info ] [ ROUTE ] array (
  'type' => 'module',
  'module' => 
  array (
    0 => NULL,
    1 => 'gb',
    2 => 'index',
  ),
  'convert' => false,
)
[ info ] [ HEADER ] array (
  'host' => 'dev.tp111.com',
  'connection' => 'keep-alive',
  'upgrade-insecure-requests' => '1',
  'user-agent' => 'Mozilla/5.0 (Windows NT 6.1; WOW64) AppleWebKit/537.36 (KHTML, like Gecko) Chrome/65.0.3325.181 Safari/537.36',
  'accept' => 'text/html,application/xhtml+xml,application/xml;q=0.9,image/webp,image/apng,*/*;q=0.8',
  'referer' => 'http://dev.tp111.com/tell',
  'accept-encoding' => 'gzip, deflate',
  'accept-language' => 'zh-CN,zh;q=0.9,en;q=0.8',
  'cookie' => 'PHPSESSID=u9p8v0u8i2ebj4j1i7ubm7hra7; thinkphp_show_page_trace=0|0',
)
[ info ] [ PARAM ] array (
  '/gb' => '',
  'name' => '',
)
[ info ] [ CACHE ] INIT File
[ info ] [ DB ] INIT mysql
[ info ] [ RUN ] app\index\controller\Gb->index[ E:\tp55\application\index\controller\Gb.php ]
[ info ] [ VIEW ] themes\gb\index.html [ array (
  0 => 'site_config',
  1 => 'banner',
  2 => 'category',
  3 => 'links',
  4 => 'tags',
  5 => 'randarticle',
  6 => 'htorticle',
  7 => 'messageinfo',
  8 => 'nav',
  9 => 'currenturl',
  10 => 'toparticle',
  11 => 'tell_list',
) ]
[ info ] [ SESSION ] INIT array (
  'id' => '',
  'var_session_id' => '',
  'prefix' => 'think',
  'type' => '',
  'auto_start' => true,
)
[ info ] [ LOG ] INIT File
[ sql ] [ DB ] CONNECT:[ UseTime:0.013001s ] mysql:dbname=test;host=127.0.0.1;port=3306;charset=utf8
[ sql ] [ SQL ] SHOW COLUMNS FROM `think_system` [ RunTime:0.039002s ]
[ sql ] [ SQL ] SELECT `value` FROM `think_system` WHERE  `name` = 'site_config' LIMIT 1 [ RunTime:0.001000s ]
[ sql ] [ SQL ] SHOW COLUMNS FROM `think_advertising` [ RunTime:0.001000s ]
[ sql ] [ SQL ] SELECT * FROM `think_advertising` WHERE  `status` = 1 ORDER BY sort asc [ RunTime:0.011000s ]
[ sql ] [ SQL ] SHOW COLUMNS FROM `think_category` [ RunTime:0.001000s ]
[ sql ] [ SQL ] SELECT * FROM `think_category` WHERE  `type` = 1 [ RunTime:0.001000s ]
[ sql ] [ SQL ] SHOW COLUMNS FROM `think_links` [ RunTime:0.001000s ]
[ sql ] [ SQL ] SELECT * FROM `think_links` WHERE  `status` = 1 LIMIT 10 [ RunTime:0.001000s ]
[ sql ] [ SQL ] SHOW COLUMNS FROM `think_tags` [ RunTime:0.001000s ]
[ sql ] [ SQL ] SELECT * FROM `think_tags` ORDER BY num desc LIMIT 10 [ RunTime:0.001000s ]
[ sql ] [ SQL ] SHOW COLUMNS FROM `think_article` [ RunTime:0.002000s ]
[ sql ] [ SQL ] SELECT `id`,`title`,`introduction`,`thumb` FROM `think_article` WHERE  `status` = 1 ORDER BY rand() LIMIT 3 [ RunTime:0.001000s ]
[ sql ] [ SQL ] SELECT `id`,`title`,`introduction`,`thumb` FROM `think_article` WHERE  `status` = 1 ORDER BY reading desc LIMIT 10 [ RunTime:0.001000s ]
[ sql ] [ SQL ] SELECT `id`,`title`,`cid`,`introduction`,`keywords`,`tag`,`is_top`,`is_good`,`photo`,`thumb`,`author`,`reading`,`status`,`publish_time`,`sort` FROM `think_article` WHERE  `status` = 1  AND `is_top` = 1 LIMIT 1 [ RunTime:0.001000s ]
[ sql ] [ SQL ] SHOW COLUMNS FROM `think_guestbook` [ RunTime:0.001000s ]
[ sql ] [ SQL ] SELECT * FROM `think_guestbook` WHERE  `status` = 1 LIMIT 4 [ RunTime:0.001000s ]
[ sql ] [ SQL ] SHOW COLUMNS FROM `think_nav` [ RunTime:0.001000s ]
[ sql ] [ SQL ] SELECT * FROM `think_nav` WHERE  `status` = 1 [ RunTime:0.001000s ]
[ sql ] [ SQL ] SELECT COUNT(*) AS tp_count FROM `think_guestbook` WHERE  `status` = 1 LIMIT 1 [ RunTime:0.001000s ]
[ sql ] [ SQL ] SELECT * FROM `think_guestbook` WHERE  `status` = 1 ORDER BY id desc LIMIT 0,10 [ RunTime:0.001000s ]

---------------------------------------------------------------
[ 2018-04-10T21:56:21+08:00 ] 127.0.0.1 127.0.0.1 GET /captcha.html
[ log ] dev.tp111.com/captcha.html [运行时间：0.161009s][吞吐率：6.21req/s] [内存消耗：1,610.15kb] [文件加载：34]
[ info ] [ LANG ] E:\tp55\thinkphp\lang\zh-cn.php
[ info ] [ ROUTE ] array (
  'type' => 'method',
  'method' => 
  array (
    0 => '\\think\\captcha\\CaptchaController',
    1 => 'index',
  ),
)
[ info ] [ HEADER ] array (
  'host' => 'dev.tp111.com',
  'connection' => 'keep-alive',
  'user-agent' => 'Mozilla/5.0 (Windows NT 6.1; WOW64) AppleWebKit/537.36 (KHTML, like Gecko) Chrome/65.0.3325.181 Safari/537.36',
  'accept' => 'image/webp,image/apng,image/*,*/*;q=0.8',
  'referer' => 'http://dev.tp111.com/gb',
  'accept-encoding' => 'gzip, deflate',
  'accept-language' => 'zh-CN,zh;q=0.9,en;q=0.8',
  'cookie' => 'PHPSESSID=u9p8v0u8i2ebj4j1i7ubm7hra7; thinkphp_show_page_trace=0|0',
)
[ info ] [ PARAM ] array (
  '/captcha_html' => '',
  'id' => '',
)
[ info ] [ RUN ] think\captcha\CaptchaController->index[ E:\tp55\vendor\topthink\think-captcha\src\CaptchaController.php ]
[ info ] [ SESSION ] INIT array (
  'id' => '',
  'var_session_id' => '',
  'prefix' => 'think',
  'type' => '',
  'auto_start' => true,
)
[ info ] [ LOG ] INIT File

---------------------------------------------------------------
[ 2018-04-10T22:19:49+08:00 ] 127.0.0.1 127.0.0.1 GET /gb
[ log ] dev.tp111.com/gb [运行时间：0.186010s][吞吐率：5.38req/s] [内存消耗：3,435.55kb] [文件加载：59]
[ info ] [ LANG ] E:\tp55\thinkphp\lang\zh-cn.php
[ info ] [ ROUTE ] array (
  'type' => 'module',
  'module' => 
  array (
    0 => NULL,
    1 => 'gb',
    2 => 'index',
  ),
  'convert' => false,
)
[ info ] [ HEADER ] array (
  'host' => 'dev.tp111.com',
  'connection' => 'keep-alive',
  'cache-control' => 'max-age=0',
  'upgrade-insecure-requests' => '1',
  'user-agent' => 'Mozilla/5.0 (Windows NT 6.1; WOW64) AppleWebKit/537.36 (KHTML, like Gecko) Chrome/65.0.3325.181 Safari/537.36',
  'accept' => 'text/html,application/xhtml+xml,application/xml;q=0.9,image/webp,image/apng,*/*;q=0.8',
  'referer' => 'http://dev.tp111.com/tell',
  'accept-encoding' => 'gzip, deflate',
  'accept-language' => 'zh-CN,zh;q=0.9,en;q=0.8',
  'cookie' => 'PHPSESSID=u9p8v0u8i2ebj4j1i7ubm7hra7; thinkphp_show_page_trace=0|0',
)
[ info ] [ PARAM ] array (
  '/gb' => '',
  'name' => '',
)
[ info ] [ CACHE ] INIT File
[ info ] [ DB ] INIT mysql
[ info ] [ RUN ] app\index\controller\Gb->index[ E:\tp55\application\index\controller\Gb.php ]
[ info ] [ VIEW ] themes\gb\index.html [ array (
  0 => 'site_config',
  1 => 'banner',
  2 => 'category',
  3 => 'links',
  4 => 'tags',
  5 => 'randarticle',
  6 => 'htorticle',
  7 => 'messageinfo',
  8 => 'nav',
  9 => 'currenturl',
  10 => 'toparticle',
  11 => 'tell_list',
) ]
[ info ] [ SESSION ] INIT array (
  'id' => '',
  'var_session_id' => '',
  'prefix' => 'think',
  'type' => '',
  'auto_start' => true,
)
[ info ] [ LOG ] INIT File
[ sql ] [ DB ] CONNECT:[ UseTime:0.020001s ] mysql:dbname=test;host=127.0.0.1;port=3306;charset=utf8
[ sql ] [ SQL ] SHOW COLUMNS FROM `think_system` [ RunTime:0.033002s ]
[ sql ] [ SQL ] SELECT `value` FROM `think_system` WHERE  `name` = 'site_config' LIMIT 1 [ RunTime:0.001000s ]
[ sql ] [ SQL ] SHOW COLUMNS FROM `think_advertising` [ RunTime:0.002000s ]
[ sql ] [ SQL ] SELECT * FROM `think_advertising` WHERE  `status` = 1 ORDER BY sort asc [ RunTime:0.001000s ]
[ sql ] [ SQL ] SHOW COLUMNS FROM `think_category` [ RunTime:0.002001s ]
[ sql ] [ SQL ] SELECT * FROM `think_category` WHERE  `type` = 1 [ RunTime:0.001000s ]
[ sql ] [ SQL ] SHOW COLUMNS FROM `think_links` [ RunTime:0.002000s ]
[ sql ] [ SQL ] SELECT * FROM `think_links` WHERE  `status` = 1 LIMIT 10 [ RunTime:0.000000s ]
[ sql ] [ SQL ] SHOW COLUMNS FROM `think_tags` [ RunTime:0.001000s ]
[ sql ] [ SQL ] SELECT * FROM `think_tags` ORDER BY num desc LIMIT 10 [ RunTime:0.001000s ]
[ sql ] [ SQL ] SHOW COLUMNS FROM `think_article` [ RunTime:0.002000s ]
[ sql ] [ SQL ] SELECT `id`,`title`,`introduction`,`thumb` FROM `think_article` WHERE  `status` = 1 ORDER BY rand() LIMIT 3 [ RunTime:0.001000s ]
[ sql ] [ SQL ] SELECT `id`,`title`,`introduction`,`thumb` FROM `think_article` WHERE  `status` = 1 ORDER BY reading desc LIMIT 10 [ RunTime:0.001000s ]
[ sql ] [ SQL ] SELECT `id`,`title`,`cid`,`introduction`,`keywords`,`tag`,`is_top`,`is_good`,`photo`,`thumb`,`author`,`reading`,`status`,`publish_time`,`sort` FROM `think_article` WHERE  `status` = 1  AND `is_top` = 1 LIMIT 1 [ RunTime:0.001001s ]
[ sql ] [ SQL ] SHOW COLUMNS FROM `think_guestbook` [ RunTime:0.002000s ]
[ sql ] [ SQL ] SELECT * FROM `think_guestbook` WHERE  `status` = 1 LIMIT 4 [ RunTime:0.002000s ]
[ sql ] [ SQL ] SHOW COLUMNS FROM `think_nav` [ RunTime:0.001000s ]
[ sql ] [ SQL ] SELECT * FROM `think_nav` WHERE  `status` = 1 [ RunTime:0.001000s ]
[ sql ] [ SQL ] SELECT COUNT(*) AS tp_count FROM `think_guestbook` WHERE  `status` = 1 LIMIT 1 [ RunTime:0.001000s ]
[ sql ] [ SQL ] SELECT * FROM `think_guestbook` WHERE  `status` = 1 ORDER BY id desc LIMIT 0,10 [ RunTime:0.002000s ]

---------------------------------------------------------------
[ 2018-04-10T22:19:49+08:00 ] 127.0.0.1 127.0.0.1 GET /captcha.html
[ log ] dev.tp111.com/captcha.html [运行时间：0.052003s][吞吐率：19.23req/s] [内存消耗：1,610.15kb] [文件加载：34]
[ info ] [ LANG ] E:\tp55\thinkphp\lang\zh-cn.php
[ info ] [ ROUTE ] array (
  'type' => 'method',
  'method' => 
  array (
    0 => '\\think\\captcha\\CaptchaController',
    1 => 'index',
  ),
)
[ info ] [ HEADER ] array (
  'host' => 'dev.tp111.com',
  'connection' => 'keep-alive',
  'user-agent' => 'Mozilla/5.0 (Windows NT 6.1; WOW64) AppleWebKit/537.36 (KHTML, like Gecko) Chrome/65.0.3325.181 Safari/537.36',
  'accept' => 'image/webp,image/apng,image/*,*/*;q=0.8',
  'referer' => 'http://dev.tp111.com/gb',
  'accept-encoding' => 'gzip, deflate',
  'accept-language' => 'zh-CN,zh;q=0.9,en;q=0.8',
  'cookie' => 'PHPSESSID=u9p8v0u8i2ebj4j1i7ubm7hra7; thinkphp_show_page_trace=0|0',
)
[ info ] [ PARAM ] array (
  '/captcha_html' => '',
  'id' => '',
)
[ info ] [ RUN ] think\captcha\CaptchaController->index[ E:\tp55\vendor\topthink\think-captcha\src\CaptchaController.php ]
[ info ] [ SESSION ] INIT array (
  'id' => '',
  'var_session_id' => '',
  'prefix' => 'think',
  'type' => '',
  'auto_start' => true,
)
[ info ] [ LOG ] INIT File

---------------------------------------------------------------
[ 2018-04-10T23:18:50+08:00 ] 127.0.0.1 127.0.0.1 GET /fk
[ log ] dev.tp111.com/fk [运行时间：0.202003s][吞吐率：4.95req/s] [内存消耗：3,300.87kb] [文件加载：57]
[ info ] [ LANG ] E:\tp55\thinkphp\lang\zh-cn.php
[ info ] [ ROUTE ] array (
  'type' => 'module',
  'module' => 
  array (
    0 => NULL,
    1 => 'fk',
    2 => 'index',
  ),
  'convert' => false,
)
[ info ] [ HEADER ] array (
  'host' => 'dev.tp111.com',
  'user-agent' => 'Mozilla/5.0 (Windows NT 6.1; Win64; x64; rv:59.0) Gecko/20100101 Firefox/59.0',
  'accept' => 'text/html,application/xhtml+xml,application/xml;q=0.9,*/*;q=0.8',
  'accept-language' => 'zh-CN,zh;q=0.8,zh-TW;q=0.7,zh-HK;q=0.5,en-US;q=0.3,en;q=0.2',
  'accept-encoding' => 'gzip, deflate',
  'referer' => 'http://dev.tp111.com/',
  'cookie' => 'PHPSESSID=gnsa2ci350md9qpdhccn8klvm6; thinkphp_show_page_trace=0|0',
  'connection' => 'keep-alive',
  'upgrade-insecure-requests' => '1',
)
[ info ] [ PARAM ] array (
  '/fk' => '',
  'name' => '',
)
[ info ] [ CACHE ] INIT File
[ info ] [ DB ] INIT mysql
[ info ] [ RUN ] app\index\controller\Fk->index[ E:\tp55\application\index\controller\Fk.php ]
[ info ] [ VIEW ] themes\fk\index.html [ array (
  0 => 'site_config',
  1 => 'banner',
  2 => 'category',
  3 => 'links',
  4 => 'tags',
  5 => 'randarticle',
  6 => 'htorticle',
  7 => 'messageinfo',
  8 => 'nav',
  9 => 'currenturl',
  10 => 'toparticle',
  11 => 'login_number',
  12 => 'userlogin_list',
) ]
[ info ] [ SESSION ] INIT array (
  'id' => '',
  'var_session_id' => '',
  'prefix' => 'think',
  'type' => '',
  'auto_start' => true,
)
[ info ] [ LOG ] INIT File
[ sql ] [ DB ] CONNECT:[ UseTime:0.017600s ] mysql:dbname=test;host=127.0.0.1;port=3306;charset=utf8
[ sql ] [ SQL ] SHOW COLUMNS FROM `think_system` [ RunTime:0.017601s ]
[ sql ] [ SQL ] SELECT `value` FROM `think_system` WHERE  `name` = 'site_config' LIMIT 1 [ RunTime:0.000000s ]
[ sql ] [ SQL ] SHOW COLUMNS FROM `think_advertising` [ RunTime:0.000000s ]
[ sql ] [ SQL ] SELECT * FROM `think_advertising` WHERE  `status` = 1 ORDER BY sort asc [ RunTime:0.000000s ]
[ sql ] [ SQL ] SHOW COLUMNS FROM `think_category` [ RunTime:0.000000s ]
[ sql ] [ SQL ] SELECT * FROM `think_category` WHERE  `type` = 1 [ RunTime:0.000000s ]
[ sql ] [ SQL ] SHOW COLUMNS FROM `think_links` [ RunTime:0.000000s ]
[ sql ] [ SQL ] SELECT * FROM `think_links` WHERE  `status` = 1 LIMIT 10 [ RunTime:0.000000s ]
[ sql ] [ SQL ] SHOW COLUMNS FROM `think_tags` [ RunTime:0.017600s ]
[ sql ] [ SQL ] SELECT * FROM `think_tags` ORDER BY num desc LIMIT 10 [ RunTime:0.000000s ]
[ sql ] [ SQL ] SHOW COLUMNS FROM `think_article` [ RunTime:0.000000s ]
[ sql ] [ SQL ] SELECT `id`,`title`,`introduction`,`thumb` FROM `think_article` WHERE  `status` = 1 ORDER BY rand() LIMIT 3 [ RunTime:0.000000s ]
[ sql ] [ SQL ] SELECT `id`,`title`,`introduction`,`thumb` FROM `think_article` WHERE  `status` = 1 ORDER BY reading desc LIMIT 10 [ RunTime:0.000000s ]
[ sql ] [ SQL ] SELECT `id`,`title`,`cid`,`introduction`,`keywords`,`tag`,`is_top`,`is_good`,`photo`,`thumb`,`author`,`reading`,`status`,`publish_time`,`sort` FROM `think_article` WHERE  `status` = 1  AND `is_top` = 1 LIMIT 1 [ RunTime:0.000000s ]
[ sql ] [ SQL ] SHOW COLUMNS FROM `think_guestbook` [ RunTime:0.000000s ]
[ sql ] [ SQL ] SELECT * FROM `think_guestbook` WHERE  `status` = 1 LIMIT 4 [ RunTime:0.000000s ]
[ sql ] [ SQL ] SHOW COLUMNS FROM `think_nav` [ RunTime:0.000000s ]
[ sql ] [ SQL ] SELECT * FROM `think_nav` WHERE  `status` = 1 [ RunTime:0.002000s ]
[ sql ] [ SQL ] SHOW COLUMNS FROM `think_user` [ RunTime:0.023600s ]
[ sql ] [ SQL ] SELECT `id` FROM `think_user` [ RunTime:0.001000s ]
[ sql ] [ SQL ] SELECT COUNT(*) AS tp_count FROM `think_user` WHERE  `status` = 1 LIMIT 1 [ RunTime:0.015000s ]
[ sql ] [ SQL ] SELECT * FROM `think_user` WHERE  `status` = 1 ORDER BY id desc LIMIT 0,100 [ RunTime:0.001000s ]

---------------------------------------------------------------
[ 2018-04-10T23:31:06+08:00 ] 127.0.0.1 127.0.0.1 GET /fk
[ log ] dev.tp111.com/fk [运行时间：0.173807s][吞吐率：5.75req/s] [内存消耗：3,301.28kb] [文件加载：57]
[ info ] [ LANG ] E:\tp55\thinkphp\lang\zh-cn.php
[ info ] [ ROUTE ] array (
  'type' => 'module',
  'module' => 
  array (
    0 => NULL,
    1 => 'fk',
    2 => 'index',
  ),
  'convert' => false,
)
[ info ] [ HEADER ] array (
  'host' => 'dev.tp111.com',
  'user-agent' => 'Mozilla/5.0 (Windows NT 6.1; Win64; x64; rv:59.0) Gecko/20100101 Firefox/59.0',
  'accept' => 'text/html,application/xhtml+xml,application/xml;q=0.9,*/*;q=0.8',
  'accept-language' => 'zh-CN,zh;q=0.8,zh-TW;q=0.7,zh-HK;q=0.5,en-US;q=0.3,en;q=0.2',
  'accept-encoding' => 'gzip, deflate',
  'referer' => 'http://dev.tp111.com/',
  'cookie' => 'PHPSESSID=gnsa2ci350md9qpdhccn8klvm6; thinkphp_show_page_trace=0|0',
  'connection' => 'keep-alive',
  'upgrade-insecure-requests' => '1',
  'cache-control' => 'max-age=0',
)
[ info ] [ PARAM ] array (
  '/fk' => '',
  'name' => '',
)
[ info ] [ CACHE ] INIT File
[ info ] [ DB ] INIT mysql
[ info ] [ RUN ] app\index\controller\Fk->index[ E:\tp55\application\index\controller\Fk.php ]
[ info ] [ VIEW ] themes\fk\index.html [ array (
  0 => 'site_config',
  1 => 'banner',
  2 => 'category',
  3 => 'links',
  4 => 'tags',
  5 => 'randarticle',
  6 => 'htorticle',
  7 => 'messageinfo',
  8 => 'nav',
  9 => 'currenturl',
  10 => 'toparticle',
  11 => 'login_number',
  12 => 'userlogin_list',
) ]
[ info ] [ SESSION ] INIT array (
  'id' => '',
  'var_session_id' => '',
  'prefix' => 'think',
  'type' => '',
  'auto_start' => true,
)
[ info ] [ LOG ] INIT File
[ sql ] [ DB ] CONNECT:[ UseTime:0.010001s ] mysql:dbname=test;host=127.0.0.1;port=3306;charset=utf8
[ sql ] [ SQL ] SHOW COLUMNS FROM `think_system` [ RunTime:0.007000s ]
[ sql ] [ SQL ] SELECT `value` FROM `think_system` WHERE  `name` = 'site_config' LIMIT 1 [ RunTime:0.001000s ]
[ sql ] [ SQL ] SHOW COLUMNS FROM `think_advertising` [ RunTime:0.001000s ]
[ sql ] [ SQL ] SELECT * FROM `think_advertising` WHERE  `status` = 1 ORDER BY sort asc [ RunTime:0.001000s ]
[ sql ] [ SQL ] SHOW COLUMNS FROM `think_category` [ RunTime:0.001000s ]
[ sql ] [ SQL ] SELECT * FROM `think_category` WHERE  `type` = 1 [ RunTime:0.001000s ]
[ sql ] [ SQL ] SHOW COLUMNS FROM `think_links` [ RunTime:0.001001s ]
[ sql ] [ SQL ] SELECT * FROM `think_links` WHERE  `status` = 1 LIMIT 10 [ RunTime:0.001000s ]
[ sql ] [ SQL ] SHOW COLUMNS FROM `think_tags` [ RunTime:0.001000s ]
[ sql ] [ SQL ] SELECT * FROM `think_tags` ORDER BY num desc LIMIT 10 [ RunTime:0.001000s ]
[ sql ] [ SQL ] SHOW COLUMNS FROM `think_article` [ RunTime:0.001000s ]
[ sql ] [ SQL ] SELECT `id`,`title`,`introduction`,`thumb` FROM `think_article` WHERE  `status` = 1 ORDER BY rand() LIMIT 3 [ RunTime:0.001000s ]
[ sql ] [ SQL ] SELECT `id`,`title`,`introduction`,`thumb` FROM `think_article` WHERE  `status` = 1 ORDER BY reading desc LIMIT 10 [ RunTime:0.001000s ]
[ sql ] [ SQL ] SELECT `id`,`title`,`cid`,`introduction`,`keywords`,`tag`,`is_top`,`is_good`,`photo`,`thumb`,`author`,`reading`,`status`,`publish_time`,`sort` FROM `think_article` WHERE  `status` = 1  AND `is_top` = 1 LIMIT 1 [ RunTime:0.001000s ]
[ sql ] [ SQL ] SHOW COLUMNS FROM `think_guestbook` [ RunTime:0.001000s ]
[ sql ] [ SQL ] SELECT * FROM `think_guestbook` WHERE  `status` = 1 LIMIT 4 [ RunTime:0.000000s ]
[ sql ] [ SQL ] SHOW COLUMNS FROM `think_nav` [ RunTime:0.001000s ]
[ sql ] [ SQL ] SELECT * FROM `think_nav` WHERE  `status` = 1 [ RunTime:0.000000s ]
[ sql ] [ SQL ] SHOW COLUMNS FROM `think_user` [ RunTime:0.000000s ]
[ sql ] [ SQL ] SELECT `id` FROM `think_user` [ RunTime:0.000000s ]
[ sql ] [ SQL ] SELECT COUNT(*) AS tp_count FROM `think_user` WHERE  `status` = 1 LIMIT 1 [ RunTime:0.000000s ]
[ sql ] [ SQL ] SELECT * FROM `think_user` WHERE  `status` = 1 ORDER BY id desc LIMIT 0,100 [ RunTime:0.000000s ]

---------------------------------------------------------------
[ 2018-04-10T23:31:40+08:00 ] 127.0.0.1 127.0.0.1 GET /
[ log ] dev.tp111.com/ [运行时间：0.170001s][吞吐率：5.88req/s] [内存消耗：3,685.05kb] [文件加载：62]
[ info ] [ LANG ] E:\tp55\thinkphp\lang\zh-cn.php
[ info ] [ ROUTE ] array (
  'type' => 'module',
  'module' => 
  array (
    0 => '',
    1 => NULL,
    2 => NULL,
  ),
)
[ info ] [ HEADER ] array (
  'host' => 'dev.tp111.com',
  'user-agent' => 'Mozilla/5.0 (Windows NT 6.1; Win64; x64; rv:59.0) Gecko/20100101 Firefox/59.0',
  'accept' => 'text/html,application/xhtml+xml,application/xml;q=0.9,*/*;q=0.8',
  'accept-language' => 'zh-CN,zh;q=0.8,zh-TW;q=0.7,zh-HK;q=0.5,en-US;q=0.3,en;q=0.2',
  'accept-encoding' => 'gzip, deflate',
  'referer' => 'http://dev.tp111.com/fk',
  'cookie' => 'PHPSESSID=gnsa2ci350md9qpdhccn8klvm6; thinkphp_show_page_trace=0|0',
  'connection' => 'keep-alive',
  'upgrade-insecure-requests' => '1',
)
[ info ] [ PARAM ] array (
)
[ info ] [ CACHE ] INIT File
[ info ] [ DB ] INIT mysql
[ info ] [ RUN ] app\index\controller\Index->index[ E:\tp55\application\index\controller\Index.php ]
[ info ] [ VIEW ] themes\index\index.html [ array (
  0 => 'site_config',
  1 => 'banner',
  2 => 'category',
  3 => 'links',
  4 => 'tags',
  5 => 'randarticle',
  6 => 'htorticle',
  7 => 'messageinfo',
  8 => 'nav',
  9 => 'currenturl',
  10 => 'toparticle',
  11 => 'category_level_list',
  12 => 'article_list',
  13 => 'getcategoryName',
) ]
[ info ] [ SESSION ] INIT array (
  'id' => '',
  'var_session_id' => '',
  'prefix' => 'think',
  'type' => '',
  'auto_start' => true,
)
[ info ] [ LOG ] INIT File
[ sql ] [ DB ] CONNECT:[ UseTime:0.000000s ] mysql:dbname=test;host=127.0.0.1;port=3306;charset=utf8
[ sql ] [ SQL ] SHOW COLUMNS FROM `think_system` [ RunTime:0.035201s ]
[ sql ] [ SQL ] SELECT `value` FROM `think_system` WHERE  `name` = 'site_config' LIMIT 1 [ RunTime:0.000000s ]
[ sql ] [ SQL ] SHOW COLUMNS FROM `think_advertising` [ RunTime:0.000000s ]
[ sql ] [ SQL ] SELECT * FROM `think_advertising` WHERE  `status` = 1 ORDER BY sort asc [ RunTime:0.000000s ]
[ sql ] [ SQL ] SHOW COLUMNS FROM `think_category` [ RunTime:0.000000s ]
[ sql ] [ SQL ] SELECT * FROM `think_category` WHERE  `type` = 1 [ RunTime:0.000000s ]
[ sql ] [ SQL ] SHOW COLUMNS FROM `think_links` [ RunTime:0.000000s ]
[ sql ] [ SQL ] SELECT * FROM `think_links` WHERE  `status` = 1 LIMIT 10 [ RunTime:0.000000s ]
[ sql ] [ SQL ] SHOW COLUMNS FROM `think_tags` [ RunTime:0.000000s ]
[ sql ] [ SQL ] SELECT * FROM `think_tags` ORDER BY num desc LIMIT 10 [ RunTime:0.000000s ]
[ sql ] [ SQL ] SHOW COLUMNS FROM `think_article` [ RunTime:0.001000s ]
[ sql ] [ SQL ] SELECT `id`,`title`,`introduction`,`thumb` FROM `think_article` WHERE  `status` = 1 ORDER BY rand() LIMIT 3 [ RunTime:0.000000s ]
[ sql ] [ SQL ] SELECT `id`,`title`,`introduction`,`thumb` FROM `think_article` WHERE  `status` = 1 ORDER BY reading desc LIMIT 10 [ RunTime:0.000000s ]
[ sql ] [ SQL ] SELECT `id`,`title`,`cid`,`introduction`,`keywords`,`tag`,`is_top`,`is_good`,`photo`,`thumb`,`author`,`reading`,`status`,`publish_time`,`sort` FROM `think_article` WHERE  `status` = 1  AND `is_top` = 1 LIMIT 1 [ RunTime:0.000000s ]
[ sql ] [ SQL ] SHOW COLUMNS FROM `think_guestbook` [ RunTime:0.000000s ]
[ sql ] [ SQL ] SELECT * FROM `think_guestbook` WHERE  `status` = 1 LIMIT 4 [ RunTime:0.000000s ]
[ sql ] [ SQL ] SHOW COLUMNS FROM `think_nav` [ RunTime:0.000000s ]
[ sql ] [ SQL ] SELECT * FROM `think_nav` WHERE  `status` = 1 [ RunTime:0.000000s ]
[ sql ] [ SQL ] SELECT * FROM `think_category` ORDER BY `sort`  DESC,`id`  ASC [ RunTime:0.000000s ]
[ sql ] [ SQL ] SELECT COUNT(*) AS tp_count FROM `think_article` WHERE  `status` = 1 LIMIT 1 [ RunTime:0.000000s ]
[ sql ] [ SQL ] SELECT `id`,`title`,`cid`,`introduction`,`tag`,`is_good`,`thumb`,`author`,`reading`,`status`,`publish_time`,`sort` FROM `think_article` WHERE  `status` = 1 ORDER BY id desc LIMIT 0,5 [ RunTime:0.000000s ]
[ sql ] [ SQL ] SELECT `id`,`name` FROM `think_category` [ RunTime:0.000000s ]

---------------------------------------------------------------
[ 2018-04-10T23:32:27+08:00 ] 127.0.0.1 127.0.0.1 GET /
[ log ] dev.tp111.com/ [运行时间：0.229013s][吞吐率：4.37req/s] [内存消耗：3,464.90kb] [文件加载：60]
[ info ] [ LANG ] E:\tp55\thinkphp\lang\zh-cn.php
[ info ] [ ROUTE ] array (
  'type' => 'module',
  'module' => 
  array (
    0 => '',
    1 => NULL,
    2 => NULL,
  ),
)
[ info ] [ HEADER ] array (
  'host' => 'dev.tp111.com',
  'user-agent' => 'Mozilla/5.0 (Windows NT 6.1; Win64; x64; rv:59.0) Gecko/20100101 Firefox/59.0',
  'accept' => 'text/html,application/xhtml+xml,application/xml;q=0.9,*/*;q=0.8',
  'accept-language' => 'zh-CN,zh;q=0.8,zh-TW;q=0.7,zh-HK;q=0.5,en-US;q=0.3,en;q=0.2',
  'accept-encoding' => 'gzip, deflate',
  'connection' => 'keep-alive',
  'upgrade-insecure-requests' => '1',
  'pragma' => 'no-cache',
  'cache-control' => 'no-cache',
)
[ info ] [ PARAM ] array (
)
[ info ] [ CACHE ] INIT File
[ info ] [ DB ] INIT mysql
[ info ] [ RUN ] app\index\controller\Index->index[ E:\tp55\application\index\controller\Index.php ]
[ info ] [ VIEW ] themes\index\index.html [ array (
  0 => 'site_config',
  1 => 'banner',
  2 => 'category',
  3 => 'links',
  4 => 'tags',
  5 => 'randarticle',
  6 => 'htorticle',
  7 => 'messageinfo',
  8 => 'nav',
  9 => 'currenturl',
  10 => 'toparticle',
  11 => 'category_level_list',
  12 => 'article_list',
  13 => 'getcategoryName',
) ]
[ info ] [ SESSION ] INIT array (
  'id' => '',
  'var_session_id' => '',
  'prefix' => 'think',
  'type' => '',
  'auto_start' => true,
)
[ info ] [ LOG ] INIT File
[ sql ] [ DB ] CONNECT:[ UseTime:0.015001s ] mysql:dbname=test;host=127.0.0.1;port=3306;charset=utf8
[ sql ] [ SQL ] SHOW COLUMNS FROM `think_system` [ RunTime:0.031002s ]
[ sql ] [ SQL ] SELECT `value` FROM `think_system` WHERE  `name` = 'site_config' LIMIT 1 [ RunTime:0.001000s ]
[ sql ] [ SQL ] SHOW COLUMNS FROM `think_advertising` [ RunTime:0.001000s ]
[ sql ] [ SQL ] SELECT * FROM `think_advertising` WHERE  `status` = 1 ORDER BY sort asc [ RunTime:0.002000s ]
[ sql ] [ SQL ] SHOW COLUMNS FROM `think_category` [ RunTime:0.001000s ]
[ sql ] [ SQL ] SELECT * FROM `think_category` WHERE  `type` = 1 [ RunTime:0.002000s ]
[ sql ] [ SQL ] SHOW COLUMNS FROM `think_links` [ RunTime:0.002000s ]
[ sql ] [ SQL ] SELECT * FROM `think_links` WHERE  `status` = 1 LIMIT 10 [ RunTime:0.001000s ]
[ sql ] [ SQL ] SHOW COLUMNS FROM `think_tags` [ RunTime:0.002001s ]
[ sql ] [ SQL ] SELECT * FROM `think_tags` ORDER BY num desc LIMIT 10 [ RunTime:0.001000s ]
[ sql ] [ SQL ] SHOW COLUMNS FROM `think_article` [ RunTime:0.001000s ]
[ sql ] [ SQL ] SELECT `id`,`title`,`introduction`,`thumb` FROM `think_article` WHERE  `status` = 1 ORDER BY rand() LIMIT 3 [ RunTime:0.001000s ]
[ sql ] [ SQL ] SELECT `id`,`title`,`introduction`,`thumb` FROM `think_article` WHERE  `status` = 1 ORDER BY reading desc LIMIT 10 [ RunTime:0.001000s ]
[ sql ] [ SQL ] SELECT `id`,`title`,`cid`,`introduction`,`keywords`,`tag`,`is_top`,`is_good`,`photo`,`thumb`,`author`,`reading`,`status`,`publish_time`,`sort` FROM `think_article` WHERE  `status` = 1  AND `is_top` = 1 LIMIT 1 [ RunTime:0.001000s ]
[ sql ] [ SQL ] SHOW COLUMNS FROM `think_guestbook` [ RunTime:0.002000s ]
[ sql ] [ SQL ] SELECT * FROM `think_guestbook` WHERE  `status` = 1 LIMIT 4 [ RunTime:0.001000s ]
[ sql ] [ SQL ] SHOW COLUMNS FROM `think_nav` [ RunTime:0.002001s ]
[ sql ] [ SQL ] SELECT * FROM `think_nav` WHERE  `status` = 1 [ RunTime:0.001000s ]
[ sql ] [ SQL ] SELECT * FROM `think_category` ORDER BY `sort`  DESC,`id`  ASC [ RunTime:0.001000s ]
[ sql ] [ SQL ] SELECT COUNT(*) AS tp_count FROM `think_article` WHERE  `status` = 1 LIMIT 1 [ RunTime:0.002000s ]
[ sql ] [ SQL ] SELECT `id`,`title`,`cid`,`introduction`,`tag`,`is_good`,`thumb`,`author`,`reading`,`status`,`publish_time`,`sort` FROM `think_article` WHERE  `status` = 1 ORDER BY id desc LIMIT 0,5 [ RunTime:0.001001s ]
[ sql ] [ SQL ] SELECT `id`,`name` FROM `think_category` [ RunTime:0.001000s ]

---------------------------------------------------------------
