[ 2018-04-11T21:20:02+08:00 ] 127.0.0.1 127.0.0.1 GET /
[ log ] dev.tp111.com/ [运行时间：0.883051s][吞吐率：1.13req/s] [内存消耗：3,465.91kb] [文件加载：60]
[ info ] [ LANG ] E:\tp55\thinkphp\lang\zh-cn.php
[ info ] [ ROUTE ] array (
  'type' => 'module',
  'module' => 
  array (
    0 => '',
    1 => NULL,
    2 => NULL,
  ),
)
[ info ] [ HEADER ] array (
  'host' => 'dev.tp111.com',
  'connection' => 'keep-alive',
  'upgrade-insecure-requests' => '1',
  'user-agent' => 'Mozilla/5.0 (Windows NT 6.1; WOW64) AppleWebKit/537.36 (KHTML, like Gecko) Chrome/65.0.3325.181 Safari/537.36',
  'accept' => 'text/html,application/xhtml+xml,application/xml;q=0.9,image/webp,image/apng,*/*;q=0.8',
  'referer' => 'http://dev.tp111.com/gb',
  'accept-encoding' => 'gzip, deflate',
  'accept-language' => 'zh-CN,zh;q=0.9,en;q=0.8',
  'cookie' => 'PHPSESSID=u9p8v0u8i2ebj4j1i7ubm7hra7; thinkphp_show_page_trace=0|0',
)
[ info ] [ PARAM ] array (
)
[ info ] [ CACHE ] INIT File
[ info ] [ DB ] INIT mysql
[ info ] [ RUN ] app\index\controller\Index->index[ E:\tp55\application\index\controller\Index.php ]
[ info ] [ VIEW ] themes\index\index.html [ array (
  0 => 'site_config',
  1 => 'banner',
  2 => 'category',
  3 => 'links',
  4 => 'tags',
  5 => 'randarticle',
  6 => 'htorticle',
  7 => 'messageinfo',
  8 => 'nav',
  9 => 'currenturl',
  10 => 'toparticle',
  11 => 'category_level_list',
  12 => 'article_list',
  13 => 'getcategoryName',
) ]
[ info ] [ SESSION ] INIT array (
  'id' => '',
  'var_session_id' => '',
  'prefix' => 'think',
  'type' => '',
  'auto_start' => true,
)
[ info ] [ LOG ] INIT File
[ sql ] [ DB ] CONNECT:[ UseTime:0.051003s ] mysql:dbname=test;host=127.0.0.1;port=3306;charset=utf8
[ sql ] [ SQL ] SHOW COLUMNS FROM `think_system` [ RunTime:0.119007s ]
[ sql ] [ SQL ] SELECT `value` FROM `think_system` WHERE  `name` = 'site_config' LIMIT 1 [ RunTime:0.024002s ]
[ sql ] [ SQL ] SHOW COLUMNS FROM `think_advertising` [ RunTime:0.003000s ]
[ sql ] [ SQL ] SELECT * FROM `think_advertising` WHERE  `status` = 1 ORDER BY sort asc [ RunTime:0.008001s ]
[ sql ] [ SQL ] SHOW COLUMNS FROM `think_category` [ RunTime:0.028001s ]
[ sql ] [ SQL ] SELECT * FROM `think_category` WHERE  `type` = 1 [ RunTime:0.002000s ]
[ sql ] [ SQL ] SHOW COLUMNS FROM `think_links` [ RunTime:0.024002s ]
[ sql ] [ SQL ] SELECT * FROM `think_links` WHERE  `status` = 1 LIMIT 10 [ RunTime:0.002000s ]
[ sql ] [ SQL ] SHOW COLUMNS FROM `think_tags` [ RunTime:0.033002s ]
[ sql ] [ SQL ] SELECT * FROM `think_tags` ORDER BY num desc LIMIT 10 [ RunTime:0.002000s ]
[ sql ] [ SQL ] SHOW COLUMNS FROM `think_article` [ RunTime:0.052003s ]
[ sql ] [ SQL ] SELECT `id`,`title`,`introduction`,`thumb` FROM `think_article` WHERE  `status` = 1 ORDER BY rand() LIMIT 3 [ RunTime:0.002000s ]
[ sql ] [ SQL ] SELECT `id`,`title`,`introduction`,`thumb` FROM `think_article` WHERE  `status` = 1 ORDER BY reading desc LIMIT 10 [ RunTime:0.002000s ]
[ sql ] [ SQL ] SELECT `id`,`title`,`cid`,`introduction`,`keywords`,`tag`,`is_top`,`is_good`,`photo`,`thumb`,`author`,`reading`,`status`,`publish_time`,`sort` FROM `think_article` WHERE  `status` = 1  AND `is_top` = 1 LIMIT 1 [ RunTime:0.002000s ]
[ sql ] [ SQL ] SHOW COLUMNS FROM `think_guestbook` [ RunTime:0.049003s ]
[ sql ] [ SQL ] SELECT * FROM `think_guestbook` WHERE  `status` = 1 LIMIT 4 [ RunTime:0.023001s ]
[ sql ] [ SQL ] SHOW COLUMNS FROM `think_nav` [ RunTime:0.062004s ]
[ sql ] [ SQL ] SELECT * FROM `think_nav` WHERE  `status` = 1 [ RunTime:0.002000s ]
[ sql ] [ SQL ] SELECT * FROM `think_category` ORDER BY `sort`  DESC,`id`  ASC [ RunTime:0.002000s ]
[ sql ] [ SQL ] SELECT COUNT(*) AS tp_count FROM `think_article` WHERE  `status` = 1 LIMIT 1 [ RunTime:0.002000s ]
[ sql ] [ SQL ] SELECT `id`,`title`,`cid`,`introduction`,`tag`,`is_good`,`thumb`,`author`,`reading`,`status`,`publish_time`,`sort` FROM `think_article` WHERE  `status` = 1 ORDER BY id desc LIMIT 0,5 [ RunTime:0.029001s ]
[ sql ] [ SQL ] SELECT `id`,`name` FROM `think_category` [ RunTime:0.002000s ]

---------------------------------------------------------------
[ 2018-04-11T21:21:13+08:00 ] 127.0.0.1 127.0.0.1 GET /admin/article/index.html
[ log ] dev.tp111.com/admin/article/index.html [运行时间：0.227008s][吞吐率：4.41req/s] [内存消耗：2,094.48kb] [文件加载：44]
[ info ] [ LANG ] E:\tp55\thinkphp\lang\zh-cn.php
[ info ] [ ROUTE ] array (
  'type' => 'module',
  'module' => 
  array (
    0 => 'admin',
    1 => 'article',
    2 => 'index',
  ),
)
[ info ] [ HEADER ] array (
  'host' => 'dev.tp111.com',
  'user-agent' => 'Mozilla/5.0 (Windows NT 6.1; Win64; x64; rv:59.0) Gecko/20100101 Firefox/59.0',
  'accept' => 'text/html,application/xhtml+xml,application/xml;q=0.9,*/*;q=0.8',
  'accept-language' => 'zh-CN,zh;q=0.8,zh-TW;q=0.7,zh-HK;q=0.5,en-US;q=0.3,en;q=0.2',
  'accept-encoding' => 'gzip, deflate',
  'referer' => 'http://dev.tp111.com/admin/nav/index.html',
  'cookie' => 'PHPSESSID=gnsa2ci350md9qpdhccn8klvm6; thinkphp_show_page_trace=0|0',
  'connection' => 'keep-alive',
  'upgrade-insecure-requests' => '1',
)
[ info ] [ PARAM ] array (
  '/admin/article/index_html' => '',
)
[ info ] [ SESSION ] INIT array (
  'id' => '',
  'var_session_id' => '',
  'prefix' => 'think',
  'type' => '',
  'auto_start' => true,
)
[ info ] [ LOG ] INIT File

---------------------------------------------------------------
[ 2018-04-11T21:21:13+08:00 ] 127.0.0.1 127.0.0.1 GET /admin/login/index.html
[ log ] dev.tp111.com/admin/login/index.html [运行时间：0.080401s][吞吐率：12.44req/s] [内存消耗：2,099.27kb] [文件加载：45]
[ info ] [ LANG ] E:\tp55\thinkphp\lang\zh-cn.php
[ info ] [ ROUTE ] array (
  'type' => 'module',
  'module' => 
  array (
    0 => 'admin',
    1 => 'login',
    2 => 'index',
  ),
)
[ info ] [ HEADER ] array (
  'host' => 'dev.tp111.com',
  'user-agent' => 'Mozilla/5.0 (Windows NT 6.1; Win64; x64; rv:59.0) Gecko/20100101 Firefox/59.0',
  'accept' => 'text/html,application/xhtml+xml,application/xml;q=0.9,*/*;q=0.8',
  'accept-language' => 'zh-CN,zh;q=0.8,zh-TW;q=0.7,zh-HK;q=0.5,en-US;q=0.3,en;q=0.2',
  'accept-encoding' => 'gzip, deflate',
  'referer' => 'http://dev.tp111.com/admin/nav/index.html',
  'cookie' => 'PHPSESSID=gnsa2ci350md9qpdhccn8klvm6; thinkphp_show_page_trace=0|0',
  'connection' => 'keep-alive',
  'upgrade-insecure-requests' => '1',
)
[ info ] [ PARAM ] array (
  '/admin/login/index_html' => '',
)
[ info ] [ RUN ] app\admin\controller\Login->index[ E:\tp55\application\admin\controller\Login.php ]
[ info ] [ VIEW ] admin_themes\login\index.html [ array (
) ]
[ info ] [ LOG ] INIT File

---------------------------------------------------------------
[ 2018-04-11T21:21:24+08:00 ] 127.0.0.1 127.0.0.1 POST /admin/login/login.html
[ log ] dev.tp111.com/admin/login/login.html [运行时间：0.491227s][吞吐率：2.04req/s] [内存消耗：2,873.52kb] [文件加载：53]
[ info ] [ LANG ] E:\tp55\thinkphp\lang\zh-cn.php
[ info ] [ ROUTE ] array (
  'type' => 'module',
  'module' => 
  array (
    0 => 'admin',
    1 => 'login',
    2 => 'login',
  ),
)
[ info ] [ HEADER ] array (
  'host' => 'dev.tp111.com',
  'user-agent' => 'Mozilla/5.0 (Windows NT 6.1; Win64; x64; rv:59.0) Gecko/20100101 Firefox/59.0',
  'accept' => 'application/json, text/javascript, */*; q=0.01',
  'accept-language' => 'zh-CN,zh;q=0.8,zh-TW;q=0.7,zh-HK;q=0.5,en-US;q=0.3,en;q=0.2',
  'accept-encoding' => 'gzip, deflate',
  'referer' => 'http://dev.tp111.com/admin/login/index.html',
  'content-type' => 'application/x-www-form-urlencoded; charset=UTF-8',
  'x-requested-with' => 'XMLHttpRequest',
  'content-length' => '29',
  'cookie' => 'thinkphp_show_page_trace=0|0; PHPSESSID=gnsa2ci350md9qpdhccn8klvm6; thinkphp_show_page_trace=0|0',
  'connection' => 'keep-alive',
)
[ info ] [ PARAM ] array (
  '/admin/login/login_html' => '',
  'username' => 'admin',
  'password' => 'admin',
)
[ info ] [ RUN ] app\admin\controller\Login->login[ E:\tp55\application\admin\controller\Login.php ]
[ info ] [ DB ] INIT mysql
[ info ] [ SESSION ] INIT array (
  'id' => '',
  'var_session_id' => '',
  'prefix' => 'think',
  'type' => '',
  'auto_start' => true,
)
[ info ] [ CACHE ] INIT File
[ info ] [ LOG ] INIT File
[ sql ] [ DB ] CONNECT:[ UseTime:0.020001s ] mysql:dbname=test;host=127.0.0.1;port=3306;charset=utf8
[ sql ] [ SQL ] SHOW COLUMNS FROM `think_admin_user` [ RunTime:0.097006s ]
[ sql ] [ SQL ] SELECT `id`,`username`,`status` FROM `think_admin_user` WHERE  `username` = 'admin'  AND `password` = 'b63ddacba6c3835cc1b250c5d9de6ac1' LIMIT 1 [ RunTime:0.017001s ]
[ sql ] [ SQL ] UPDATE `think_admin_user`  SET `last_login_time`='2018-04-11 21:21:24',`last_login_ip`='127.0.0.1'  WHERE  `id` = 1 [ RunTime:0.207012s ]

---------------------------------------------------------------
[ 2018-04-11T21:21:26+08:00 ] 127.0.0.1 127.0.0.1 GET /admin/index/index.html
[ log ] dev.tp111.com/admin/index/index.html [运行时间：0.939640s][吞吐率：1.06req/s] [内存消耗：2,981.20kb] [文件加载：52]
[ info ] [ LANG ] E:\tp55\thinkphp\lang\zh-cn.php
[ info ] [ ROUTE ] array (
  'type' => 'module',
  'module' => 
  array (
    0 => 'admin',
    1 => 'index',
    2 => 'index',
  ),
)
[ info ] [ HEADER ] array (
  'host' => 'dev.tp111.com',
  'user-agent' => 'Mozilla/5.0 (Windows NT 6.1; Win64; x64; rv:59.0) Gecko/20100101 Firefox/59.0',
  'accept' => 'text/html,application/xhtml+xml,application/xml;q=0.9,*/*;q=0.8',
  'accept-language' => 'zh-CN,zh;q=0.8,zh-TW;q=0.7,zh-HK;q=0.5,en-US;q=0.3,en;q=0.2',
  'accept-encoding' => 'gzip, deflate',
  'referer' => 'http://dev.tp111.com/admin/login/index.html',
  'cookie' => 'PHPSESSID=gnsa2ci350md9qpdhccn8klvm6; thinkphp_show_page_trace=0|0',
  'connection' => 'keep-alive',
  'upgrade-insecure-requests' => '1',
)
[ info ] [ PARAM ] array (
  '/admin/index/index_html' => '',
)
[ info ] [ SESSION ] INIT array (
  'id' => '',
  'var_session_id' => '',
  'prefix' => 'think',
  'type' => '',
  'auto_start' => true,
)
[ info ] [ DB ] INIT mysql
[ info ] [ RUN ] app\admin\controller\Index->index[ E:\tp55\application\admin\controller\Index.php ]
[ info ] [ VIEW ] admin_themes\index\index.html [ array (
  0 => 'menu',
  1 => 'site_config',
  2 => 'controller',
  3 => 'new_ver',
  4 => 'approvedarticle_number',
  5 => 'notauditarticle_number',
  6 => 'links_number',
  7 => 'tell_number',
  8 => 'guestbook_number',
  9 => 'config',
) ]
[ info ] [ LOG ] INIT File
[ sql ] [ DB ] CONNECT:[ UseTime:0.027002s ] mysql:dbname=test;host=127.0.0.1;port=3306;charset=utf8
[ sql ] [ SQL ] SHOW COLUMNS FROM `think_auth_rule` [ RunTime:0.080004s ]
[ sql ] [ SQL ] SELECT * FROM `think_auth_rule` WHERE  `status` = 1 ORDER BY `sort`  desc,`id`  asc [ RunTime:0.028002s ]
[ sql ] [ SQL ] SHOW COLUMNS FROM `think_auth_group_access` [ RunTime:0.016001s ]
[ sql ] [ SQL ] SELECT `AuthGroupAccess`.`uid`,`AuthGroupAccess`.`group_id`,`AuthGroup`.`title`,`AuthGroup`.`rules` FROM `think_auth_group_access` `AuthGroupAccess` LEFT JOIN `think_auth_group` `AuthGroup` ON `AuthGroupAccess`.`group_id`=`AuthGroup`.`id` WHERE  (  AuthGroupAccess.uid='1' and AuthGroup.status='1' ) [ RunTime:0.146607s ]
[ sql ] [ SQL ] SELECT `condition`,`name` FROM `think_auth_rule` WHERE  `id` IN (1,2,3,5,6,7,8,9,10,11,12,39,40,41,42,43,14,13,20,21,22,23,24,15,25,26,27,28,29,30,16,17,44,45,46,47,48,18,49,50,51,52,53,19,31,32,33,34,35,36,37,54,55,56,57,58,59,60,61,62)  AND `type` = 1 [ RunTime:0.033002s ]
[ sql ] [ SQL ] SHOW COLUMNS FROM `think_system` [ RunTime:0.041003s ]
[ sql ] [ SQL ] SELECT `value` FROM `think_system` WHERE  `name` = 'site_config' LIMIT 1 [ RunTime:0.001000s ]
[ sql ] [ SQL ] SELECT VERSION() AS ver [ RunTime:0.069004s ]
[ sql ] [ SQL ] SHOW COLUMNS FROM `think_article` [ RunTime:0.001000s ]
[ sql ] [ SQL ] SELECT `id` FROM `think_article` WHERE  (  status=1 ) [ RunTime:0.002000s ]
[ sql ] [ SQL ] SELECT `id` FROM `think_article` WHERE  (  status=0 ) [ RunTime:0.034002s ]
[ sql ] [ SQL ] SHOW COLUMNS FROM `think_links` [ RunTime:0.001000s ]
[ sql ] [ SQL ] SELECT `id` FROM `think_links` [ RunTime:0.069202s ]
[ sql ] [ SQL ] SHOW COLUMNS FROM `think_tell` [ RunTime:0.202607s ]
[ sql ] [ SQL ] SELECT `id` FROM `think_tell` [ RunTime:0.000000s ]
[ sql ] [ SQL ] SHOW COLUMNS FROM `think_guestbook` [ RunTime:0.031601s ]
[ sql ] [ SQL ] SELECT `id` FROM `think_guestbook` [ RunTime:0.001000s ]

---------------------------------------------------------------
[ 2018-04-11T21:21:30+08:00 ] 127.0.0.1 127.0.0.1 GET /admin/article/index.html
[ log ] dev.tp111.com/admin/article/index.html [运行时间：0.384608s][吞吐率：2.60req/s] [内存消耗：3,466.05kb] [文件加载：60]
[ info ] [ LANG ] E:\tp55\thinkphp\lang\zh-cn.php
[ info ] [ ROUTE ] array (
  'type' => 'module',
  'module' => 
  array (
    0 => 'admin',
    1 => 'article',
    2 => 'index',
  ),
)
[ info ] [ HEADER ] array (
  'host' => 'dev.tp111.com',
  'user-agent' => 'Mozilla/5.0 (Windows NT 6.1; Win64; x64; rv:59.0) Gecko/20100101 Firefox/59.0',
  'accept' => 'text/html,application/xhtml+xml,application/xml;q=0.9,*/*;q=0.8',
  'accept-language' => 'zh-CN,zh;q=0.8,zh-TW;q=0.7,zh-HK;q=0.5,en-US;q=0.3,en;q=0.2',
  'accept-encoding' => 'gzip, deflate',
  'referer' => 'http://dev.tp111.com/admin/index/index.html',
  'cookie' => 'PHPSESSID=gnsa2ci350md9qpdhccn8klvm6; thinkphp_show_page_trace=0|0',
  'connection' => 'keep-alive',
  'upgrade-insecure-requests' => '1',
)
[ info ] [ PARAM ] array (
  '/admin/article/index_html' => '',
)
[ info ] [ SESSION ] INIT array (
  'id' => '',
  'var_session_id' => '',
  'prefix' => 'think',
  'type' => '',
  'auto_start' => true,
)
[ info ] [ DB ] INIT mysql
[ info ] [ RUN ] app\admin\controller\Article->index[ E:\tp55\application\admin\controller\Article.php ]
[ info ] [ VIEW ] admin_themes\article\index.html [ array (
  0 => 'menu',
  1 => 'site_config',
  2 => 'controller',
  3 => 'category_level_list',
  4 => 'article_list',
  5 => 'category_list',
  6 => 'cid',
  7 => 'keyword',
) ]
[ info ] [ LOG ] INIT File
[ sql ] [ DB ] CONNECT:[ UseTime:0.040201s ] mysql:dbname=test;host=127.0.0.1;port=3306;charset=utf8
[ sql ] [ SQL ] SHOW COLUMNS FROM `think_auth_group_access` [ RunTime:0.088604s ]
[ sql ] [ SQL ] SELECT `AuthGroupAccess`.`uid`,`AuthGroupAccess`.`group_id`,`AuthGroup`.`title`,`AuthGroup`.`rules` FROM `think_auth_group_access` `AuthGroupAccess` LEFT JOIN `think_auth_group` `AuthGroup` ON `AuthGroupAccess`.`group_id`=`AuthGroup`.`id` WHERE  (  AuthGroupAccess.uid='1' and AuthGroup.status='1' ) [ RunTime:0.033002s ]
[ sql ] [ SQL ] SHOW COLUMNS FROM `think_auth_rule` [ RunTime:0.017600s ]
[ sql ] [ SQL ] SELECT `condition`,`name` FROM `think_auth_rule` WHERE  `id` IN (1,2,3,5,6,7,8,9,10,11,12,39,40,41,42,43,14,13,20,21,22,23,24,15,25,26,27,28,29,30,16,17,44,45,46,47,48,18,49,50,51,52,53,19,31,32,33,34,35,36,37,54,55,56,57,58,59,60,61,62)  AND `type` = 1 [ RunTime:0.050801s ]
[ sql ] [ SQL ] SELECT * FROM `think_auth_rule` WHERE  `status` = 1 ORDER BY `sort`  desc,`id`  asc [ RunTime:0.000000s ]
[ sql ] [ SQL ] SHOW COLUMNS FROM `think_system` [ RunTime:0.000000s ]
[ sql ] [ SQL ] SELECT `value` FROM `think_system` WHERE  `name` = 'site_config' LIMIT 1 [ RunTime:0.000000s ]
[ sql ] [ SQL ] SHOW COLUMNS FROM `think_category` [ RunTime:0.000000s ]
[ sql ] [ SQL ] SELECT * FROM `think_category` ORDER BY `sort`  DESC,`id`  ASC [ RunTime:0.000000s ]
[ sql ] [ SQL ] SELECT `value` FROM `think_system` WHERE  `name` = 'site_config' LIMIT 1 [ RunTime:0.000000s ]
[ sql ] [ SQL ] SHOW COLUMNS FROM `think_article` [ RunTime:0.002000s ]
[ sql ] [ SQL ] SELECT COUNT(*) AS tp_count FROM `think_article` LIMIT 1 [ RunTime:0.000000s ]
[ sql ] [ SQL ] SELECT `id`,`title`,`cid`,`author`,`reading`,`status`,`publish_time`,`sort` FROM `think_article` ORDER BY id desc LIMIT 0,15 [ RunTime:0.000000s ]
[ sql ] [ SQL ] SELECT `id`,`name` FROM `think_category` [ RunTime:0.000000s ]

---------------------------------------------------------------
[ 2018-04-11T21:21:51+08:00 ] 127.0.0.1 127.0.0.1 GET /
[ log ] dev.tp111.com/ [运行时间：0.195804s][吞吐率：5.11req/s] [内存消耗：3,466.27kb] [文件加载：60]
[ info ] [ LANG ] E:\tp55\thinkphp\lang\zh-cn.php
[ info ] [ ROUTE ] array (
  'type' => 'module',
  'module' => 
  array (
    0 => '',
    1 => NULL,
    2 => NULL,
  ),
)
[ info ] [ HEADER ] array (
  'host' => 'dev.tp111.com',
  'user-agent' => 'Mozilla/5.0 (Windows NT 6.1; Win64; x64; rv:59.0) Gecko/20100101 Firefox/59.0',
  'accept' => 'text/html,application/xhtml+xml,application/xml;q=0.9,*/*;q=0.8',
  'accept-language' => 'zh-CN,zh;q=0.8,zh-TW;q=0.7,zh-HK;q=0.5,en-US;q=0.3,en;q=0.2',
  'accept-encoding' => 'gzip, deflate',
  'referer' => 'http://dev.tp111.com/',
  'cookie' => 'PHPSESSID=gnsa2ci350md9qpdhccn8klvm6; thinkphp_show_page_trace=0|0',
  'connection' => 'keep-alive',
  'upgrade-insecure-requests' => '1',
)
[ info ] [ PARAM ] array (
)
[ info ] [ CACHE ] INIT File
[ info ] [ DB ] INIT mysql
[ info ] [ RUN ] app\index\controller\Index->index[ E:\tp55\application\index\controller\Index.php ]
[ info ] [ VIEW ] themes\index\index.html [ array (
  0 => 'site_config',
  1 => 'banner',
  2 => 'category',
  3 => 'links',
  4 => 'tags',
  5 => 'randarticle',
  6 => 'htorticle',
  7 => 'messageinfo',
  8 => 'nav',
  9 => 'currenturl',
  10 => 'toparticle',
  11 => 'category_level_list',
  12 => 'article_list',
  13 => 'getcategoryName',
) ]
[ info ] [ SESSION ] INIT array (
  'id' => '',
  'var_session_id' => '',
  'prefix' => 'think',
  'type' => '',
  'auto_start' => true,
)
[ info ] [ LOG ] INIT File
[ sql ] [ DB ] CONNECT:[ UseTime:0.000000s ] mysql:dbname=test;host=127.0.0.1;port=3306;charset=utf8
[ sql ] [ SQL ] SHOW COLUMNS FROM `think_system` [ RunTime:0.052602s ]
[ sql ] [ SQL ] SELECT `value` FROM `think_system` WHERE  `name` = 'site_config' LIMIT 1 [ RunTime:0.012001s ]
[ sql ] [ SQL ] SHOW COLUMNS FROM `think_advertising` [ RunTime:0.000000s ]
[ sql ] [ SQL ] SELECT * FROM `think_advertising` WHERE  `status` = 1 ORDER BY sort asc [ RunTime:0.000000s ]
[ sql ] [ SQL ] SHOW COLUMNS FROM `think_category` [ RunTime:0.000000s ]
[ sql ] [ SQL ] SELECT * FROM `think_category` WHERE  `type` = 1 [ RunTime:0.000000s ]
[ sql ] [ SQL ] SHOW COLUMNS FROM `think_links` [ RunTime:0.016600s ]
[ sql ] [ SQL ] SELECT * FROM `think_links` WHERE  `status` = 1 LIMIT 10 [ RunTime:0.000000s ]
[ sql ] [ SQL ] SHOW COLUMNS FROM `think_tags` [ RunTime:0.000000s ]
[ sql ] [ SQL ] SELECT * FROM `think_tags` ORDER BY num desc LIMIT 10 [ RunTime:0.000000s ]
[ sql ] [ SQL ] SHOW COLUMNS FROM `think_article` [ RunTime:0.000000s ]
[ sql ] [ SQL ] SELECT `id`,`title`,`introduction`,`thumb` FROM `think_article` WHERE  `status` = 1 ORDER BY rand() LIMIT 3 [ RunTime:0.000000s ]
[ sql ] [ SQL ] SELECT `id`,`title`,`introduction`,`thumb` FROM `think_article` WHERE  `status` = 1 ORDER BY reading desc LIMIT 10 [ RunTime:0.000000s ]
[ sql ] [ SQL ] SELECT `id`,`title`,`cid`,`introduction`,`keywords`,`tag`,`is_top`,`is_good`,`photo`,`thumb`,`author`,`reading`,`status`,`publish_time`,`sort` FROM `think_article` WHERE  `status` = 1  AND `is_top` = 1 LIMIT 1 [ RunTime:0.016600s ]
[ sql ] [ SQL ] SHOW COLUMNS FROM `think_guestbook` [ RunTime:0.001000s ]
[ sql ] [ SQL ] SELECT * FROM `think_guestbook` WHERE  `status` = 1 LIMIT 4 [ RunTime:0.000000s ]
[ sql ] [ SQL ] SHOW COLUMNS FROM `think_nav` [ RunTime:0.000000s ]
[ sql ] [ SQL ] SELECT * FROM `think_nav` WHERE  `status` = 1 [ RunTime:0.000000s ]
[ sql ] [ SQL ] SELECT * FROM `think_category` ORDER BY `sort`  DESC,`id`  ASC [ RunTime:0.016601s ]
[ sql ] [ SQL ] SELECT COUNT(*) AS tp_count FROM `think_article` WHERE  `status` = 1 LIMIT 1 [ RunTime:0.000000s ]
[ sql ] [ SQL ] SELECT `id`,`title`,`cid`,`introduction`,`tag`,`is_good`,`thumb`,`author`,`reading`,`status`,`publish_time`,`sort` FROM `think_article` WHERE  `status` = 1 ORDER BY id desc LIMIT 0,5 [ RunTime:0.000000s ]
[ sql ] [ SQL ] SELECT `id`,`name` FROM `think_category` [ RunTime:0.000000s ]

---------------------------------------------------------------
[ 2018-04-11T22:00:17+08:00 ] 127.0.0.1 127.0.0.1 GET /article/38.html
[ log ] dev.tp111.com/article/38.html [运行时间：0.306013s][吞吐率：3.27req/s] [内存消耗：3,350.28kb] [文件加载：56]
[ info ] [ LANG ] E:\tp55\thinkphp\lang\zh-cn.php
[ info ] [ ROUTE ] array (
  'type' => 'module',
  'module' => 
  array (
    0 => NULL,
    1 => 'article',
    2 => 'index',
  ),
  'convert' => false,
)
[ info ] [ HEADER ] array (
  'host' => 'dev.tp111.com',
  'user-agent' => 'Mozilla/5.0 (Windows NT 6.1; Win64; x64; rv:59.0) Gecko/20100101 Firefox/59.0',
  'accept' => 'text/html,application/xhtml+xml,application/xml;q=0.9,*/*;q=0.8',
  'accept-language' => 'zh-CN,zh;q=0.8,zh-TW;q=0.7,zh-HK;q=0.5,en-US;q=0.3,en;q=0.2',
  'accept-encoding' => 'gzip, deflate',
  'referer' => 'http://dev.tp111.com/',
  'cookie' => 'thinkphp_show_page_trace=0|0; PHPSESSID=gnsa2ci350md9qpdhccn8klvm6; thinkphp_show_page_trace=0|0',
  'connection' => 'keep-alive',
  'upgrade-insecure-requests' => '1',
)
[ info ] [ PARAM ] array (
  '/article/38_html' => '',
  'id' => '38',
)
[ info ] [ CACHE ] INIT File
[ info ] [ DB ] INIT mysql
[ info ] [ RUN ] app\index\controller\article->index[ E:\tp55\application\index\controller\Article.php ]
[ info ] [ VIEW ] themes\article\index.html [ array (
  0 => 'site_config',
  1 => 'banner',
  2 => 'category',
  3 => 'links',
  4 => 'tags',
  5 => 'randarticle',
  6 => 'htorticle',
  7 => 'messageinfo',
  8 => 'nav',
  9 => 'currenturl',
  10 => 'toparticle',
  11 => 'article',
  12 => 'prevs',
  13 => 'nexts',
  14 => 'getcategoryName',
  15 => 'article_related',
) ]
[ info ] [ SESSION ] INIT array (
  'id' => '',
  'var_session_id' => '',
  'prefix' => 'think',
  'type' => '',
  'auto_start' => true,
)
[ info ] [ LOG ] INIT File
[ sql ] [ DB ] CONNECT:[ UseTime:0.023001s ] mysql:dbname=test;host=127.0.0.1;port=3306;charset=utf8
[ sql ] [ SQL ] SHOW COLUMNS FROM `think_system` [ RunTime:0.022001s ]
[ sql ] [ SQL ] SELECT `value` FROM `think_system` WHERE  `name` = 'site_config' LIMIT 1 [ RunTime:0.005000s ]
[ sql ] [ SQL ] SHOW COLUMNS FROM `think_advertising` [ RunTime:0.031002s ]
[ sql ] [ SQL ] SELECT * FROM `think_advertising` WHERE  `status` = 1 ORDER BY sort asc [ RunTime:0.001000s ]
[ sql ] [ SQL ] SHOW COLUMNS FROM `think_category` [ RunTime:0.002000s ]
[ sql ] [ SQL ] SELECT * FROM `think_category` WHERE  `type` = 1 [ RunTime:0.001000s ]
[ sql ] [ SQL ] SHOW COLUMNS FROM `think_links` [ RunTime:0.000000s ]
[ sql ] [ SQL ] SELECT * FROM `think_links` WHERE  `status` = 1 LIMIT 10 [ RunTime:0.000000s ]
[ sql ] [ SQL ] SHOW COLUMNS FROM `think_tags` [ RunTime:0.000000s ]
[ sql ] [ SQL ] SELECT * FROM `think_tags` ORDER BY num desc LIMIT 10 [ RunTime:0.017600s ]
[ sql ] [ SQL ] SHOW COLUMNS FROM `think_article` [ RunTime:0.000000s ]
[ sql ] [ SQL ] SELECT `id`,`title`,`introduction`,`thumb` FROM `think_article` WHERE  `status` = 1 ORDER BY rand() LIMIT 3 [ RunTime:0.000000s ]
[ sql ] [ SQL ] SELECT `id`,`title`,`introduction`,`thumb` FROM `think_article` WHERE  `status` = 1 ORDER BY reading desc LIMIT 10 [ RunTime:0.000000s ]
[ sql ] [ SQL ] SELECT `id`,`title`,`cid`,`introduction`,`keywords`,`tag`,`is_top`,`is_good`,`photo`,`thumb`,`author`,`reading`,`status`,`publish_time`,`sort` FROM `think_article` WHERE  `status` = 1  AND `is_top` = 1 LIMIT 1 [ RunTime:0.000000s ]
[ sql ] [ SQL ] SHOW COLUMNS FROM `think_guestbook` [ RunTime:0.000000s ]
[ sql ] [ SQL ] SELECT * FROM `think_guestbook` WHERE  `status` = 1 LIMIT 4 [ RunTime:0.000000s ]
[ sql ] [ SQL ] SHOW COLUMNS FROM `think_nav` [ RunTime:0.000000s ]
[ sql ] [ SQL ] SELECT * FROM `think_nav` WHERE  `status` = 1 [ RunTime:0.016601s ]
[ sql ] [ SQL ] SELECT * FROM `think_article` WHERE  `id` = 38 LIMIT 1 [ RunTime:0.000000s ]
[ sql ] [ SQL ] UPDATE `think_article`  SET `reading`=reading+1  WHERE  `id` = 38 [ RunTime:0.059602s ]
[ sql ] [ SQL ] SELECT `id`,`name` FROM `think_category` [ RunTime:0.015600s ]
[ sql ] [ SQL ] SELECT `id`,`title` FROM `think_article` WHERE  `cid` = 1  AND (  id<38 ) ORDER BY id desc LIMIT 1 [ RunTime:0.016600s ]
[ sql ] [ SQL ] SELECT `id`,`title` FROM `think_article` WHERE  `cid` = 1  AND (  id>38 ) ORDER BY id asc LIMIT 1 [ RunTime:0.001000s ]
[ sql ] [ SQL ] SELECT `id`,`title` FROM `think_article` WHERE  `cid` = 1  AND `id` <> 38 ORDER BY id desc LIMIT 10 [ RunTime:0.001000s ]

---------------------------------------------------------------
[ 2018-04-11T22:00:21+08:00 ] 127.0.0.1 127.0.0.1 GET /
[ log ] dev.tp111.com/ [运行时间：0.374022s][吞吐率：2.67req/s] [内存消耗：3,466.60kb] [文件加载：60]
[ info ] [ LANG ] E:\tp55\thinkphp\lang\zh-cn.php
[ info ] [ ROUTE ] array (
  'type' => 'module',
  'module' => 
  array (
    0 => '',
    1 => NULL,
    2 => NULL,
  ),
)
[ info ] [ HEADER ] array (
  'host' => 'dev.tp111.com',
  'user-agent' => 'Mozilla/5.0 (Windows NT 6.1; Win64; x64; rv:59.0) Gecko/20100101 Firefox/59.0',
  'accept' => 'text/html,application/xhtml+xml,application/xml;q=0.9,*/*;q=0.8',
  'accept-language' => 'zh-CN,zh;q=0.8,zh-TW;q=0.7,zh-HK;q=0.5,en-US;q=0.3,en;q=0.2',
  'accept-encoding' => 'gzip, deflate',
  'referer' => 'http://dev.tp111.com/',
  'cookie' => 'PHPSESSID=gnsa2ci350md9qpdhccn8klvm6; thinkphp_show_page_trace=0|0',
  'connection' => 'keep-alive',
  'upgrade-insecure-requests' => '1',
)
[ info ] [ PARAM ] array (
)
[ info ] [ CACHE ] INIT File
[ info ] [ DB ] INIT mysql
[ info ] [ RUN ] app\index\controller\Index->index[ E:\tp55\application\index\controller\Index.php ]
[ info ] [ VIEW ] themes\index\index.html [ array (
  0 => 'site_config',
  1 => 'banner',
  2 => 'category',
  3 => 'links',
  4 => 'tags',
  5 => 'randarticle',
  6 => 'htorticle',
  7 => 'messageinfo',
  8 => 'nav',
  9 => 'currenturl',
  10 => 'toparticle',
  11 => 'category_level_list',
  12 => 'article_list',
  13 => 'getcategoryName',
) ]
[ info ] [ SESSION ] INIT array (
  'id' => '',
  'var_session_id' => '',
  'prefix' => 'think',
  'type' => '',
  'auto_start' => true,
)
[ info ] [ LOG ] INIT File
[ sql ] [ DB ] CONNECT:[ UseTime:0.014001s ] mysql:dbname=test;host=127.0.0.1;port=3306;charset=utf8
[ sql ] [ SQL ] SHOW COLUMNS FROM `think_system` [ RunTime:0.025001s ]
[ sql ] [ SQL ] SELECT `value` FROM `think_system` WHERE  `name` = 'site_config' LIMIT 1 [ RunTime:0.002000s ]
[ sql ] [ SQL ] SHOW COLUMNS FROM `think_advertising` [ RunTime:0.016001s ]
[ sql ] [ SQL ] SELECT * FROM `think_advertising` WHERE  `status` = 1 ORDER BY sort asc [ RunTime:0.001000s ]
[ sql ] [ SQL ] SHOW COLUMNS FROM `think_category` [ RunTime:0.001000s ]
[ sql ] [ SQL ] SELECT * FROM `think_category` WHERE  `type` = 1 [ RunTime:0.001001s ]
[ sql ] [ SQL ] SHOW COLUMNS FROM `think_links` [ RunTime:0.001000s ]
[ sql ] [ SQL ] SELECT * FROM `think_links` WHERE  `status` = 1 LIMIT 10 [ RunTime:0.001000s ]
[ sql ] [ SQL ] SHOW COLUMNS FROM `think_tags` [ RunTime:0.002000s ]
[ sql ] [ SQL ] SELECT * FROM `think_tags` ORDER BY num desc LIMIT 10 [ RunTime:0.001000s ]
[ sql ] [ SQL ] SHOW COLUMNS FROM `think_article` [ RunTime:0.002000s ]
[ sql ] [ SQL ] SELECT `id`,`title`,`introduction`,`thumb` FROM `think_article` WHERE  `status` = 1 ORDER BY rand() LIMIT 3 [ RunTime:0.002000s ]
[ sql ] [ SQL ] SELECT `id`,`title`,`introduction`,`thumb` FROM `think_article` WHERE  `status` = 1 ORDER BY reading desc LIMIT 10 [ RunTime:0.001000s ]
[ sql ] [ SQL ] SELECT `id`,`title`,`cid`,`introduction`,`keywords`,`tag`,`is_top`,`is_good`,`photo`,`thumb`,`author`,`reading`,`status`,`publish_time`,`sort` FROM `think_article` WHERE  `status` = 1  AND `is_top` = 1 LIMIT 1 [ RunTime:0.001000s ]
[ sql ] [ SQL ] SHOW COLUMNS FROM `think_guestbook` [ RunTime:0.001000s ]
[ sql ] [ SQL ] SELECT * FROM `think_guestbook` WHERE  `status` = 1 LIMIT 4 [ RunTime:0.014000s ]
[ sql ] [ SQL ] SHOW COLUMNS FROM `think_nav` [ RunTime:0.001000s ]
[ sql ] [ SQL ] SELECT * FROM `think_nav` WHERE  `status` = 1 [ RunTime:0.014001s ]
[ sql ] [ SQL ] SELECT * FROM `think_category` ORDER BY `sort`  DESC,`id`  ASC [ RunTime:0.001001s ]
[ sql ] [ SQL ] SELECT COUNT(*) AS tp_count FROM `think_article` WHERE  `status` = 1 LIMIT 1 [ RunTime:0.001000s ]
[ sql ] [ SQL ] SELECT `id`,`title`,`cid`,`introduction`,`tag`,`is_good`,`thumb`,`author`,`reading`,`status`,`publish_time`,`sort` FROM `think_article` WHERE  `status` = 1 ORDER BY id desc LIMIT 0,5 [ RunTime:0.002000s ]
[ sql ] [ SQL ] SELECT `id`,`name` FROM `think_category` [ RunTime:0.001000s ]

---------------------------------------------------------------
[ 2018-04-11T22:00:23+08:00 ] 127.0.0.1 127.0.0.1 GET /article/38.html
[ log ] dev.tp111.com/article/38.html [运行时间：0.215805s][吞吐率：4.63req/s] [内存消耗：3,350.34kb] [文件加载：56]
[ info ] [ LANG ] E:\tp55\thinkphp\lang\zh-cn.php
[ info ] [ ROUTE ] array (
  'type' => 'module',
  'module' => 
  array (
    0 => NULL,
    1 => 'article',
    2 => 'index',
  ),
  'convert' => false,
)
[ info ] [ HEADER ] array (
  'host' => 'dev.tp111.com',
  'user-agent' => 'Mozilla/5.0 (Windows NT 6.1; Win64; x64; rv:59.0) Gecko/20100101 Firefox/59.0',
  'accept' => 'text/html,application/xhtml+xml,application/xml;q=0.9,*/*;q=0.8',
  'accept-language' => 'zh-CN,zh;q=0.8,zh-TW;q=0.7,zh-HK;q=0.5,en-US;q=0.3,en;q=0.2',
  'accept-encoding' => 'gzip, deflate',
  'referer' => 'http://dev.tp111.com/',
  'cookie' => 'thinkphp_show_page_trace=0|0; PHPSESSID=gnsa2ci350md9qpdhccn8klvm6; thinkphp_show_page_trace=0|0',
  'connection' => 'keep-alive',
  'upgrade-insecure-requests' => '1',
)
[ info ] [ PARAM ] array (
  '/article/38_html' => '',
  'id' => '38',
)
[ info ] [ CACHE ] INIT File
[ info ] [ DB ] INIT mysql
[ info ] [ RUN ] app\index\controller\article->index[ E:\tp55\application\index\controller\Article.php ]
[ info ] [ VIEW ] themes\article\index.html [ array (
  0 => 'site_config',
  1 => 'banner',
  2 => 'category',
  3 => 'links',
  4 => 'tags',
  5 => 'randarticle',
  6 => 'htorticle',
  7 => 'messageinfo',
  8 => 'nav',
  9 => 'currenturl',
  10 => 'toparticle',
  11 => 'article',
  12 => 'prevs',
  13 => 'nexts',
  14 => 'getcategoryName',
  15 => 'article_related',
) ]
[ info ] [ SESSION ] INIT array (
  'id' => '',
  'var_session_id' => '',
  'prefix' => 'think',
  'type' => '',
  'auto_start' => true,
)
[ info ] [ LOG ] INIT File
[ sql ] [ DB ] CONNECT:[ UseTime:0.000000s ] mysql:dbname=test;host=127.0.0.1;port=3306;charset=utf8
[ sql ] [ SQL ] SHOW COLUMNS FROM `think_system` [ RunTime:0.037601s ]
[ sql ] [ SQL ] SELECT `value` FROM `think_system` WHERE  `name` = 'site_config' LIMIT 1 [ RunTime:0.002000s ]
[ sql ] [ SQL ] SHOW COLUMNS FROM `think_advertising` [ RunTime:0.001000s ]
[ sql ] [ SQL ] SELECT * FROM `think_advertising` WHERE  `status` = 1 ORDER BY sort asc [ RunTime:0.002001s ]
[ sql ] [ SQL ] SHOW COLUMNS FROM `think_category` [ RunTime:0.001000s ]
[ sql ] [ SQL ] SELECT * FROM `think_category` WHERE  `type` = 1 [ RunTime:0.000000s ]
[ sql ] [ SQL ] SHOW COLUMNS FROM `think_links` [ RunTime:0.000000s ]
[ sql ] [ SQL ] SELECT * FROM `think_links` WHERE  `status` = 1 LIMIT 10 [ RunTime:0.000000s ]
[ sql ] [ SQL ] SHOW COLUMNS FROM `think_tags` [ RunTime:0.000000s ]
[ sql ] [ SQL ] SELECT * FROM `think_tags` ORDER BY num desc LIMIT 10 [ RunTime:0.000000s ]
[ sql ] [ SQL ] SHOW COLUMNS FROM `think_article` [ RunTime:0.000000s ]
[ sql ] [ SQL ] SELECT `id`,`title`,`introduction`,`thumb` FROM `think_article` WHERE  `status` = 1 ORDER BY rand() LIMIT 3 [ RunTime:0.000000s ]
[ sql ] [ SQL ] SELECT `id`,`title`,`introduction`,`thumb` FROM `think_article` WHERE  `status` = 1 ORDER BY reading desc LIMIT 10 [ RunTime:0.000000s ]
[ sql ] [ SQL ] SELECT `id`,`title`,`cid`,`introduction`,`keywords`,`tag`,`is_top`,`is_good`,`photo`,`thumb`,`author`,`reading`,`status`,`publish_time`,`sort` FROM `think_article` WHERE  `status` = 1  AND `is_top` = 1 LIMIT 1 [ RunTime:0.000000s ]
[ sql ] [ SQL ] SHOW COLUMNS FROM `think_guestbook` [ RunTime:0.017600s ]
[ sql ] [ SQL ] SELECT * FROM `think_guestbook` WHERE  `status` = 1 LIMIT 4 [ RunTime:0.000000s ]
[ sql ] [ SQL ] SHOW COLUMNS FROM `think_nav` [ RunTime:0.017600s ]
[ sql ] [ SQL ] SELECT * FROM `think_nav` WHERE  `status` = 1 [ RunTime:0.016600s ]
[ sql ] [ SQL ] SELECT * FROM `think_article` WHERE  `id` = 38 LIMIT 1 [ RunTime:0.015600s ]
[ sql ] [ SQL ] SELECT `id`,`name` FROM `think_category` [ RunTime:0.001000s ]
[ sql ] [ SQL ] SELECT `id`,`title` FROM `think_article` WHERE  `cid` = 1  AND (  id<38 ) ORDER BY id desc LIMIT 1 [ RunTime:0.000000s ]
[ sql ] [ SQL ] SELECT `id`,`title` FROM `think_article` WHERE  `cid` = 1  AND (  id>38 ) ORDER BY id asc LIMIT 1 [ RunTime:0.000000s ]
[ sql ] [ SQL ] SELECT `id`,`title` FROM `think_article` WHERE  `cid` = 1  AND `id` <> 38 ORDER BY id desc LIMIT 10 [ RunTime:0.000000s ]

---------------------------------------------------------------
[ 2018-04-11T22:00:26+08:00 ] 127.0.0.1 127.0.0.1 GET /
[ log ] dev.tp111.com/ [运行时间：0.281404s][吞吐率：3.55req/s] [内存消耗：3,466.76kb] [文件加载：60]
[ info ] [ LANG ] E:\tp55\thinkphp\lang\zh-cn.php
[ info ] [ ROUTE ] array (
  'type' => 'module',
  'module' => 
  array (
    0 => '',
    1 => NULL,
    2 => NULL,
  ),
)
[ info ] [ HEADER ] array (
  'host' => 'dev.tp111.com',
  'user-agent' => 'Mozilla/5.0 (Windows NT 6.1; Win64; x64; rv:59.0) Gecko/20100101 Firefox/59.0',
  'accept' => 'text/html,application/xhtml+xml,application/xml;q=0.9,*/*;q=0.8',
  'accept-language' => 'zh-CN,zh;q=0.8,zh-TW;q=0.7,zh-HK;q=0.5,en-US;q=0.3,en;q=0.2',
  'accept-encoding' => 'gzip, deflate',
  'referer' => 'http://dev.tp111.com/',
  'cookie' => 'PHPSESSID=gnsa2ci350md9qpdhccn8klvm6; thinkphp_show_page_trace=0|0',
  'connection' => 'keep-alive',
  'upgrade-insecure-requests' => '1',
)
[ info ] [ PARAM ] array (
)
[ info ] [ CACHE ] INIT File
[ info ] [ DB ] INIT mysql
[ info ] [ RUN ] app\index\controller\Index->index[ E:\tp55\application\index\controller\Index.php ]
[ info ] [ VIEW ] themes\index\index.html [ array (
  0 => 'site_config',
  1 => 'banner',
  2 => 'category',
  3 => 'links',
  4 => 'tags',
  5 => 'randarticle',
  6 => 'htorticle',
  7 => 'messageinfo',
  8 => 'nav',
  9 => 'currenturl',
  10 => 'toparticle',
  11 => 'category_level_list',
  12 => 'article_list',
  13 => 'getcategoryName',
) ]
[ info ] [ SESSION ] INIT array (
  'id' => '',
  'var_session_id' => '',
  'prefix' => 'think',
  'type' => '',
  'auto_start' => true,
)
[ info ] [ LOG ] INIT File
[ sql ] [ DB ] CONNECT:[ UseTime:0.018600s ] mysql:dbname=test;host=127.0.0.1;port=3306;charset=utf8
[ sql ] [ SQL ] SHOW COLUMNS FROM `think_system` [ RunTime:0.058603s ]
[ sql ] [ SQL ] SELECT `value` FROM `think_system` WHERE  `name` = 'site_config' LIMIT 1 [ RunTime:0.000000s ]
[ sql ] [ SQL ] SHOW COLUMNS FROM `think_advertising` [ RunTime:0.015600s ]
[ sql ] [ SQL ] SELECT * FROM `think_advertising` WHERE  `status` = 1 ORDER BY sort asc [ RunTime:0.017600s ]
[ sql ] [ SQL ] SHOW COLUMNS FROM `think_category` [ RunTime:0.000000s ]
[ sql ] [ SQL ] SELECT * FROM `think_category` WHERE  `type` = 1 [ RunTime:0.000000s ]
[ sql ] [ SQL ] SHOW COLUMNS FROM `think_links` [ RunTime:0.000000s ]
[ sql ] [ SQL ] SELECT * FROM `think_links` WHERE  `status` = 1 LIMIT 10 [ RunTime:0.000000s ]
[ sql ] [ SQL ] SHOW COLUMNS FROM `think_tags` [ RunTime:0.015600s ]
[ sql ] [ SQL ] SELECT * FROM `think_tags` ORDER BY num desc LIMIT 10 [ RunTime:0.000000s ]
[ sql ] [ SQL ] SHOW COLUMNS FROM `think_article` [ RunTime:0.017600s ]
[ sql ] [ SQL ] SELECT `id`,`title`,`introduction`,`thumb` FROM `think_article` WHERE  `status` = 1 ORDER BY rand() LIMIT 3 [ RunTime:0.000000s ]
[ sql ] [ SQL ] SELECT `id`,`title`,`introduction`,`thumb` FROM `think_article` WHERE  `status` = 1 ORDER BY reading desc LIMIT 10 [ RunTime:0.000000s ]
[ sql ] [ SQL ] SELECT `id`,`title`,`cid`,`introduction`,`keywords`,`tag`,`is_top`,`is_good`,`photo`,`thumb`,`author`,`reading`,`status`,`publish_time`,`sort` FROM `think_article` WHERE  `status` = 1  AND `is_top` = 1 LIMIT 1 [ RunTime:0.000000s ]
[ sql ] [ SQL ] SHOW COLUMNS FROM `think_guestbook` [ RunTime:0.000000s ]
[ sql ] [ SQL ] SELECT * FROM `think_guestbook` WHERE  `status` = 1 LIMIT 4 [ RunTime:0.000000s ]
[ sql ] [ SQL ] SHOW COLUMNS FROM `think_nav` [ RunTime:0.017600s ]
[ sql ] [ SQL ] SELECT * FROM `think_nav` WHERE  `status` = 1 [ RunTime:0.000000s ]
[ sql ] [ SQL ] SELECT * FROM `think_category` ORDER BY `sort`  DESC,`id`  ASC [ RunTime:0.000000s ]
[ sql ] [ SQL ] SELECT COUNT(*) AS tp_count FROM `think_article` WHERE  `status` = 1 LIMIT 1 [ RunTime:0.000000s ]
[ sql ] [ SQL ] SELECT `id`,`title`,`cid`,`introduction`,`tag`,`is_good`,`thumb`,`author`,`reading`,`status`,`publish_time`,`sort` FROM `think_article` WHERE  `status` = 1 ORDER BY id desc LIMIT 0,5 [ RunTime:0.000000s ]
[ sql ] [ SQL ] SELECT `id`,`name` FROM `think_category` [ RunTime:0.017600s ]

---------------------------------------------------------------
[ 2018-04-11T22:05:15+08:00 ] 127.0.0.1 127.0.0.1 GET /article/38.html
[ log ] dev.tp111.com/article/38.html [运行时间：0.150202s][吞吐率：6.66req/s] [内存消耗：3,348.66kb] [文件加载：56]
[ info ] [ LANG ] E:\tp55\thinkphp\lang\zh-cn.php
[ info ] [ ROUTE ] array (
  'type' => 'module',
  'module' => 
  array (
    0 => NULL,
    1 => 'article',
    2 => 'index',
  ),
  'convert' => false,
)
[ info ] [ HEADER ] array (
  'host' => 'dev.tp111.com',
  'user-agent' => 'Mozilla/5.0 (Windows NT 6.1; Win64; x64; rv:59.0) Gecko/20100101 Firefox/59.0',
  'accept' => 'text/html,application/xhtml+xml,application/xml;q=0.9,*/*;q=0.8',
  'accept-language' => 'zh-CN,zh;q=0.8,zh-TW;q=0.7,zh-HK;q=0.5,en-US;q=0.3,en;q=0.2',
  'accept-encoding' => 'gzip, deflate',
  'connection' => 'keep-alive',
  'upgrade-insecure-requests' => '1',
  'pragma' => 'no-cache',
  'cache-control' => 'no-cache',
)
[ info ] [ PARAM ] array (
  '/article/38_html' => '',
  'id' => '38',
)
[ info ] [ CACHE ] INIT File
[ info ] [ DB ] INIT mysql
[ info ] [ RUN ] app\index\controller\article->index[ E:\tp55\application\index\controller\Article.php ]
[ info ] [ VIEW ] themes\article\index.html [ array (
  0 => 'site_config',
  1 => 'banner',
  2 => 'category',
  3 => 'links',
  4 => 'tags',
  5 => 'randarticle',
  6 => 'htorticle',
  7 => 'messageinfo',
  8 => 'nav',
  9 => 'currenturl',
  10 => 'toparticle',
  11 => 'article',
  12 => 'prevs',
  13 => 'nexts',
  14 => 'getcategoryName',
  15 => 'article_related',
) ]
[ info ] [ SESSION ] INIT array (
  'id' => '',
  'var_session_id' => '',
  'prefix' => 'think',
  'type' => '',
  'auto_start' => true,
)
[ info ] [ LOG ] INIT File
[ sql ] [ DB ] CONNECT:[ UseTime:0.033200s ] mysql:dbname=test;host=127.0.0.1;port=3306;charset=utf8
[ sql ] [ SQL ] SHOW COLUMNS FROM `think_system` [ RunTime:0.017600s ]
[ sql ] [ SQL ] SELECT `value` FROM `think_system` WHERE  `name` = 'site_config' LIMIT 1 [ RunTime:0.001000s ]
[ sql ] [ SQL ] SHOW COLUMNS FROM `think_advertising` [ RunTime:0.002001s ]
[ sql ] [ SQL ] SELECT * FROM `think_advertising` WHERE  `status` = 1 ORDER BY sort asc [ RunTime:0.001000s ]
[ sql ] [ SQL ] SHOW COLUMNS FROM `think_category` [ RunTime:0.001000s ]
[ sql ] [ SQL ] SELECT * FROM `think_category` WHERE  `type` = 1 [ RunTime:0.001000s ]
[ sql ] [ SQL ] SHOW COLUMNS FROM `think_links` [ RunTime:0.001000s ]
[ sql ] [ SQL ] SELECT * FROM `think_links` WHERE  `status` = 1 LIMIT 10 [ RunTime:0.000000s ]
[ sql ] [ SQL ] SHOW COLUMNS FROM `think_tags` [ RunTime:0.001000s ]
[ sql ] [ SQL ] SELECT * FROM `think_tags` ORDER BY num desc LIMIT 10 [ RunTime:0.001000s ]
[ sql ] [ SQL ] SHOW COLUMNS FROM `think_article` [ RunTime:0.001000s ]
[ sql ] [ SQL ] SELECT `id`,`title`,`introduction`,`thumb` FROM `think_article` WHERE  `status` = 1 ORDER BY rand() LIMIT 3 [ RunTime:0.001000s ]
[ sql ] [ SQL ] SELECT `id`,`title`,`introduction`,`thumb` FROM `think_article` WHERE  `status` = 1 ORDER BY reading desc LIMIT 10 [ RunTime:0.001000s ]
[ sql ] [ SQL ] SELECT `id`,`title`,`cid`,`introduction`,`keywords`,`tag`,`is_top`,`is_good`,`photo`,`thumb`,`author`,`reading`,`status`,`publish_time`,`sort` FROM `think_article` WHERE  `status` = 1  AND `is_top` = 1 LIMIT 1 [ RunTime:0.001000s ]
[ sql ] [ SQL ] SHOW COLUMNS FROM `think_guestbook` [ RunTime:0.001000s ]
[ sql ] [ SQL ] SELECT * FROM `think_guestbook` WHERE  `status` = 1 LIMIT 4 [ RunTime:0.000000s ]
[ sql ] [ SQL ] SHOW COLUMNS FROM `think_nav` [ RunTime:0.001000s ]
[ sql ] [ SQL ] SELECT * FROM `think_nav` WHERE  `status` = 1 [ RunTime:0.001000s ]
[ sql ] [ SQL ] SELECT * FROM `think_article` WHERE  `id` = 38 LIMIT 1 [ RunTime:0.000000s ]
[ sql ] [ SQL ] SELECT `id`,`name` FROM `think_category` [ RunTime:0.000000s ]
[ sql ] [ SQL ] SELECT `id`,`title` FROM `think_article` WHERE  `cid` = 1  AND (  id<38 ) ORDER BY id desc LIMIT 1 [ RunTime:0.000000s ]
[ sql ] [ SQL ] SELECT `id`,`title` FROM `think_article` WHERE  `cid` = 1  AND (  id>38 ) ORDER BY id asc LIMIT 1 [ RunTime:0.015600s ]
[ sql ] [ SQL ] SELECT `id`,`title` FROM `think_article` WHERE  `cid` = 1  AND `id` <> 38 ORDER BY id desc LIMIT 10 [ RunTime:0.000000s ]

---------------------------------------------------------------
[ 2018-04-11T22:15:43+08:00 ] 127.0.0.1 127.0.0.1 GET /
[ log ] dev.tp111.com/ [运行时间：0.264606s][吞吐率：3.78req/s] [内存消耗：3,466.48kb] [文件加载：60]
[ info ] [ LANG ] E:\tp55\thinkphp\lang\zh-cn.php
[ info ] [ ROUTE ] array (
  'type' => 'module',
  'module' => 
  array (
    0 => '',
    1 => NULL,
    2 => NULL,
  ),
)
[ info ] [ HEADER ] array (
  'host' => 'dev.tp111.com',
  'user-agent' => 'Mozilla/5.0 (Windows NT 6.1; Win64; x64; rv:59.0) Gecko/20100101 Firefox/59.0',
  'accept' => 'text/html,application/xhtml+xml,application/xml;q=0.9,*/*;q=0.8',
  'accept-language' => 'zh-CN,zh;q=0.8,zh-TW;q=0.7,zh-HK;q=0.5,en-US;q=0.3,en;q=0.2',
  'accept-encoding' => 'gzip, deflate',
  'referer' => 'http://dev.tp111.com/',
  'cookie' => 'PHPSESSID=gnsa2ci350md9qpdhccn8klvm6; thinkphp_show_page_trace=0|0',
  'connection' => 'keep-alive',
  'upgrade-insecure-requests' => '1',
  'cache-control' => 'max-age=0',
)
[ info ] [ PARAM ] array (
)
[ info ] [ CACHE ] INIT File
[ info ] [ DB ] INIT mysql
[ info ] [ RUN ] app\index\controller\Index->index[ E:\tp55\application\index\controller\Index.php ]
[ info ] [ VIEW ] themes\index\index.html [ array (
  0 => 'site_config',
  1 => 'banner',
  2 => 'category',
  3 => 'links',
  4 => 'tags',
  5 => 'randarticle',
  6 => 'htorticle',
  7 => 'messageinfo',
  8 => 'nav',
  9 => 'currenturl',
  10 => 'toparticle',
  11 => 'category_level_list',
  12 => 'article_list',
  13 => 'getcategoryName',
) ]
[ info ] [ SESSION ] INIT array (
  'id' => '',
  'var_session_id' => '',
  'prefix' => 'think',
  'type' => '',
  'auto_start' => true,
)
[ info ] [ LOG ] INIT File
[ sql ] [ DB ] CONNECT:[ UseTime:0.035200s ] mysql:dbname=test;host=127.0.0.1;port=3306;charset=utf8
[ sql ] [ SQL ] SHOW COLUMNS FROM `think_system` [ RunTime:0.048800s ]
[ sql ] [ SQL ] SELECT `value` FROM `think_system` WHERE  `name` = 'site_config' LIMIT 1 [ RunTime:0.000000s ]
[ sql ] [ SQL ] SHOW COLUMNS FROM `think_advertising` [ RunTime:0.017600s ]
[ sql ] [ SQL ] SELECT * FROM `think_advertising` WHERE  `status` = 1 ORDER BY sort asc [ RunTime:0.015600s ]
[ sql ] [ SQL ] SHOW COLUMNS FROM `think_category` [ RunTime:0.000000s ]
[ sql ] [ SQL ] SELECT * FROM `think_category` WHERE  `type` = 1 [ RunTime:0.000000s ]
[ sql ] [ SQL ] SHOW COLUMNS FROM `think_links` [ RunTime:0.016600s ]
[ sql ] [ SQL ] SELECT * FROM `think_links` WHERE  `status` = 1 LIMIT 10 [ RunTime:0.000000s ]
[ sql ] [ SQL ] SHOW COLUMNS FROM `think_tags` [ RunTime:0.000000s ]
[ sql ] [ SQL ] SELECT * FROM `think_tags` ORDER BY num desc LIMIT 10 [ RunTime:0.000000s ]
[ sql ] [ SQL ] SHOW COLUMNS FROM `think_article` [ RunTime:0.000000s ]
[ sql ] [ SQL ] SELECT `id`,`title`,`introduction`,`thumb` FROM `think_article` WHERE  `status` = 1 ORDER BY rand() LIMIT 3 [ RunTime:0.015600s ]
[ sql ] [ SQL ] SELECT `id`,`title`,`introduction`,`thumb` FROM `think_article` WHERE  `status` = 1 ORDER BY reading desc LIMIT 10 [ RunTime:0.000000s ]
[ sql ] [ SQL ] SELECT `id`,`title`,`cid`,`introduction`,`keywords`,`tag`,`is_top`,`is_good`,`photo`,`thumb`,`author`,`reading`,`status`,`publish_time`,`sort` FROM `think_article` WHERE  `status` = 1  AND `is_top` = 1 LIMIT 1 [ RunTime:0.000000s ]
[ sql ] [ SQL ] SHOW COLUMNS FROM `think_guestbook` [ RunTime:0.000000s ]
[ sql ] [ SQL ] SELECT * FROM `think_guestbook` WHERE  `status` = 1 LIMIT 4 [ RunTime:0.015600s ]
[ sql ] [ SQL ] SHOW COLUMNS FROM `think_nav` [ RunTime:0.003001s ]
[ sql ] [ SQL ] SELECT * FROM `think_nav` WHERE  `status` = 1 [ RunTime:0.002000s ]
[ sql ] [ SQL ] SELECT * FROM `think_category` ORDER BY `sort`  DESC,`id`  ASC [ RunTime:0.002000s ]
[ sql ] [ SQL ] SELECT COUNT(*) AS tp_count FROM `think_article` WHERE  `status` = 1 LIMIT 1 [ RunTime:0.001000s ]
[ sql ] [ SQL ] SELECT `id`,`title`,`cid`,`introduction`,`tag`,`is_good`,`thumb`,`author`,`reading`,`status`,`publish_time`,`sort` FROM `think_article` WHERE  `status` = 1 ORDER BY id desc LIMIT 0,5 [ RunTime:0.002000s ]
[ sql ] [ SQL ] SELECT `id`,`name` FROM `think_category` [ RunTime:0.002000s ]

---------------------------------------------------------------
[ 2018-04-11T23:57:42+08:00 ] 127.0.0.1 127.0.0.1 GET /index.php/admin/index/index
[ log ] dev.tp111.com/index.php/admin/index/index [运行时间：0.188403s][吞吐率：5.31req/s] [内存消耗：2,978.22kb] [文件加载：52]
[ info ] [ LANG ] E:\tp55\thinkphp\lang\zh-cn.php
[ info ] [ ROUTE ] array (
  'type' => 'module',
  'module' => 
  array (
    0 => 'admin',
    1 => 'index',
    2 => 'index',
  ),
)
[ info ] [ HEADER ] array (
  'host' => 'dev.tp111.com',
  'user-agent' => 'Mozilla/5.0 (Windows NT 6.1; Win64; x64; rv:59.0) Gecko/20100101 Firefox/59.0',
  'accept' => 'text/html,application/xhtml+xml,application/xml;q=0.9,*/*;q=0.8',
  'accept-language' => 'zh-CN,zh;q=0.8,zh-TW;q=0.7,zh-HK;q=0.5,en-US;q=0.3,en;q=0.2',
  'accept-encoding' => 'gzip, deflate',
  'referer' => 'http://dev.tp111.com/admin/article/index.html',
  'cookie' => 'PHPSESSID=gnsa2ci350md9qpdhccn8klvm6; thinkphp_show_page_trace=0|0',
  'connection' => 'keep-alive',
  'upgrade-insecure-requests' => '1',
)
[ info ] [ PARAM ] array (
)
[ info ] [ SESSION ] INIT array (
  'id' => '',
  'var_session_id' => '',
  'prefix' => 'think',
  'type' => '',
  'auto_start' => true,
)
[ info ] [ DB ] INIT mysql
[ info ] [ RUN ] app\admin\controller\Index->index[ E:\tp55\application\admin\controller\Index.php ]
[ info ] [ VIEW ] admin_themes\index\index.html [ array (
  0 => 'menu',
  1 => 'site_config',
  2 => 'controller',
  3 => 'new_ver',
  4 => 'approvedarticle_number',
  5 => 'notauditarticle_number',
  6 => 'links_number',
  7 => 'tell_number',
  8 => 'guestbook_number',
  9 => 'config',
) ]
[ info ] [ LOG ] INIT File
[ sql ] [ DB ] CONNECT:[ UseTime:0.000000s ] mysql:dbname=test;host=127.0.0.1;port=3306;charset=utf8
[ sql ] [ SQL ] SHOW COLUMNS FROM `think_auth_rule` [ RunTime:0.050201s ]
[ sql ] [ SQL ] SELECT * FROM `think_auth_rule` WHERE  `status` = 1 ORDER BY `sort`  desc,`id`  asc [ RunTime:0.014001s ]
[ sql ] [ SQL ] SHOW COLUMNS FROM `think_auth_group_access` [ RunTime:0.001000s ]
[ sql ] [ SQL ] SELECT `AuthGroupAccess`.`uid`,`AuthGroupAccess`.`group_id`,`AuthGroup`.`title`,`AuthGroup`.`rules` FROM `think_auth_group_access` `AuthGroupAccess` LEFT JOIN `think_auth_group` `AuthGroup` ON `AuthGroupAccess`.`group_id`=`AuthGroup`.`id` WHERE  (  AuthGroupAccess.uid='1' and AuthGroup.status='1' ) [ RunTime:0.015600s ]
[ sql ] [ SQL ] SELECT `condition`,`name` FROM `think_auth_rule` WHERE  `id` IN (1,2,3,5,6,7,8,9,10,11,12,39,40,41,42,43,14,13,20,21,22,23,24,15,25,26,27,28,29,30,16,17,44,45,46,47,48,18,49,50,51,52,53,19,31,32,33,34,35,36,37,54,55,56,57,58,59,60,61,62)  AND `type` = 1 [ RunTime:0.000000s ]
[ sql ] [ SQL ] SHOW COLUMNS FROM `think_system` [ RunTime:0.000000s ]
[ sql ] [ SQL ] SELECT `value` FROM `think_system` WHERE  `name` = 'site_config' LIMIT 1 [ RunTime:0.000000s ]
[ sql ] [ SQL ] SELECT VERSION() AS ver [ RunTime:0.000000s ]
[ sql ] [ SQL ] SHOW COLUMNS FROM `think_article` [ RunTime:0.000000s ]
[ sql ] [ SQL ] SELECT `id` FROM `think_article` WHERE  (  status=1 ) [ RunTime:0.002000s ]
[ sql ] [ SQL ] SELECT `id` FROM `think_article` WHERE  (  status=0 ) [ RunTime:0.000000s ]
[ sql ] [ SQL ] SHOW COLUMNS FROM `think_links` [ RunTime:0.000000s ]
[ sql ] [ SQL ] SELECT `id` FROM `think_links` [ RunTime:0.000000s ]
[ sql ] [ SQL ] SHOW COLUMNS FROM `think_tell` [ RunTime:0.000000s ]
[ sql ] [ SQL ] SELECT `id` FROM `think_tell` [ RunTime:0.000000s ]
[ sql ] [ SQL ] SHOW COLUMNS FROM `think_guestbook` [ RunTime:0.017600s ]
[ sql ] [ SQL ] SELECT `id` FROM `think_guestbook` [ RunTime:0.000000s ]

---------------------------------------------------------------
