[ 2018-04-20T20:39:33+08:00 ] 127.0.0.1 127.0.0.1 GET /admin
[ log ] dev.tp111.com/admin [运行时间：0.146008s][吞吐率：6.85req/s] [内存消耗：2,979.88kb] [文件加载：52]
[ info ] [ LANG ] E:\tp55\thinkphp\lang\zh-cn.php
[ info ] [ ROUTE ] array (
  'type' => 'module',
  'module' => 
  array (
    0 => 'admin',
    1 => NULL,
    2 => NULL,
  ),
)
[ info ] [ HEADER ] array (
  'host' => 'dev.tp111.com',
  'connection' => 'keep-alive',
  'upgrade-insecure-requests' => '1',
  'user-agent' => 'Mozilla/5.0 (Windows NT 6.1; WOW64) AppleWebKit/537.36 (KHTML, like Gecko) Chrome/65.0.3325.181 Safari/537.36',
  'accept' => 'text/html,application/xhtml+xml,application/xml;q=0.9,image/webp,image/apng,*/*;q=0.8',
  'accept-encoding' => 'gzip, deflate',
  'accept-language' => 'zh-CN,zh;q=0.9,en;q=0.8',
  'cookie' => 'PHPSESSID=mplh1c877ufpq52rrr6s7tpif5; thinkphp_show_page_trace=0|0',
)
[ info ] [ PARAM ] array (
  '/admin' => '',
)
[ info ] [ SESSION ] INIT array (
  'id' => '',
  'var_session_id' => '',
  'prefix' => 'think',
  'type' => '',
  'auto_start' => true,
)
[ info ] [ DB ] INIT mysql
[ info ] [ RUN ] app\admin\controller\Index->index[ E:\tp55\application\admin\controller\Index.php ]
[ info ] [ VIEW ] admin_themes\index\index.html [ array (
  0 => 'menu',
  1 => 'site_config',
  2 => 'controller',
  3 => 'new_ver',
  4 => 'approvedarticle_number',
  5 => 'notauditarticle_number',
  6 => 'links_number',
  7 => 'tell_number',
  8 => 'guestbook_number',
  9 => 'config',
) ]
[ info ] [ LOG ] INIT File
[ sql ] [ DB ] CONNECT:[ UseTime:0.004000s ] mysql:dbname=test;host=127.0.0.1;port=3306;charset=utf8
[ sql ] [ SQL ] SHOW COLUMNS FROM `think_auth_rule` [ RunTime:0.021001s ]
[ sql ] [ SQL ] SELECT * FROM `think_auth_rule` WHERE  `status` = 1 ORDER BY `sort`  desc,`id`  asc [ RunTime:0.001000s ]
[ sql ] [ SQL ] SHOW COLUMNS FROM `think_auth_group_access` [ RunTime:0.001000s ]
[ sql ] [ SQL ] SELECT `AuthGroupAccess`.`uid`,`AuthGroupAccess`.`group_id`,`AuthGroup`.`title`,`AuthGroup`.`rules` FROM `think_auth_group_access` `AuthGroupAccess` LEFT JOIN `think_auth_group` `AuthGroup` ON `AuthGroupAccess`.`group_id`=`AuthGroup`.`id` WHERE  (  AuthGroupAccess.uid='1' and AuthGroup.status='1' ) [ RunTime:0.001000s ]
[ sql ] [ SQL ] SELECT `condition`,`name` FROM `think_auth_rule` WHERE  `id` IN (1,2,3,5,6,7,8,9,10,11,12,39,40,41,42,43,14,13,20,21,22,23,24,15,25,26,27,28,29,30,16,17,44,45,46,47,48,18,49,50,51,52,53,19,31,32,33,34,35,36,37,54,55,56,57,58,59,60,61,62)  AND `type` = 1 [ RunTime:0.001001s ]
[ sql ] [ SQL ] SHOW COLUMNS FROM `think_system` [ RunTime:0.001000s ]
[ sql ] [ SQL ] SELECT `value` FROM `think_system` WHERE  `name` = 'site_config' LIMIT 1 [ RunTime:0.001000s ]
[ sql ] [ SQL ] SELECT VERSION() AS ver [ RunTime:0.001000s ]
[ sql ] [ SQL ] SHOW COLUMNS FROM `think_article` [ RunTime:0.001000s ]
[ sql ] [ SQL ] SELECT `id` FROM `think_article` WHERE  (  status=1 ) [ RunTime:0.001000s ]
[ sql ] [ SQL ] SELECT `id` FROM `think_article` WHERE  (  status=0 ) [ RunTime:0.000000s ]
[ sql ] [ SQL ] SHOW COLUMNS FROM `think_links` [ RunTime:0.001000s ]
[ sql ] [ SQL ] SELECT `id` FROM `think_links` [ RunTime:0.001001s ]
[ sql ] [ SQL ] SHOW COLUMNS FROM `think_tell` [ RunTime:0.001000s ]
[ sql ] [ SQL ] SELECT `id` FROM `think_tell` [ RunTime:0.001000s ]
[ sql ] [ SQL ] SHOW COLUMNS FROM `think_guestbook` [ RunTime:0.001000s ]
[ sql ] [ SQL ] SELECT `id` FROM `think_guestbook` [ RunTime:0.000000s ]

---------------------------------------------------------------
[ 2018-04-20T20:40:34+08:00 ] 127.0.0.1 127.0.0.1 GET /admin/tell/index.html
[ log ] dev.tp111.com/admin/tell/index.html [运行时间：0.126007s][吞吐率：7.94req/s] [内存消耗：3,421.27kb] [文件加载：59]
[ info ] [ LANG ] E:\tp55\thinkphp\lang\zh-cn.php
[ info ] [ ROUTE ] array (
  'type' => 'module',
  'module' => 
  array (
    0 => 'admin',
    1 => 'tell',
    2 => 'index',
  ),
)
[ info ] [ HEADER ] array (
  'host' => 'dev.tp111.com',
  'connection' => 'keep-alive',
  'upgrade-insecure-requests' => '1',
  'user-agent' => 'Mozilla/5.0 (Windows NT 6.1; WOW64) AppleWebKit/537.36 (KHTML, like Gecko) Chrome/65.0.3325.181 Safari/537.36',
  'accept' => 'text/html,application/xhtml+xml,application/xml;q=0.9,image/webp,image/apng,*/*;q=0.8',
  'referer' => 'http://dev.tp111.com/admin',
  'accept-encoding' => 'gzip, deflate',
  'accept-language' => 'zh-CN,zh;q=0.9,en;q=0.8',
  'cookie' => 'thinkphp_show_page_trace=0|0; PHPSESSID=mplh1c877ufpq52rrr6s7tpif5; thinkphp_show_page_trace=0|0',
)
[ info ] [ PARAM ] array (
  '/admin/tell/index_html' => '',
)
[ info ] [ SESSION ] INIT array (
  'id' => '',
  'var_session_id' => '',
  'prefix' => 'think',
  'type' => '',
  'auto_start' => true,
)
[ info ] [ DB ] INIT mysql
[ info ] [ RUN ] app\admin\controller\Tell->index[ E:\tp55\application\admin\controller\Tell.php ]
[ info ] [ VIEW ] admin_themes\tell\index.html [ array (
  0 => 'menu',
  1 => 'site_config',
  2 => 'controller',
  3 => 'tell_list',
  4 => 'keyword',
  5 => 'author',
) ]
[ info ] [ LOG ] INIT File
[ sql ] [ DB ] CONNECT:[ UseTime:0.011001s ] mysql:dbname=test;host=127.0.0.1;port=3306;charset=utf8
[ sql ] [ SQL ] SHOW COLUMNS FROM `think_auth_group_access` [ RunTime:0.003000s ]
[ sql ] [ SQL ] SELECT `AuthGroupAccess`.`uid`,`AuthGroupAccess`.`group_id`,`AuthGroup`.`title`,`AuthGroup`.`rules` FROM `think_auth_group_access` `AuthGroupAccess` LEFT JOIN `think_auth_group` `AuthGroup` ON `AuthGroupAccess`.`group_id`=`AuthGroup`.`id` WHERE  (  AuthGroupAccess.uid='1' and AuthGroup.status='1' ) [ RunTime:0.001000s ]
[ sql ] [ SQL ] SHOW COLUMNS FROM `think_auth_rule` [ RunTime:0.001000s ]
[ sql ] [ SQL ] SELECT `condition`,`name` FROM `think_auth_rule` WHERE  `id` IN (1,2,3,5,6,7,8,9,10,11,12,39,40,41,42,43,14,13,20,21,22,23,24,15,25,26,27,28,29,30,16,17,44,45,46,47,48,18,49,50,51,52,53,19,31,32,33,34,35,36,37,54,55,56,57,58,59,60,61,62)  AND `type` = 1 [ RunTime:0.002000s ]
[ sql ] [ SQL ] SELECT * FROM `think_auth_rule` WHERE  `status` = 1 ORDER BY `sort`  desc,`id`  asc [ RunTime:0.001000s ]
[ sql ] [ SQL ] SHOW COLUMNS FROM `think_system` [ RunTime:0.002000s ]
[ sql ] [ SQL ] SELECT `value` FROM `think_system` WHERE  `name` = 'site_config' LIMIT 1 [ RunTime:0.001000s ]
[ sql ] [ SQL ] SELECT `value` FROM `think_system` WHERE  `name` = 'site_config' LIMIT 1 [ RunTime:0.001000s ]
[ sql ] [ SQL ] SHOW COLUMNS FROM `think_tell` [ RunTime:0.002000s ]
[ sql ] [ SQL ] SELECT COUNT(*) AS tp_count FROM `think_tell` LIMIT 1 [ RunTime:0.001000s ]
[ sql ] [ SQL ] SELECT * FROM `think_tell` ORDER BY id DESC LIMIT 0,15 [ RunTime:0.001000s ]
[ sql ] [ SQL ] SHOW COLUMNS FROM `think_admin_user` [ RunTime:0.001000s ]
[ sql ] [ SQL ] SELECT `id`,`username` FROM `think_admin_user` [ RunTime:0.000000s ]

---------------------------------------------------------------
[ 2018-04-20T20:40:37+08:00 ] 127.0.0.1 127.0.0.1 POST /admin/tell/delete.html
[ log ] dev.tp111.com/admin/tell/delete.html [运行时间：0.113602s][吞吐率：8.80req/s] [内存消耗：3,178.45kb] [文件加载：56]
[ info ] [ LANG ] E:\tp55\thinkphp\lang\zh-cn.php
[ info ] [ ROUTE ] array (
  'type' => 'module',
  'module' => 
  array (
    0 => 'admin',
    1 => 'tell',
    2 => 'delete',
  ),
)
[ info ] [ HEADER ] array (
  'host' => 'dev.tp111.com',
  'connection' => 'keep-alive',
  'content-length' => '25',
  'accept' => 'application/json, text/javascript, */*; q=0.01',
  'origin' => 'http://dev.tp111.com',
  'x-requested-with' => 'XMLHttpRequest',
  'user-agent' => 'Mozilla/5.0 (Windows NT 6.1; WOW64) AppleWebKit/537.36 (KHTML, like Gecko) Chrome/65.0.3325.181 Safari/537.36',
  'content-type' => 'application/x-www-form-urlencoded; charset=UTF-8',
  'referer' => 'http://dev.tp111.com/admin/tell/index.html',
  'accept-encoding' => 'gzip, deflate',
  'accept-language' => 'zh-CN,zh;q=0.9,en;q=0.8',
  'cookie' => 'thinkphp_show_page_trace=0|0; PHPSESSID=mplh1c877ufpq52rrr6s7tpif5; thinkphp_show_page_trace=0|0',
)
[ info ] [ PARAM ] array (
  '/admin/tell/delete_html' => '',
  'ids' => 
  array (
    0 => '39',
    1 => '38',
  ),
)
[ info ] [ SESSION ] INIT array (
  'id' => '',
  'var_session_id' => '',
  'prefix' => 'think',
  'type' => '',
  'auto_start' => true,
)
[ info ] [ DB ] INIT mysql
[ info ] [ RUN ] app\admin\controller\Tell->delete[ E:\tp55\application\admin\controller\Tell.php ]
[ info ] [ LOG ] INIT File
[ sql ] [ DB ] CONNECT:[ UseTime:0.000000s ] mysql:dbname=test;host=127.0.0.1;port=3306;charset=utf8
[ sql ] [ SQL ] SHOW COLUMNS FROM `think_auth_group_access` [ RunTime:0.031200s ]
[ sql ] [ SQL ] SELECT `AuthGroupAccess`.`uid`,`AuthGroupAccess`.`group_id`,`AuthGroup`.`title`,`AuthGroup`.`rules` FROM `think_auth_group_access` `AuthGroupAccess` LEFT JOIN `think_auth_group` `AuthGroup` ON `AuthGroupAccess`.`group_id`=`AuthGroup`.`id` WHERE  (  AuthGroupAccess.uid='1' and AuthGroup.status='1' ) [ RunTime:0.000000s ]
[ sql ] [ SQL ] SHOW COLUMNS FROM `think_auth_rule` [ RunTime:0.000000s ]
[ sql ] [ SQL ] SELECT `condition`,`name` FROM `think_auth_rule` WHERE  `id` IN (1,2,3,5,6,7,8,9,10,11,12,39,40,41,42,43,14,13,20,21,22,23,24,15,25,26,27,28,29,30,16,17,44,45,46,47,48,18,49,50,51,52,53,19,31,32,33,34,35,36,37,54,55,56,57,58,59,60,61,62)  AND `type` = 1 [ RunTime:0.000000s ]
[ sql ] [ SQL ] SELECT * FROM `think_auth_rule` WHERE  `status` = 1 ORDER BY `sort`  desc,`id`  asc [ RunTime:0.000000s ]
[ sql ] [ SQL ] SHOW COLUMNS FROM `think_system` [ RunTime:0.000000s ]
[ sql ] [ SQL ] SELECT `value` FROM `think_system` WHERE  `name` = 'site_config' LIMIT 1 [ RunTime:0.000000s ]
[ sql ] [ SQL ] SHOW COLUMNS FROM `think_tell` [ RunTime:0.000000s ]
[ error ] [10501]SQLSTATE[42000]: Syntax error or access violation: 1064 You have an error in your SQL syntax; check the manual that corresponds to your MySQL server version for the right syntax to use near '= '39'  AND  = '38'' at line 1[E:\tp55\thinkphp\library\think\db\Connection.php:362]

---------------------------------------------------------------
[ 2018-04-20T20:40:38+08:00 ] 127.0.0.1 127.0.0.1 POST /admin/tell/delete.html
[ log ] dev.tp111.com/admin/tell/delete.html [运行时间：0.077401s][吞吐率：12.92req/s] [内存消耗：3,178.45kb] [文件加载：56]
[ info ] [ LANG ] E:\tp55\thinkphp\lang\zh-cn.php
[ info ] [ ROUTE ] array (
  'type' => 'module',
  'module' => 
  array (
    0 => 'admin',
    1 => 'tell',
    2 => 'delete',
  ),
)
[ info ] [ HEADER ] array (
  'host' => 'dev.tp111.com',
  'connection' => 'keep-alive',
  'content-length' => '25',
  'accept' => 'application/json, text/javascript, */*; q=0.01',
  'origin' => 'http://dev.tp111.com',
  'x-requested-with' => 'XMLHttpRequest',
  'user-agent' => 'Mozilla/5.0 (Windows NT 6.1; WOW64) AppleWebKit/537.36 (KHTML, like Gecko) Chrome/65.0.3325.181 Safari/537.36',
  'content-type' => 'application/x-www-form-urlencoded; charset=UTF-8',
  'referer' => 'http://dev.tp111.com/admin/tell/index.html',
  'accept-encoding' => 'gzip, deflate',
  'accept-language' => 'zh-CN,zh;q=0.9,en;q=0.8',
  'cookie' => 'thinkphp_show_page_trace=0|0; PHPSESSID=mplh1c877ufpq52rrr6s7tpif5; thinkphp_show_page_trace=0|0',
)
[ info ] [ PARAM ] array (
  '/admin/tell/delete_html' => '',
  'ids' => 
  array (
    0 => '39',
    1 => '38',
  ),
)
[ info ] [ SESSION ] INIT array (
  'id' => '',
  'var_session_id' => '',
  'prefix' => 'think',
  'type' => '',
  'auto_start' => true,
)
[ info ] [ DB ] INIT mysql
[ info ] [ RUN ] app\admin\controller\Tell->delete[ E:\tp55\application\admin\controller\Tell.php ]
[ info ] [ LOG ] INIT File
[ sql ] [ DB ] CONNECT:[ UseTime:0.000000s ] mysql:dbname=test;host=127.0.0.1;port=3306;charset=utf8
[ sql ] [ SQL ] SHOW COLUMNS FROM `think_auth_group_access` [ RunTime:0.000000s ]
[ sql ] [ SQL ] SELECT `AuthGroupAccess`.`uid`,`AuthGroupAccess`.`group_id`,`AuthGroup`.`title`,`AuthGroup`.`rules` FROM `think_auth_group_access` `AuthGroupAccess` LEFT JOIN `think_auth_group` `AuthGroup` ON `AuthGroupAccess`.`group_id`=`AuthGroup`.`id` WHERE  (  AuthGroupAccess.uid='1' and AuthGroup.status='1' ) [ RunTime:0.000000s ]
[ sql ] [ SQL ] SHOW COLUMNS FROM `think_auth_rule` [ RunTime:0.000000s ]
[ sql ] [ SQL ] SELECT `condition`,`name` FROM `think_auth_rule` WHERE  `id` IN (1,2,3,5,6,7,8,9,10,11,12,39,40,41,42,43,14,13,20,21,22,23,24,15,25,26,27,28,29,30,16,17,44,45,46,47,48,18,49,50,51,52,53,19,31,32,33,34,35,36,37,54,55,56,57,58,59,60,61,62)  AND `type` = 1 [ RunTime:0.000000s ]
[ sql ] [ SQL ] SELECT * FROM `think_auth_rule` WHERE  `status` = 1 ORDER BY `sort`  desc,`id`  asc [ RunTime:0.000000s ]
[ sql ] [ SQL ] SHOW COLUMNS FROM `think_system` [ RunTime:0.000000s ]
[ sql ] [ SQL ] SELECT `value` FROM `think_system` WHERE  `name` = 'site_config' LIMIT 1 [ RunTime:0.000000s ]
[ sql ] [ SQL ] SHOW COLUMNS FROM `think_tell` [ RunTime:0.000000s ]
[ error ] [10501]SQLSTATE[42000]: Syntax error or access violation: 1064 You have an error in your SQL syntax; check the manual that corresponds to your MySQL server version for the right syntax to use near '= '39'  AND  = '38'' at line 1[E:\tp55\thinkphp\library\think\db\Connection.php:362]

---------------------------------------------------------------
[ 2018-04-20T20:40:39+08:00 ] 127.0.0.1 127.0.0.1 POST /admin/tell/delete.html
[ log ] dev.tp111.com/admin/tell/delete.html [运行时间：0.072401s][吞吐率：13.81req/s] [内存消耗：3,178.45kb] [文件加载：56]
[ info ] [ LANG ] E:\tp55\thinkphp\lang\zh-cn.php
[ info ] [ ROUTE ] array (
  'type' => 'module',
  'module' => 
  array (
    0 => 'admin',
    1 => 'tell',
    2 => 'delete',
  ),
)
[ info ] [ HEADER ] array (
  'host' => 'dev.tp111.com',
  'connection' => 'keep-alive',
  'content-length' => '25',
  'accept' => 'application/json, text/javascript, */*; q=0.01',
  'origin' => 'http://dev.tp111.com',
  'x-requested-with' => 'XMLHttpRequest',
  'user-agent' => 'Mozilla/5.0 (Windows NT 6.1; WOW64) AppleWebKit/537.36 (KHTML, like Gecko) Chrome/65.0.3325.181 Safari/537.36',
  'content-type' => 'application/x-www-form-urlencoded; charset=UTF-8',
  'referer' => 'http://dev.tp111.com/admin/tell/index.html',
  'accept-encoding' => 'gzip, deflate',
  'accept-language' => 'zh-CN,zh;q=0.9,en;q=0.8',
  'cookie' => 'thinkphp_show_page_trace=0|0; PHPSESSID=mplh1c877ufpq52rrr6s7tpif5; thinkphp_show_page_trace=0|0',
)
[ info ] [ PARAM ] array (
  '/admin/tell/delete_html' => '',
  'ids' => 
  array (
    0 => '39',
    1 => '38',
  ),
)
[ info ] [ SESSION ] INIT array (
  'id' => '',
  'var_session_id' => '',
  'prefix' => 'think',
  'type' => '',
  'auto_start' => true,
)
[ info ] [ DB ] INIT mysql
[ info ] [ RUN ] app\admin\controller\Tell->delete[ E:\tp55\application\admin\controller\Tell.php ]
[ info ] [ LOG ] INIT File
[ sql ] [ DB ] CONNECT:[ UseTime:0.000000s ] mysql:dbname=test;host=127.0.0.1;port=3306;charset=utf8
[ sql ] [ SQL ] SHOW COLUMNS FROM `think_auth_group_access` [ RunTime:0.015600s ]
[ sql ] [ SQL ] SELECT `AuthGroupAccess`.`uid`,`AuthGroupAccess`.`group_id`,`AuthGroup`.`title`,`AuthGroup`.`rules` FROM `think_auth_group_access` `AuthGroupAccess` LEFT JOIN `think_auth_group` `AuthGroup` ON `AuthGroupAccess`.`group_id`=`AuthGroup`.`id` WHERE  (  AuthGroupAccess.uid='1' and AuthGroup.status='1' ) [ RunTime:0.000000s ]
[ sql ] [ SQL ] SHOW COLUMNS FROM `think_auth_rule` [ RunTime:0.000000s ]
[ sql ] [ SQL ] SELECT `condition`,`name` FROM `think_auth_rule` WHERE  `id` IN (1,2,3,5,6,7,8,9,10,11,12,39,40,41,42,43,14,13,20,21,22,23,24,15,25,26,27,28,29,30,16,17,44,45,46,47,48,18,49,50,51,52,53,19,31,32,33,34,35,36,37,54,55,56,57,58,59,60,61,62)  AND `type` = 1 [ RunTime:0.000000s ]
[ sql ] [ SQL ] SELECT * FROM `think_auth_rule` WHERE  `status` = 1 ORDER BY `sort`  desc,`id`  asc [ RunTime:0.000000s ]
[ sql ] [ SQL ] SHOW COLUMNS FROM `think_system` [ RunTime:0.015600s ]
[ sql ] [ SQL ] SELECT `value` FROM `think_system` WHERE  `name` = 'site_config' LIMIT 1 [ RunTime:0.000000s ]
[ sql ] [ SQL ] SHOW COLUMNS FROM `think_tell` [ RunTime:0.000000s ]
[ error ] [10501]SQLSTATE[42000]: Syntax error or access violation: 1064 You have an error in your SQL syntax; check the manual that corresponds to your MySQL server version for the right syntax to use near '= '39'  AND  = '38'' at line 1[E:\tp55\thinkphp\library\think\db\Connection.php:362]

---------------------------------------------------------------
[ 2018-04-20T20:40:39+08:00 ] 127.0.0.1 127.0.0.1 POST /admin/tell/delete.html
[ log ] dev.tp111.com/admin/tell/delete.html [运行时间：0.056801s][吞吐率：17.61req/s] [内存消耗：3,178.45kb] [文件加载：56]
[ info ] [ LANG ] E:\tp55\thinkphp\lang\zh-cn.php
[ info ] [ ROUTE ] array (
  'type' => 'module',
  'module' => 
  array (
    0 => 'admin',
    1 => 'tell',
    2 => 'delete',
  ),
)
[ info ] [ HEADER ] array (
  'host' => 'dev.tp111.com',
  'connection' => 'keep-alive',
  'content-length' => '25',
  'accept' => 'application/json, text/javascript, */*; q=0.01',
  'origin' => 'http://dev.tp111.com',
  'x-requested-with' => 'XMLHttpRequest',
  'user-agent' => 'Mozilla/5.0 (Windows NT 6.1; WOW64) AppleWebKit/537.36 (KHTML, like Gecko) Chrome/65.0.3325.181 Safari/537.36',
  'content-type' => 'application/x-www-form-urlencoded; charset=UTF-8',
  'referer' => 'http://dev.tp111.com/admin/tell/index.html',
  'accept-encoding' => 'gzip, deflate',
  'accept-language' => 'zh-CN,zh;q=0.9,en;q=0.8',
  'cookie' => 'thinkphp_show_page_trace=0|0; PHPSESSID=mplh1c877ufpq52rrr6s7tpif5; thinkphp_show_page_trace=0|0',
)
[ info ] [ PARAM ] array (
  '/admin/tell/delete_html' => '',
  'ids' => 
  array (
    0 => '39',
    1 => '38',
  ),
)
[ info ] [ SESSION ] INIT array (
  'id' => '',
  'var_session_id' => '',
  'prefix' => 'think',
  'type' => '',
  'auto_start' => true,
)
[ info ] [ DB ] INIT mysql
[ info ] [ RUN ] app\admin\controller\Tell->delete[ E:\tp55\application\admin\controller\Tell.php ]
[ info ] [ LOG ] INIT File
[ sql ] [ DB ] CONNECT:[ UseTime:0.000000s ] mysql:dbname=test;host=127.0.0.1;port=3306;charset=utf8
[ sql ] [ SQL ] SHOW COLUMNS FROM `think_auth_group_access` [ RunTime:0.000000s ]
[ sql ] [ SQL ] SELECT `AuthGroupAccess`.`uid`,`AuthGroupAccess`.`group_id`,`AuthGroup`.`title`,`AuthGroup`.`rules` FROM `think_auth_group_access` `AuthGroupAccess` LEFT JOIN `think_auth_group` `AuthGroup` ON `AuthGroupAccess`.`group_id`=`AuthGroup`.`id` WHERE  (  AuthGroupAccess.uid='1' and AuthGroup.status='1' ) [ RunTime:0.000000s ]
[ sql ] [ SQL ] SHOW COLUMNS FROM `think_auth_rule` [ RunTime:0.015600s ]
[ sql ] [ SQL ] SELECT `condition`,`name` FROM `think_auth_rule` WHERE  `id` IN (1,2,3,5,6,7,8,9,10,11,12,39,40,41,42,43,14,13,20,21,22,23,24,15,25,26,27,28,29,30,16,17,44,45,46,47,48,18,49,50,51,52,53,19,31,32,33,34,35,36,37,54,55,56,57,58,59,60,61,62)  AND `type` = 1 [ RunTime:0.000000s ]
[ sql ] [ SQL ] SELECT * FROM `think_auth_rule` WHERE  `status` = 1 ORDER BY `sort`  desc,`id`  asc [ RunTime:0.000000s ]
[ sql ] [ SQL ] SHOW COLUMNS FROM `think_system` [ RunTime:0.000000s ]
[ sql ] [ SQL ] SELECT `value` FROM `think_system` WHERE  `name` = 'site_config' LIMIT 1 [ RunTime:0.000000s ]
[ sql ] [ SQL ] SHOW COLUMNS FROM `think_tell` [ RunTime:0.000000s ]
[ error ] [10501]SQLSTATE[42000]: Syntax error or access violation: 1064 You have an error in your SQL syntax; check the manual that corresponds to your MySQL server version for the right syntax to use near '= '39'  AND  = '38'' at line 1[E:\tp55\thinkphp\library\think\db\Connection.php:362]

---------------------------------------------------------------
[ 2018-04-20T20:40:39+08:00 ] 127.0.0.1 127.0.0.1 POST /admin/tell/delete.html
[ log ] dev.tp111.com/admin/tell/delete.html [运行时间：0.077802s][吞吐率：12.85req/s] [内存消耗：3,178.45kb] [文件加载：56]
[ info ] [ LANG ] E:\tp55\thinkphp\lang\zh-cn.php
[ info ] [ ROUTE ] array (
  'type' => 'module',
  'module' => 
  array (
    0 => 'admin',
    1 => 'tell',
    2 => 'delete',
  ),
)
[ info ] [ HEADER ] array (
  'host' => 'dev.tp111.com',
  'connection' => 'keep-alive',
  'content-length' => '25',
  'accept' => 'application/json, text/javascript, */*; q=0.01',
  'origin' => 'http://dev.tp111.com',
  'x-requested-with' => 'XMLHttpRequest',
  'user-agent' => 'Mozilla/5.0 (Windows NT 6.1; WOW64) AppleWebKit/537.36 (KHTML, like Gecko) Chrome/65.0.3325.181 Safari/537.36',
  'content-type' => 'application/x-www-form-urlencoded; charset=UTF-8',
  'referer' => 'http://dev.tp111.com/admin/tell/index.html',
  'accept-encoding' => 'gzip, deflate',
  'accept-language' => 'zh-CN,zh;q=0.9,en;q=0.8',
  'cookie' => 'thinkphp_show_page_trace=0|0; PHPSESSID=mplh1c877ufpq52rrr6s7tpif5; thinkphp_show_page_trace=0|0',
)
[ info ] [ PARAM ] array (
  '/admin/tell/delete_html' => '',
  'ids' => 
  array (
    0 => '39',
    1 => '38',
  ),
)
[ info ] [ SESSION ] INIT array (
  'id' => '',
  'var_session_id' => '',
  'prefix' => 'think',
  'type' => '',
  'auto_start' => true,
)
[ info ] [ DB ] INIT mysql
[ info ] [ RUN ] app\admin\controller\Tell->delete[ E:\tp55\application\admin\controller\Tell.php ]
[ info ] [ LOG ] INIT File
[ sql ] [ DB ] CONNECT:[ UseTime:0.015600s ] mysql:dbname=test;host=127.0.0.1;port=3306;charset=utf8
[ sql ] [ SQL ] SHOW COLUMNS FROM `think_auth_group_access` [ RunTime:0.000000s ]
[ sql ] [ SQL ] SELECT `AuthGroupAccess`.`uid`,`AuthGroupAccess`.`group_id`,`AuthGroup`.`title`,`AuthGroup`.`rules` FROM `think_auth_group_access` `AuthGroupAccess` LEFT JOIN `think_auth_group` `AuthGroup` ON `AuthGroupAccess`.`group_id`=`AuthGroup`.`id` WHERE  (  AuthGroupAccess.uid='1' and AuthGroup.status='1' ) [ RunTime:0.000000s ]
[ sql ] [ SQL ] SHOW COLUMNS FROM `think_auth_rule` [ RunTime:0.000000s ]
[ sql ] [ SQL ] SELECT `condition`,`name` FROM `think_auth_rule` WHERE  `id` IN (1,2,3,5,6,7,8,9,10,11,12,39,40,41,42,43,14,13,20,21,22,23,24,15,25,26,27,28,29,30,16,17,44,45,46,47,48,18,49,50,51,52,53,19,31,32,33,34,35,36,37,54,55,56,57,58,59,60,61,62)  AND `type` = 1 [ RunTime:0.000000s ]
[ sql ] [ SQL ] SELECT * FROM `think_auth_rule` WHERE  `status` = 1 ORDER BY `sort`  desc,`id`  asc [ RunTime:0.000000s ]
[ sql ] [ SQL ] SHOW COLUMNS FROM `think_system` [ RunTime:0.000000s ]
[ sql ] [ SQL ] SELECT `value` FROM `think_system` WHERE  `name` = 'site_config' LIMIT 1 [ RunTime:0.000000s ]
[ sql ] [ SQL ] SHOW COLUMNS FROM `think_tell` [ RunTime:0.000000s ]
[ error ] [10501]SQLSTATE[42000]: Syntax error or access violation: 1064 You have an error in your SQL syntax; check the manual that corresponds to your MySQL server version for the right syntax to use near '= '39'  AND  = '38'' at line 1[E:\tp55\thinkphp\library\think\db\Connection.php:362]

---------------------------------------------------------------
[ 2018-04-20T20:40:39+08:00 ] 127.0.0.1 127.0.0.1 POST /admin/tell/delete.html
[ log ] dev.tp111.com/admin/tell/delete.html [运行时间：0.070400s][吞吐率：14.20req/s] [内存消耗：3,178.45kb] [文件加载：56]
[ info ] [ LANG ] E:\tp55\thinkphp\lang\zh-cn.php
[ info ] [ ROUTE ] array (
  'type' => 'module',
  'module' => 
  array (
    0 => 'admin',
    1 => 'tell',
    2 => 'delete',
  ),
)
[ info ] [ HEADER ] array (
  'host' => 'dev.tp111.com',
  'connection' => 'keep-alive',
  'content-length' => '25',
  'accept' => 'application/json, text/javascript, */*; q=0.01',
  'origin' => 'http://dev.tp111.com',
  'x-requested-with' => 'XMLHttpRequest',
  'user-agent' => 'Mozilla/5.0 (Windows NT 6.1; WOW64) AppleWebKit/537.36 (KHTML, like Gecko) Chrome/65.0.3325.181 Safari/537.36',
  'content-type' => 'application/x-www-form-urlencoded; charset=UTF-8',
  'referer' => 'http://dev.tp111.com/admin/tell/index.html',
  'accept-encoding' => 'gzip, deflate',
  'accept-language' => 'zh-CN,zh;q=0.9,en;q=0.8',
  'cookie' => 'thinkphp_show_page_trace=0|0; PHPSESSID=mplh1c877ufpq52rrr6s7tpif5; thinkphp_show_page_trace=0|0',
)
[ info ] [ PARAM ] array (
  '/admin/tell/delete_html' => '',
  'ids' => 
  array (
    0 => '39',
    1 => '38',
  ),
)
[ info ] [ SESSION ] INIT array (
  'id' => '',
  'var_session_id' => '',
  'prefix' => 'think',
  'type' => '',
  'auto_start' => true,
)
[ info ] [ DB ] INIT mysql
[ info ] [ RUN ] app\admin\controller\Tell->delete[ E:\tp55\application\admin\controller\Tell.php ]
[ info ] [ LOG ] INIT File
[ sql ] [ DB ] CONNECT:[ UseTime:0.015600s ] mysql:dbname=test;host=127.0.0.1;port=3306;charset=utf8
[ sql ] [ SQL ] SHOW COLUMNS FROM `think_auth_group_access` [ RunTime:0.000000s ]
[ sql ] [ SQL ] SELECT `AuthGroupAccess`.`uid`,`AuthGroupAccess`.`group_id`,`AuthGroup`.`title`,`AuthGroup`.`rules` FROM `think_auth_group_access` `AuthGroupAccess` LEFT JOIN `think_auth_group` `AuthGroup` ON `AuthGroupAccess`.`group_id`=`AuthGroup`.`id` WHERE  (  AuthGroupAccess.uid='1' and AuthGroup.status='1' ) [ RunTime:0.000000s ]
[ sql ] [ SQL ] SHOW COLUMNS FROM `think_auth_rule` [ RunTime:0.000000s ]
[ sql ] [ SQL ] SELECT `condition`,`name` FROM `think_auth_rule` WHERE  `id` IN (1,2,3,5,6,7,8,9,10,11,12,39,40,41,42,43,14,13,20,21,22,23,24,15,25,26,27,28,29,30,16,17,44,45,46,47,48,18,49,50,51,52,53,19,31,32,33,34,35,36,37,54,55,56,57,58,59,60,61,62)  AND `type` = 1 [ RunTime:0.000000s ]
[ sql ] [ SQL ] SELECT * FROM `think_auth_rule` WHERE  `status` = 1 ORDER BY `sort`  desc,`id`  asc [ RunTime:0.000000s ]
[ sql ] [ SQL ] SHOW COLUMNS FROM `think_system` [ RunTime:0.000000s ]
[ sql ] [ SQL ] SELECT `value` FROM `think_system` WHERE  `name` = 'site_config' LIMIT 1 [ RunTime:0.000000s ]
[ sql ] [ SQL ] SHOW COLUMNS FROM `think_tell` [ RunTime:0.000000s ]
[ error ] [10501]SQLSTATE[42000]: Syntax error or access violation: 1064 You have an error in your SQL syntax; check the manual that corresponds to your MySQL server version for the right syntax to use near '= '39'  AND  = '38'' at line 1[E:\tp55\thinkphp\library\think\db\Connection.php:362]

---------------------------------------------------------------
[ 2018-04-20T20:40:40+08:00 ] 127.0.0.1 127.0.0.1 POST /admin/tell/delete.html
[ log ] dev.tp111.com/admin/tell/delete.html [运行时间：0.055201s][吞吐率：18.12req/s] [内存消耗：3,178.45kb] [文件加载：56]
[ info ] [ LANG ] E:\tp55\thinkphp\lang\zh-cn.php
[ info ] [ ROUTE ] array (
  'type' => 'module',
  'module' => 
  array (
    0 => 'admin',
    1 => 'tell',
    2 => 'delete',
  ),
)
[ info ] [ HEADER ] array (
  'host' => 'dev.tp111.com',
  'connection' => 'keep-alive',
  'content-length' => '25',
  'accept' => 'application/json, text/javascript, */*; q=0.01',
  'origin' => 'http://dev.tp111.com',
  'x-requested-with' => 'XMLHttpRequest',
  'user-agent' => 'Mozilla/5.0 (Windows NT 6.1; WOW64) AppleWebKit/537.36 (KHTML, like Gecko) Chrome/65.0.3325.181 Safari/537.36',
  'content-type' => 'application/x-www-form-urlencoded; charset=UTF-8',
  'referer' => 'http://dev.tp111.com/admin/tell/index.html',
  'accept-encoding' => 'gzip, deflate',
  'accept-language' => 'zh-CN,zh;q=0.9,en;q=0.8',
  'cookie' => 'thinkphp_show_page_trace=0|0; PHPSESSID=mplh1c877ufpq52rrr6s7tpif5; thinkphp_show_page_trace=0|0',
)
[ info ] [ PARAM ] array (
  '/admin/tell/delete_html' => '',
  'ids' => 
  array (
    0 => '39',
    1 => '38',
  ),
)
[ info ] [ SESSION ] INIT array (
  'id' => '',
  'var_session_id' => '',
  'prefix' => 'think',
  'type' => '',
  'auto_start' => true,
)
[ info ] [ DB ] INIT mysql
[ info ] [ RUN ] app\admin\controller\Tell->delete[ E:\tp55\application\admin\controller\Tell.php ]
[ info ] [ LOG ] INIT File
[ sql ] [ DB ] CONNECT:[ UseTime:0.002000s ] mysql:dbname=test;host=127.0.0.1;port=3306;charset=utf8
[ sql ] [ SQL ] SHOW COLUMNS FROM `think_auth_group_access` [ RunTime:0.000000s ]
[ sql ] [ SQL ] SELECT `AuthGroupAccess`.`uid`,`AuthGroupAccess`.`group_id`,`AuthGroup`.`title`,`AuthGroup`.`rules` FROM `think_auth_group_access` `AuthGroupAccess` LEFT JOIN `think_auth_group` `AuthGroup` ON `AuthGroupAccess`.`group_id`=`AuthGroup`.`id` WHERE  (  AuthGroupAccess.uid='1' and AuthGroup.status='1' ) [ RunTime:0.000000s ]
[ sql ] [ SQL ] SHOW COLUMNS FROM `think_auth_rule` [ RunTime:0.000000s ]
[ sql ] [ SQL ] SELECT `condition`,`name` FROM `think_auth_rule` WHERE  `id` IN (1,2,3,5,6,7,8,9,10,11,12,39,40,41,42,43,14,13,20,21,22,23,24,15,25,26,27,28,29,30,16,17,44,45,46,47,48,18,49,50,51,52,53,19,31,32,33,34,35,36,37,54,55,56,57,58,59,60,61,62)  AND `type` = 1 [ RunTime:0.000000s ]
[ sql ] [ SQL ] SELECT * FROM `think_auth_rule` WHERE  `status` = 1 ORDER BY `sort`  desc,`id`  asc [ RunTime:0.000000s ]
[ sql ] [ SQL ] SHOW COLUMNS FROM `think_system` [ RunTime:0.000000s ]
[ sql ] [ SQL ] SELECT `value` FROM `think_system` WHERE  `name` = 'site_config' LIMIT 1 [ RunTime:0.000000s ]
[ sql ] [ SQL ] SHOW COLUMNS FROM `think_tell` [ RunTime:0.000000s ]
[ error ] [10501]SQLSTATE[42000]: Syntax error or access violation: 1064 You have an error in your SQL syntax; check the manual that corresponds to your MySQL server version for the right syntax to use near '= '39'  AND  = '38'' at line 1[E:\tp55\thinkphp\library\think\db\Connection.php:362]

---------------------------------------------------------------
[ 2018-04-20T20:40:45+08:00 ] 127.0.0.1 127.0.0.1 POST /admin/tell/delete.html
[ log ] dev.tp111.com/admin/tell/delete.html [运行时间：0.082604s][吞吐率：12.11req/s] [内存消耗：3,178.45kb] [文件加载：56]
[ info ] [ LANG ] E:\tp55\thinkphp\lang\zh-cn.php
[ info ] [ ROUTE ] array (
  'type' => 'module',
  'module' => 
  array (
    0 => 'admin',
    1 => 'tell',
    2 => 'delete',
  ),
)
[ info ] [ HEADER ] array (
  'host' => 'dev.tp111.com',
  'connection' => 'keep-alive',
  'content-length' => '25',
  'accept' => 'application/json, text/javascript, */*; q=0.01',
  'origin' => 'http://dev.tp111.com',
  'x-requested-with' => 'XMLHttpRequest',
  'user-agent' => 'Mozilla/5.0 (Windows NT 6.1; WOW64) AppleWebKit/537.36 (KHTML, like Gecko) Chrome/65.0.3325.181 Safari/537.36',
  'content-type' => 'application/x-www-form-urlencoded; charset=UTF-8',
  'referer' => 'http://dev.tp111.com/admin/tell/index.html',
  'accept-encoding' => 'gzip, deflate',
  'accept-language' => 'zh-CN,zh;q=0.9,en;q=0.8',
  'cookie' => 'thinkphp_show_page_trace=0|0; PHPSESSID=mplh1c877ufpq52rrr6s7tpif5; thinkphp_show_page_trace=0|0',
)
[ info ] [ PARAM ] array (
  '/admin/tell/delete_html' => '',
  'ids' => 
  array (
    0 => '39',
    1 => '38',
  ),
)
[ info ] [ SESSION ] INIT array (
  'id' => '',
  'var_session_id' => '',
  'prefix' => 'think',
  'type' => '',
  'auto_start' => true,
)
[ info ] [ DB ] INIT mysql
[ info ] [ RUN ] app\admin\controller\Tell->delete[ E:\tp55\application\admin\controller\Tell.php ]
[ info ] [ LOG ] INIT File
[ sql ] [ DB ] CONNECT:[ UseTime:0.004000s ] mysql:dbname=test;host=127.0.0.1;port=3306;charset=utf8
[ sql ] [ SQL ] SHOW COLUMNS FROM `think_auth_group_access` [ RunTime:0.002000s ]
[ sql ] [ SQL ] SELECT `AuthGroupAccess`.`uid`,`AuthGroupAccess`.`group_id`,`AuthGroup`.`title`,`AuthGroup`.`rules` FROM `think_auth_group_access` `AuthGroupAccess` LEFT JOIN `think_auth_group` `AuthGroup` ON `AuthGroupAccess`.`group_id`=`AuthGroup`.`id` WHERE  (  AuthGroupAccess.uid='1' and AuthGroup.status='1' ) [ RunTime:0.001000s ]
[ sql ] [ SQL ] SHOW COLUMNS FROM `think_auth_rule` [ RunTime:0.001000s ]
[ sql ] [ SQL ] SELECT `condition`,`name` FROM `think_auth_rule` WHERE  `id` IN (1,2,3,5,6,7,8,9,10,11,12,39,40,41,42,43,14,13,20,21,22,23,24,15,25,26,27,28,29,30,16,17,44,45,46,47,48,18,49,50,51,52,53,19,31,32,33,34,35,36,37,54,55,56,57,58,59,60,61,62)  AND `type` = 1 [ RunTime:0.001000s ]
[ sql ] [ SQL ] SELECT * FROM `think_auth_rule` WHERE  `status` = 1 ORDER BY `sort`  desc,`id`  asc [ RunTime:0.001000s ]
[ sql ] [ SQL ] SHOW COLUMNS FROM `think_system` [ RunTime:0.001000s ]
[ sql ] [ SQL ] SELECT `value` FROM `think_system` WHERE  `name` = 'site_config' LIMIT 1 [ RunTime:0.001000s ]
[ sql ] [ SQL ] SHOW COLUMNS FROM `think_tell` [ RunTime:0.001000s ]
[ error ] [10501]SQLSTATE[42000]: Syntax error or access violation: 1064 You have an error in your SQL syntax; check the manual that corresponds to your MySQL server version for the right syntax to use near '= '39'  AND  = '38'' at line 1[E:\tp55\thinkphp\library\think\db\Connection.php:362]

---------------------------------------------------------------
