[ 2018-04-27T00:12:55+08:00 ] 127.0.0.1 127.0.0.1 GET /index/so/index.html?key=php
[ log ] dev.tp111.com/index/so/index.html?key=php [运行时间：1.198069s][吞吐率：0.83req/s] [内存消耗：3,675.47kb] [文件加载：62]
[ info ] [ LANG ] E:\tp55\thinkphp\lang\zh-cn.php
[ info ] [ ROUTE ] array (
  'type' => 'module',
  'module' => 
  array (
    0 => 'index',
    1 => 'so',
    2 => 'index',
  ),
)
[ info ] [ HEADER ] array (
  'host' => 'dev.tp111.com',
  'connection' => 'keep-alive',
  'upgrade-insecure-requests' => '1',
  'user-agent' => 'Mozilla/5.0 (Windows NT 6.1; WOW64) AppleWebKit/537.36 (KHTML, like Gecko) Chrome/65.0.3325.181 Safari/537.36',
  'accept' => 'text/html,application/xhtml+xml,application/xml;q=0.9,image/webp,image/apng,*/*;q=0.8',
  'referer' => 'http://dev.tp111.com/',
  'accept-encoding' => 'gzip, deflate',
  'accept-language' => 'zh-CN,zh;q=0.9,en;q=0.8',
  'cookie' => 'PHPSESSID=6gc89obv5uvvfnmgrf03d3pnv1; thinkphp_show_page_trace=0|0',
)
[ info ] [ PARAM ] array (
  '/index/so/index_html' => '',
  'key' => 'php',
)
[ info ] [ CACHE ] INIT File
[ info ] [ DB ] INIT mysql
[ info ] [ RUN ] app\index\controller\So->index[ E:\tp55\application\index\controller\So.php ]
[ info ] [ VIEW ] themes\so\index.html [ array (
  0 => 'site_config',
  1 => 'banner',
  2 => 'category',
  3 => 'links',
  4 => 'tags',
  5 => 'randarticle',
  6 => 'htorticle',
  7 => 'messageinfo',
  8 => 'nav',
  9 => 'currenturl',
  10 => 'toparticle',
  11 => 'article_list',
  12 => 'getcategoryName',
) ]
[ info ] [ SESSION ] INIT array (
  'id' => '',
  'var_session_id' => '',
  'prefix' => 'think',
  'type' => '',
  'auto_start' => true,
)
[ info ] [ LOG ] INIT File
[ sql ] [ DB ] CONNECT:[ UseTime:0.024002s ] mysql:dbname=test;host=127.0.0.1;port=3306;charset=utf8
[ sql ] [ SQL ] SHOW COLUMNS FROM `think_system` [ RunTime:0.114007s ]
[ sql ] [ SQL ] SELECT `value` FROM `think_system` WHERE  `name` = 'site_config' LIMIT 1 [ RunTime:0.006000s ]
[ sql ] [ SQL ] SHOW COLUMNS FROM `think_advertising` [ RunTime:0.052003s ]
[ sql ] [ SQL ] SELECT * FROM `think_advertising` WHERE  `status` = 1 ORDER BY sort asc [ RunTime:0.011001s ]
[ sql ] [ SQL ] SHOW COLUMNS FROM `think_category` [ RunTime:0.031002s ]
[ sql ] [ SQL ] SELECT * FROM `think_category` WHERE  `type` = 1 [ RunTime:0.001000s ]
[ sql ] [ SQL ] SHOW COLUMNS FROM `think_links` [ RunTime:0.016001s ]
[ sql ] [ SQL ] SELECT * FROM `think_links` WHERE  `status` = 1 LIMIT 10 [ RunTime:0.012000s ]
[ sql ] [ SQL ] SHOW COLUMNS FROM `think_tags` [ RunTime:0.020002s ]
[ sql ] [ SQL ] SELECT * FROM `think_tags` ORDER BY num desc LIMIT 10 [ RunTime:0.002000s ]
[ sql ] [ SQL ] SHOW COLUMNS FROM `think_article` [ RunTime:0.007000s ]
[ sql ] [ SQL ] SELECT `id`,`title`,`introduction`,`thumb` FROM `think_article` WHERE  `status` = 1 ORDER BY rand() LIMIT 3 [ RunTime:0.142008s ]
[ sql ] [ SQL ] SELECT `id`,`title`,`introduction`,`thumb` FROM `think_article` WHERE  `status` = 1 ORDER BY reading desc LIMIT 10 [ RunTime:0.003001s ]
[ sql ] [ SQL ] SELECT `id`,`title`,`cid`,`introduction`,`keywords`,`tag`,`is_top`,`is_good`,`photo`,`thumb`,`author`,`reading`,`status`,`publish_time`,`sort` FROM `think_article` WHERE  `status` = 1  AND `is_top` = 1 LIMIT 1 [ RunTime:0.001000s ]
[ sql ] [ SQL ] SHOW COLUMNS FROM `think_guestbook` [ RunTime:0.048003s ]
[ sql ] [ SQL ] SELECT * FROM `think_guestbook` WHERE  `status` = 1 LIMIT 4 [ RunTime:0.010000s ]
[ sql ] [ SQL ] SHOW COLUMNS FROM `think_nav` [ RunTime:0.014001s ]
[ sql ] [ SQL ] SELECT * FROM `think_nav` WHERE  `status` = 1 [ RunTime:0.002000s ]
[ sql ] [ SQL ] SELECT COUNT(*) AS tp_count FROM `think_article` WHERE  ( `keywords` LIKE '%php%' OR `introduction` LIKE '%php%' )  AND `status` = 1 LIMIT 1 [ RunTime:0.095006s ]
[ sql ] [ SQL ] SELECT `id`,`title`,`cid`,`introduction`,`keywords`,`tag`,`is_good`,`photo`,`thumb`,`author`,`reading`,`status`,`publish_time`,`sort` FROM `think_article` WHERE  ( `keywords` LIKE '%php%' OR `introduction` LIKE '%php%' )  AND `status` = 1 ORDER BY id desc LIMIT 0,10 [ RunTime:0.012000s ]
[ sql ] [ SQL ] SELECT `id`,`name` FROM `think_category` [ RunTime:0.001000s ]

---------------------------------------------------------------
[ 2018-04-27T00:13:00+08:00 ] 127.0.0.1 127.0.0.1 GET /index/so/index.html?key=Apache
[ log ] dev.tp111.com/index/so/index.html?key=Apache [运行时间：0.348019s][吞吐率：2.87req/s] [内存消耗：3,432.66kb] [文件加载：60]
[ info ] [ LANG ] E:\tp55\thinkphp\lang\zh-cn.php
[ info ] [ ROUTE ] array (
  'type' => 'module',
  'module' => 
  array (
    0 => 'index',
    1 => 'so',
    2 => 'index',
  ),
)
[ info ] [ HEADER ] array (
  'host' => 'dev.tp111.com',
  'connection' => 'keep-alive',
  'upgrade-insecure-requests' => '1',
  'user-agent' => 'Mozilla/5.0 (Windows NT 6.1; WOW64) AppleWebKit/537.36 (KHTML, like Gecko) Chrome/65.0.3325.181 Safari/537.36',
  'accept' => 'text/html,application/xhtml+xml,application/xml;q=0.9,image/webp,image/apng,*/*;q=0.8',
  'referer' => 'http://dev.tp111.com/index/so/index.html?key=php',
  'accept-encoding' => 'gzip, deflate',
  'accept-language' => 'zh-CN,zh;q=0.9,en;q=0.8',
  'cookie' => 'thinkphp_show_page_trace=0|0; PHPSESSID=6gc89obv5uvvfnmgrf03d3pnv1; thinkphp_show_page_trace=0|0',
)
[ info ] [ PARAM ] array (
  '/index/so/index_html' => '',
  'key' => 'Apache',
)
[ info ] [ CACHE ] INIT File
[ info ] [ DB ] INIT mysql
[ info ] [ RUN ] app\index\controller\So->index[ E:\tp55\application\index\controller\So.php ]
[ info ] [ VIEW ] themes\so\index.html [ array (
  0 => 'site_config',
  1 => 'banner',
  2 => 'category',
  3 => 'links',
  4 => 'tags',
  5 => 'randarticle',
  6 => 'htorticle',
  7 => 'messageinfo',
  8 => 'nav',
  9 => 'currenturl',
  10 => 'toparticle',
  11 => 'article_list',
  12 => 'getcategoryName',
) ]
[ info ] [ SESSION ] INIT array (
  'id' => '',
  'var_session_id' => '',
  'prefix' => 'think',
  'type' => '',
  'auto_start' => true,
)
[ info ] [ LOG ] INIT File
[ sql ] [ DB ] CONNECT:[ UseTime:0.004000s ] mysql:dbname=test;host=127.0.0.1;port=3306;charset=utf8
[ sql ] [ SQL ] SHOW COLUMNS FROM `think_system` [ RunTime:0.059003s ]
[ sql ] [ SQL ] SELECT `value` FROM `think_system` WHERE  `name` = 'site_config' LIMIT 1 [ RunTime:0.001000s ]
[ sql ] [ SQL ] SHOW COLUMNS FROM `think_advertising` [ RunTime:0.038003s ]
[ sql ] [ SQL ] SELECT * FROM `think_advertising` WHERE  `status` = 1 ORDER BY sort asc [ RunTime:0.002000s ]
[ sql ] [ SQL ] SHOW COLUMNS FROM `think_category` [ RunTime:0.004000s ]
[ sql ] [ SQL ] SELECT * FROM `think_category` WHERE  `type` = 1 [ RunTime:0.002000s ]
[ sql ] [ SQL ] SHOW COLUMNS FROM `think_links` [ RunTime:0.002000s ]
[ sql ] [ SQL ] SELECT * FROM `think_links` WHERE  `status` = 1 LIMIT 10 [ RunTime:0.002001s ]
[ sql ] [ SQL ] SHOW COLUMNS FROM `think_tags` [ RunTime:0.032001s ]
[ sql ] [ SQL ] SELECT * FROM `think_tags` ORDER BY num desc LIMIT 10 [ RunTime:0.002000s ]
[ sql ] [ SQL ] SHOW COLUMNS FROM `think_article` [ RunTime:0.016001s ]
[ sql ] [ SQL ] SELECT `id`,`title`,`introduction`,`thumb` FROM `think_article` WHERE  `status` = 1 ORDER BY rand() LIMIT 3 [ RunTime:0.003000s ]
[ sql ] [ SQL ] SELECT `id`,`title`,`introduction`,`thumb` FROM `think_article` WHERE  `status` = 1 ORDER BY reading desc LIMIT 10 [ RunTime:0.002000s ]
[ sql ] [ SQL ] SELECT `id`,`title`,`cid`,`introduction`,`keywords`,`tag`,`is_top`,`is_good`,`photo`,`thumb`,`author`,`reading`,`status`,`publish_time`,`sort` FROM `think_article` WHERE  `status` = 1  AND `is_top` = 1 LIMIT 1 [ RunTime:0.030002s ]
[ sql ] [ SQL ] SHOW COLUMNS FROM `think_guestbook` [ RunTime:0.022001s ]
[ sql ] [ SQL ] SELECT * FROM `think_guestbook` WHERE  `status` = 1 LIMIT 4 [ RunTime:0.023002s ]
[ sql ] [ SQL ] SHOW COLUMNS FROM `think_nav` [ RunTime:0.003000s ]
[ sql ] [ SQL ] SELECT * FROM `think_nav` WHERE  `status` = 1 [ RunTime:0.001000s ]
[ sql ] [ SQL ] SELECT COUNT(*) AS tp_count FROM `think_article` WHERE  ( `keywords` LIKE '%Apache%' OR `introduction` LIKE '%Apache%' )  AND `status` = 1 LIMIT 1 [ RunTime:0.014000s ]
[ sql ] [ SQL ] SELECT `id`,`title`,`cid`,`introduction`,`keywords`,`tag`,`is_good`,`photo`,`thumb`,`author`,`reading`,`status`,`publish_time`,`sort` FROM `think_article` WHERE  ( `keywords` LIKE '%Apache%' OR `introduction` LIKE '%Apache%' )  AND `status` = 1 ORDER BY id desc LIMIT 0,10 [ RunTime:0.001000s ]
[ sql ] [ SQL ] SELECT `id`,`name` FROM `think_category` [ RunTime:0.001000s ]

---------------------------------------------------------------
[ 2018-04-27T00:13:27+08:00 ] 127.0.0.1 127.0.0.1 GET /index/so/index.html?key=Apache
[ log ] dev.tp111.com/index/so/index.html?key=Apache [运行时间：0.233013s][吞吐率：4.29req/s] [内存消耗：3,432.48kb] [文件加载：60]
[ info ] [ LANG ] E:\tp55\thinkphp\lang\zh-cn.php
[ info ] [ ROUTE ] array (
  'type' => 'module',
  'module' => 
  array (
    0 => 'index',
    1 => 'so',
    2 => 'index',
  ),
)
[ info ] [ HEADER ] array (
  'host' => 'dev.tp111.com',
  'connection' => 'keep-alive',
  'upgrade-insecure-requests' => '1',
  'user-agent' => 'Mozilla/5.0 (Windows NT 6.1; WOW64) AppleWebKit/537.36 (KHTML, like Gecko) Chrome/65.0.3325.181 Safari/537.36',
  'accept' => 'text/html,application/xhtml+xml,application/xml;q=0.9,image/webp,image/apng,*/*;q=0.8',
  'referer' => 'http://dev.tp111.com/index/so/index.html?key=Apache',
  'accept-encoding' => 'gzip, deflate',
  'accept-language' => 'zh-CN,zh;q=0.9,en;q=0.8',
  'cookie' => 'thinkphp_show_page_trace=0|0; PHPSESSID=6gc89obv5uvvfnmgrf03d3pnv1; thinkphp_show_page_trace=0|0',
)
[ info ] [ PARAM ] array (
  '/index/so/index_html' => '',
  'key' => 'Apache',
)
[ info ] [ CACHE ] INIT File
[ info ] [ DB ] INIT mysql
[ info ] [ RUN ] app\index\controller\So->index[ E:\tp55\application\index\controller\So.php ]
[ info ] [ VIEW ] themes\so\index.html [ array (
  0 => 'site_config',
  1 => 'banner',
  2 => 'category',
  3 => 'links',
  4 => 'tags',
  5 => 'randarticle',
  6 => 'htorticle',
  7 => 'messageinfo',
  8 => 'nav',
  9 => 'currenturl',
  10 => 'toparticle',
  11 => 'article_list',
  12 => 'getcategoryName',
) ]
[ info ] [ SESSION ] INIT array (
  'id' => '',
  'var_session_id' => '',
  'prefix' => 'think',
  'type' => '',
  'auto_start' => true,
)
[ info ] [ LOG ] INIT File
[ sql ] [ DB ] CONNECT:[ UseTime:0.003000s ] mysql:dbname=test;host=127.0.0.1;port=3306;charset=utf8
[ sql ] [ SQL ] SHOW COLUMNS FROM `think_system` [ RunTime:0.024002s ]
[ sql ] [ SQL ] SELECT `value` FROM `think_system` WHERE  `name` = 'site_config' LIMIT 1 [ RunTime:0.002000s ]
[ sql ] [ SQL ] SHOW COLUMNS FROM `think_advertising` [ RunTime:0.012001s ]
[ sql ] [ SQL ] SELECT * FROM `think_advertising` WHERE  `status` = 1 ORDER BY sort asc [ RunTime:0.001000s ]
[ sql ] [ SQL ] SHOW COLUMNS FROM `think_category` [ RunTime:0.015000s ]
[ sql ] [ SQL ] SELECT * FROM `think_category` WHERE  `type` = 1 [ RunTime:0.001000s ]
[ sql ] [ SQL ] SHOW COLUMNS FROM `think_links` [ RunTime:0.001000s ]
[ sql ] [ SQL ] SELECT * FROM `think_links` WHERE  `status` = 1 LIMIT 10 [ RunTime:0.001000s ]
[ sql ] [ SQL ] SHOW COLUMNS FROM `think_tags` [ RunTime:0.001000s ]
[ sql ] [ SQL ] SELECT * FROM `think_tags` ORDER BY num desc LIMIT 10 [ RunTime:0.010001s ]
[ sql ] [ SQL ] SHOW COLUMNS FROM `think_article` [ RunTime:0.002000s ]
[ sql ] [ SQL ] SELECT `id`,`title`,`introduction`,`thumb` FROM `think_article` WHERE  `status` = 1 ORDER BY rand() LIMIT 3 [ RunTime:0.006000s ]
[ sql ] [ SQL ] SELECT `id`,`title`,`introduction`,`thumb` FROM `think_article` WHERE  `status` = 1 ORDER BY reading desc LIMIT 10 [ RunTime:0.001000s ]
[ sql ] [ SQL ] SELECT `id`,`title`,`cid`,`introduction`,`keywords`,`tag`,`is_top`,`is_good`,`photo`,`thumb`,`author`,`reading`,`status`,`publish_time`,`sort` FROM `think_article` WHERE  `status` = 1  AND `is_top` = 1 LIMIT 1 [ RunTime:0.001000s ]
[ sql ] [ SQL ] SHOW COLUMNS FROM `think_guestbook` [ RunTime:0.042003s ]
[ sql ] [ SQL ] SELECT * FROM `think_guestbook` WHERE  `status` = 1 LIMIT 4 [ RunTime:0.002000s ]
[ sql ] [ SQL ] SHOW COLUMNS FROM `think_nav` [ RunTime:0.003000s ]
[ sql ] [ SQL ] SELECT * FROM `think_nav` WHERE  `status` = 1 [ RunTime:0.001000s ]
[ sql ] [ SQL ] SELECT COUNT(*) AS tp_count FROM `think_article` WHERE  ( `keywords` LIKE '%Apache%' OR `introduction` LIKE '%Apache%' )  AND `status` = 1 LIMIT 1 [ RunTime:0.002000s ]
[ sql ] [ SQL ] SELECT `id`,`title`,`cid`,`introduction`,`keywords`,`tag`,`is_good`,`photo`,`thumb`,`author`,`reading`,`status`,`publish_time`,`sort` FROM `think_article` WHERE  ( `keywords` LIKE '%Apache%' OR `introduction` LIKE '%Apache%' )  AND `status` = 1 ORDER BY id desc LIMIT 0,10 [ RunTime:0.003001s ]
[ sql ] [ SQL ] SELECT `id`,`name` FROM `think_category` [ RunTime:0.002000s ]

---------------------------------------------------------------
