[ 2019-06-29T01:48:33+08:00 ] 172.31.102.220 139.180.218.193 GET /member/login.jhtml
[ log ] vip.fyaiwujia.com/member/login.jhtml [运行时间：0.002775s][吞吐率：360.37req/s] [内存消耗：149.52kb] [文件加载：38]
[ info ] [ LANG ] /var/www/html/tp55/thinkphp/lang/zh-cn.php
[ info ] [ ROUTE ] array (
  'type' => 'module',
  'module' => 
  array (
    0 => 'member',
    1 => 'login.jhtml',
    2 => NULL,
  ),
)
[ info ] [ HEADER ] array (
  'host' => 'vip.fyaiwujia.com',
  'accept-encoding' => 'gzip, deflate',
  'connection' => 'close',
)
[ info ] [ PARAM ] array (
  '/member/login_jhtml' => '',
)
[ info ] [ LOG ] INIT File

---------------------------------------------------------------
[ 2019-06-29T02:16:41+08:00 ] 172.31.102.220 95.213.177.123 POST http://check.proxyradar.com/azenv.php?auth=156174580163&a=PSCMN&i=793456326&p=80
[ log ] check.proxyradar.comhttp://check.proxyradar.com/azenv.php?auth=156174580163&a=PSCMN&i=793456326&p=80 [运行时间：0.002925s][吞吐率：341.89req/s] [内存消耗：150.57kb] [文件加载：38]
[ info ] [ LANG ] /var/www/html/tp55/thinkphp/lang/zh-cn.php
[ info ] [ ROUTE ] array (
  'type' => 'module',
  'module' => 
  array (
    0 => 'azenv.php',
    1 => NULL,
    2 => NULL,
  ),
)
[ info ] [ HEADER ] array (
  'cookie' => 'testCookie=true',
  'host' => 'check.proxyradar.com',
  'user-agent' => 'Mozilla/4.0 (compatible; MSIE 8.0; Windows NT 5.1; Trident/4.0)',
  'referer' => 'https://proxyradar.com/',
  'content-type' => 'application/x-www-form-urlencoded',
  'content-length' => '13',
  'connection' => 'close',
)
[ info ] [ PARAM ] array (
  '/azenv_php' => '',
  'auth' => '156174580163',
  'a' => 'PSCMN',
  'i' => '793456326',
  'p' => '80',
  'testPost' => 'true',
)
[ info ] [ LOG ] INIT File

---------------------------------------------------------------
[ 2019-06-29T05:28:05+08:00 ] 172.31.102.220 107.170.238.214 GET /
[ log ] 47.75.46.198/ [运行时间：0.020685s][吞吐率：48.34req/s] [内存消耗：572.32kb] [文件加载：60]
[ info ] [ LANG ] /var/www/html/tp55/thinkphp/lang/zh-cn.php
[ info ] [ ROUTE ] array (
  'type' => 'module',
  'module' => 
  array (
    0 => '',
    1 => NULL,
    2 => NULL,
  ),
)
[ info ] [ HEADER ] array (
  'host' => '47.75.46.198',
  'user-agent' => 'Mozilla/5.0 zgrab/0.x',
  'accept' => '*/*',
  'accept-encoding' => 'gzip',
)
[ info ] [ PARAM ] array (
)
[ info ] [ CACHE ] INIT File
[ info ] [ DB ] INIT mysql
[ info ] [ RUN ] app\index\controller\Index->index[ /var/www/html/tp55/application/index/controller/Index.php ]
[ info ] [ VIEW ] themes/index/index.html [ array (
  0 => 'site_config',
  1 => 'banner',
  2 => 'category',
  3 => 'links',
  4 => 'tags',
  5 => 'randarticle',
  6 => 'htorticle',
  7 => 'messageinfo',
  8 => 'nav',
  9 => 'currenturl',
  10 => 'toparticle',
  11 => 'category_level_list',
  12 => 'article_list',
  13 => 'getcategoryName',
) ]
[ info ] [ SESSION ] INIT array (
  'id' => '',
  'var_session_id' => '',
  'prefix' => 'think',
  'type' => '',
  'auto_start' => true,
)
[ info ] [ LOG ] INIT File
[ sql ] [ DB ] CONNECT:[ UseTime:0.000366s ] mysql:dbname=test;host=127.0.0.1;port=3306;charset=utf8
[ sql ] [ SQL ] SHOW COLUMNS FROM `think_system` [ RunTime:0.000865s ]
[ sql ] [ SQL ] SELECT `value` FROM `think_system` WHERE  `name` = 'site_config' LIMIT 1 [ RunTime:0.000236s ]
[ sql ] [ SQL ] SHOW COLUMNS FROM `think_advertising` [ RunTime:0.000617s ]
[ sql ] [ SQL ] SELECT * FROM `think_advertising` WHERE  `status` = 1 ORDER BY sort asc [ RunTime:0.000239s ]
[ sql ] [ SQL ] SHOW COLUMNS FROM `think_category` [ RunTime:0.000712s ]
[ sql ] [ SQL ] SELECT * FROM `think_category` WHERE  `type` = 1 [ RunTime:0.000246s ]
[ sql ] [ SQL ] SHOW COLUMNS FROM `think_links` [ RunTime:0.000689s ]
[ sql ] [ SQL ] SELECT * FROM `think_links` WHERE  `status` = 1 LIMIT 10 [ RunTime:0.000265s ]
[ sql ] [ SQL ] SHOW COLUMNS FROM `think_tags` [ RunTime:0.000611s ]
[ sql ] [ SQL ] SELECT * FROM `think_tags` ORDER BY num desc LIMIT 10 [ RunTime:0.000237s ]
[ sql ] [ SQL ] SHOW COLUMNS FROM `think_article` [ RunTime:0.000743s ]
[ sql ] [ SQL ] SELECT `id`,`title`,`introduction`,`thumb` FROM `think_article` WHERE  `status` = 1 ORDER BY rand() LIMIT 3 [ RunTime:0.000361s ]
[ sql ] [ SQL ] SELECT `id`,`title`,`introduction`,`thumb` FROM `think_article` WHERE  `status` = 1 ORDER BY reading desc LIMIT 10 [ RunTime:0.000274s ]
[ sql ] [ SQL ] SELECT `id`,`title`,`cid`,`introduction`,`keywords`,`tag`,`is_top`,`is_good`,`photo`,`thumb`,`author`,`reading`,`status`,`publish_time`,`sort` FROM `think_article` WHERE  `status` = 1  AND `is_top` = 1 LIMIT 1 [ RunTime:0.000312s ]
[ sql ] [ SQL ] SHOW COLUMNS FROM `think_guestbook` [ RunTime:0.000631s ]
[ sql ] [ SQL ] SELECT * FROM `think_guestbook` WHERE  `status` = 1 LIMIT 4 [ RunTime:0.000254s ]
[ sql ] [ SQL ] SHOW COLUMNS FROM `think_nav` [ RunTime:0.000595s ]
[ sql ] [ SQL ] SELECT * FROM `think_nav` WHERE  `status` = 1 [ RunTime:0.000212s ]
[ sql ] [ SQL ] SELECT * FROM `think_category` ORDER BY `sort`  DESC,`id`  ASC [ RunTime:0.000216s ]
[ sql ] [ SQL ] SELECT COUNT(*) AS tp_count FROM `think_article` WHERE  `status` = 1 LIMIT 1 [ RunTime:0.000235s ]
[ sql ] [ SQL ] SELECT `id`,`title`,`cid`,`introduction`,`tag`,`is_good`,`thumb`,`author`,`reading`,`status`,`publish_time`,`sort` FROM `think_article` WHERE  `status` = 1 ORDER BY id desc LIMIT 0,5 [ RunTime:0.000234s ]
[ sql ] [ SQL ] SELECT `id`,`name` FROM `think_category` [ RunTime:0.000170s ]

---------------------------------------------------------------
[ 2019-06-29T05:40:23+08:00 ] 172.31.102.220 47.98.60.52 GET /
[ log ] 47.75.46.198/ [运行时间：0.018869s][吞吐率：53.00req/s] [内存消耗：573.16kb] [文件加载：60]
[ info ] [ LANG ] /var/www/html/tp55/thinkphp/lang/zh-cn.php
[ info ] [ ROUTE ] array (
  'type' => 'module',
  'module' => 
  array (
    0 => '',
    1 => NULL,
    2 => NULL,
  ),
)
[ info ] [ HEADER ] array (
  'user-agent' => 'Mozilla/5.0 (Linux; Android 4.1.1; Nexus 7 Build/JRO03D))',
  'host' => '47.75.46.198',
  'connection' => 'Keep-Alive',
  'accept-encoding' => 'gzip',
)
[ info ] [ PARAM ] array (
)
[ info ] [ CACHE ] INIT File
[ info ] [ DB ] INIT mysql
[ info ] [ RUN ] app\index\controller\Index->index[ /var/www/html/tp55/application/index/controller/Index.php ]
[ info ] [ VIEW ] themes/index/index.html [ array (
  0 => 'site_config',
  1 => 'banner',
  2 => 'category',
  3 => 'links',
  4 => 'tags',
  5 => 'randarticle',
  6 => 'htorticle',
  7 => 'messageinfo',
  8 => 'nav',
  9 => 'currenturl',
  10 => 'toparticle',
  11 => 'category_level_list',
  12 => 'article_list',
  13 => 'getcategoryName',
) ]
[ info ] [ SESSION ] INIT array (
  'id' => '',
  'var_session_id' => '',
  'prefix' => 'think',
  'type' => '',
  'auto_start' => true,
)
[ info ] [ LOG ] INIT File
[ sql ] [ DB ] CONNECT:[ UseTime:0.000342s ] mysql:dbname=test;host=127.0.0.1;port=3306;charset=utf8
[ sql ] [ SQL ] SHOW COLUMNS FROM `think_system` [ RunTime:0.000790s ]
[ sql ] [ SQL ] SELECT `value` FROM `think_system` WHERE  `name` = 'site_config' LIMIT 1 [ RunTime:0.000231s ]
[ sql ] [ SQL ] SHOW COLUMNS FROM `think_advertising` [ RunTime:0.000566s ]
[ sql ] [ SQL ] SELECT * FROM `think_advertising` WHERE  `status` = 1 ORDER BY sort asc [ RunTime:0.000224s ]
[ sql ] [ SQL ] SHOW COLUMNS FROM `think_category` [ RunTime:0.000595s ]
[ sql ] [ SQL ] SELECT * FROM `think_category` WHERE  `type` = 1 [ RunTime:0.000210s ]
[ sql ] [ SQL ] SHOW COLUMNS FROM `think_links` [ RunTime:0.000574s ]
[ sql ] [ SQL ] SELECT * FROM `think_links` WHERE  `status` = 1 LIMIT 10 [ RunTime:0.000179s ]
[ sql ] [ SQL ] SHOW COLUMNS FROM `think_tags` [ RunTime:0.000543s ]
[ sql ] [ SQL ] SELECT * FROM `think_tags` ORDER BY num desc LIMIT 10 [ RunTime:0.000174s ]
[ sql ] [ SQL ] SHOW COLUMNS FROM `think_article` [ RunTime:0.000609s ]
[ sql ] [ SQL ] SELECT `id`,`title`,`introduction`,`thumb` FROM `think_article` WHERE  `status` = 1 ORDER BY rand() LIMIT 3 [ RunTime:0.000315s ]
[ sql ] [ SQL ] SELECT `id`,`title`,`introduction`,`thumb` FROM `think_article` WHERE  `status` = 1 ORDER BY reading desc LIMIT 10 [ RunTime:0.000246s ]
[ sql ] [ SQL ] SELECT `id`,`title`,`cid`,`introduction`,`keywords`,`tag`,`is_top`,`is_good`,`photo`,`thumb`,`author`,`reading`,`status`,`publish_time`,`sort` FROM `think_article` WHERE  `status` = 1  AND `is_top` = 1 LIMIT 1 [ RunTime:0.000258s ]
[ sql ] [ SQL ] SHOW COLUMNS FROM `think_guestbook` [ RunTime:0.000595s ]
[ sql ] [ SQL ] SELECT * FROM `think_guestbook` WHERE  `status` = 1 LIMIT 4 [ RunTime:0.000253s ]
[ sql ] [ SQL ] SHOW COLUMNS FROM `think_nav` [ RunTime:0.000562s ]
[ sql ] [ SQL ] SELECT * FROM `think_nav` WHERE  `status` = 1 [ RunTime:0.000203s ]
[ sql ] [ SQL ] SELECT * FROM `think_category` ORDER BY `sort`  DESC,`id`  ASC [ RunTime:0.000215s ]
[ sql ] [ SQL ] SELECT COUNT(*) AS tp_count FROM `think_article` WHERE  `status` = 1 LIMIT 1 [ RunTime:0.000224s ]
[ sql ] [ SQL ] SELECT `id`,`title`,`cid`,`introduction`,`tag`,`is_good`,`thumb`,`author`,`reading`,`status`,`publish_time`,`sort` FROM `think_article` WHERE  `status` = 1 ORDER BY id desc LIMIT 0,5 [ RunTime:0.000228s ]
[ sql ] [ SQL ] SELECT `id`,`name` FROM `think_category` [ RunTime:0.000150s ]

---------------------------------------------------------------
[ 2019-06-29T05:44:46+08:00 ] 172.31.102.220 68.183.19.46 GET /
[ log ] 47.75.46.198/ [运行时间：0.019924s][吞吐率：50.19req/s] [内存消耗：572.46kb] [文件加载：60]
[ info ] [ LANG ] /var/www/html/tp55/thinkphp/lang/zh-cn.php
[ info ] [ ROUTE ] array (
  'type' => 'module',
  'module' => 
  array (
    0 => '',
    1 => NULL,
    2 => NULL,
  ),
)
[ info ] [ HEADER ] array (
  'user-agent' => 'Mozilla/5.0 (Windows NT 10.0; WOW64) AppleWebKit/537.36 (KHTML, like Gecko) Chrome/51.0.2704.103 Safari/537.36',
  'host' => '47.75.46.198',
)
[ info ] [ PARAM ] array (
)
[ info ] [ CACHE ] INIT File
[ info ] [ DB ] INIT mysql
[ info ] [ RUN ] app\index\controller\Index->index[ /var/www/html/tp55/application/index/controller/Index.php ]
[ info ] [ VIEW ] themes/index/index.html [ array (
  0 => 'site_config',
  1 => 'banner',
  2 => 'category',
  3 => 'links',
  4 => 'tags',
  5 => 'randarticle',
  6 => 'htorticle',
  7 => 'messageinfo',
  8 => 'nav',
  9 => 'currenturl',
  10 => 'toparticle',
  11 => 'category_level_list',
  12 => 'article_list',
  13 => 'getcategoryName',
) ]
[ info ] [ SESSION ] INIT array (
  'id' => '',
  'var_session_id' => '',
  'prefix' => 'think',
  'type' => '',
  'auto_start' => true,
)
[ info ] [ LOG ] INIT File
[ sql ] [ DB ] CONNECT:[ UseTime:0.000379s ] mysql:dbname=test;host=127.0.0.1;port=3306;charset=utf8
[ sql ] [ SQL ] SHOW COLUMNS FROM `think_system` [ RunTime:0.000858s ]
[ sql ] [ SQL ] SELECT `value` FROM `think_system` WHERE  `name` = 'site_config' LIMIT 1 [ RunTime:0.000277s ]
[ sql ] [ SQL ] SHOW COLUMNS FROM `think_advertising` [ RunTime:0.000631s ]
[ sql ] [ SQL ] SELECT * FROM `think_advertising` WHERE  `status` = 1 ORDER BY sort asc [ RunTime:0.000248s ]
[ sql ] [ SQL ] SHOW COLUMNS FROM `think_category` [ RunTime:0.000585s ]
[ sql ] [ SQL ] SELECT * FROM `think_category` WHERE  `type` = 1 [ RunTime:0.000239s ]
[ sql ] [ SQL ] SHOW COLUMNS FROM `think_links` [ RunTime:0.000580s ]
[ sql ] [ SQL ] SELECT * FROM `think_links` WHERE  `status` = 1 LIMIT 10 [ RunTime:0.000218s ]
[ sql ] [ SQL ] SHOW COLUMNS FROM `think_tags` [ RunTime:0.000564s ]
[ sql ] [ SQL ] SELECT * FROM `think_tags` ORDER BY num desc LIMIT 10 [ RunTime:0.000177s ]
[ sql ] [ SQL ] SHOW COLUMNS FROM `think_article` [ RunTime:0.000629s ]
[ sql ] [ SQL ] SELECT `id`,`title`,`introduction`,`thumb` FROM `think_article` WHERE  `status` = 1 ORDER BY rand() LIMIT 3 [ RunTime:0.000351s ]
[ sql ] [ SQL ] SELECT `id`,`title`,`introduction`,`thumb` FROM `think_article` WHERE  `status` = 1 ORDER BY reading desc LIMIT 10 [ RunTime:0.000252s ]
[ sql ] [ SQL ] SELECT `id`,`title`,`cid`,`introduction`,`keywords`,`tag`,`is_top`,`is_good`,`photo`,`thumb`,`author`,`reading`,`status`,`publish_time`,`sort` FROM `think_article` WHERE  `status` = 1  AND `is_top` = 1 LIMIT 1 [ RunTime:0.000229s ]
[ sql ] [ SQL ] SHOW COLUMNS FROM `think_guestbook` [ RunTime:0.000652s ]
[ sql ] [ SQL ] SELECT * FROM `think_guestbook` WHERE  `status` = 1 LIMIT 4 [ RunTime:0.000239s ]
[ sql ] [ SQL ] SHOW COLUMNS FROM `think_nav` [ RunTime:0.000649s ]
[ sql ] [ SQL ] SELECT * FROM `think_nav` WHERE  `status` = 1 [ RunTime:0.000201s ]
[ sql ] [ SQL ] SELECT * FROM `think_category` ORDER BY `sort`  DESC,`id`  ASC [ RunTime:0.000232s ]
[ sql ] [ SQL ] SELECT COUNT(*) AS tp_count FROM `think_article` WHERE  `status` = 1 LIMIT 1 [ RunTime:0.000253s ]
[ sql ] [ SQL ] SELECT `id`,`title`,`cid`,`introduction`,`tag`,`is_good`,`thumb`,`author`,`reading`,`status`,`publish_time`,`sort` FROM `think_article` WHERE  `status` = 1 ORDER BY id desc LIMIT 0,5 [ RunTime:0.000241s ]
[ sql ] [ SQL ] SELECT `id`,`name` FROM `think_category` [ RunTime:0.000157s ]

---------------------------------------------------------------
[ 2019-06-29T05:58:38+08:00 ] 172.31.102.220 47.92.137.155 GET /
[ log ] 47.75.46.198/ [运行时间：0.020524s][吞吐率：48.72req/s] [内存消耗：577.34kb] [文件加载：60]
[ info ] [ LANG ] /var/www/html/tp55/thinkphp/lang/zh-cn.php
[ info ] [ ROUTE ] array (
  'type' => 'module',
  'module' => 
  array (
    0 => '',
    1 => NULL,
    2 => NULL,
  ),
)
[ info ] [ HEADER ] array (
  'user-agent' => 'Mozilla/5.0 (Linux; Android 4.1.1; Nexus 7 Build/JRO03D))',
  'host' => '47.75.46.198',
  'connection' => 'Keep-Alive',
  'accept-encoding' => 'gzip',
)
[ info ] [ PARAM ] array (
)
[ info ] [ CACHE ] INIT File
[ info ] [ DB ] INIT mysql
[ info ] [ RUN ] app\index\controller\Index->index[ /var/www/html/tp55/application/index/controller/Index.php ]
[ info ] [ VIEW ] themes/index/index.html [ array (
  0 => 'site_config',
  1 => 'banner',
  2 => 'category',
  3 => 'links',
  4 => 'tags',
  5 => 'randarticle',
  6 => 'htorticle',
  7 => 'messageinfo',
  8 => 'nav',
  9 => 'currenturl',
  10 => 'toparticle',
  11 => 'category_level_list',
  12 => 'article_list',
  13 => 'getcategoryName',
) ]
[ info ] [ SESSION ] INIT array (
  'id' => '',
  'var_session_id' => '',
  'prefix' => 'think',
  'type' => '',
  'auto_start' => true,
)
[ info ] [ LOG ] INIT File
[ sql ] [ DB ] CONNECT:[ UseTime:0.000380s ] mysql:dbname=test;host=127.0.0.1;port=3306;charset=utf8
[ sql ] [ SQL ] SHOW COLUMNS FROM `think_system` [ RunTime:0.000817s ]
[ sql ] [ SQL ] SELECT `value` FROM `think_system` WHERE  `name` = 'site_config' LIMIT 1 [ RunTime:0.000271s ]
[ sql ] [ SQL ] SHOW COLUMNS FROM `think_advertising` [ RunTime:0.000609s ]
[ sql ] [ SQL ] SELECT * FROM `think_advertising` WHERE  `status` = 1 ORDER BY sort asc [ RunTime:0.000263s ]
[ sql ] [ SQL ] SHOW COLUMNS FROM `think_category` [ RunTime:0.000714s ]
[ sql ] [ SQL ] SELECT * FROM `think_category` WHERE  `type` = 1 [ RunTime:0.000278s ]
[ sql ] [ SQL ] SHOW COLUMNS FROM `think_links` [ RunTime:0.000596s ]
[ sql ] [ SQL ] SELECT * FROM `think_links` WHERE  `status` = 1 LIMIT 10 [ RunTime:0.000213s ]
[ sql ] [ SQL ] SHOW COLUMNS FROM `think_tags` [ RunTime:0.000631s ]
[ sql ] [ SQL ] SELECT * FROM `think_tags` ORDER BY num desc LIMIT 10 [ RunTime:0.000216s ]
[ sql ] [ SQL ] SHOW COLUMNS FROM `think_article` [ RunTime:0.000776s ]
[ sql ] [ SQL ] SELECT `id`,`title`,`introduction`,`thumb` FROM `think_article` WHERE  `status` = 1 ORDER BY rand() LIMIT 3 [ RunTime:0.000388s ]
[ sql ] [ SQL ] SELECT `id`,`title`,`introduction`,`thumb` FROM `think_article` WHERE  `status` = 1 ORDER BY reading desc LIMIT 10 [ RunTime:0.000255s ]
[ sql ] [ SQL ] SELECT `id`,`title`,`cid`,`introduction`,`keywords`,`tag`,`is_top`,`is_good`,`photo`,`thumb`,`author`,`reading`,`status`,`publish_time`,`sort` FROM `think_article` WHERE  `status` = 1  AND `is_top` = 1 LIMIT 1 [ RunTime:0.000255s ]
[ sql ] [ SQL ] SHOW COLUMNS FROM `think_guestbook` [ RunTime:0.000628s ]
[ sql ] [ SQL ] SELECT * FROM `think_guestbook` WHERE  `status` = 1 LIMIT 4 [ RunTime:0.000210s ]
[ sql ] [ SQL ] SHOW COLUMNS FROM `think_nav` [ RunTime:0.000614s ]
[ sql ] [ SQL ] SELECT * FROM `think_nav` WHERE  `status` = 1 [ RunTime:0.000213s ]
[ sql ] [ SQL ] SELECT * FROM `think_category` ORDER BY `sort`  DESC,`id`  ASC [ RunTime:0.000223s ]
[ sql ] [ SQL ] SELECT COUNT(*) AS tp_count FROM `think_article` WHERE  `status` = 1 LIMIT 1 [ RunTime:0.000246s ]
[ sql ] [ SQL ] SELECT `id`,`title`,`cid`,`introduction`,`tag`,`is_good`,`thumb`,`author`,`reading`,`status`,`publish_time`,`sort` FROM `think_article` WHERE  `status` = 1 ORDER BY id desc LIMIT 0,5 [ RunTime:0.000254s ]
[ sql ] [ SQL ] SELECT `id`,`name` FROM `think_category` [ RunTime:0.000158s ]

---------------------------------------------------------------
[ 2019-06-29T06:41:42+08:00 ] 172.31.102.220 101.132.102.45 GET /
[ log ] www.cxdaty.xyz/ [运行时间：0.020371s][吞吐率：49.09req/s] [内存消耗：572.83kb] [文件加载：60]
[ info ] [ LANG ] /var/www/html/tp55/thinkphp/lang/zh-cn.php
[ info ] [ ROUTE ] array (
  'type' => 'module',
  'module' => 
  array (
    0 => '',
    1 => NULL,
    2 => NULL,
  ),
)
[ info ] [ HEADER ] array (
  'user-agent' => 'Mozilla/5.0 (Linux; Android 4.1.1; Nexus 7 Build/JRO03D))',
  'host' => 'www.cxdaty.xyz',
  'connection' => 'Keep-Alive',
  'accept-encoding' => 'gzip',
)
[ info ] [ PARAM ] array (
)
[ info ] [ CACHE ] INIT File
[ info ] [ DB ] INIT mysql
[ info ] [ RUN ] app\index\controller\Index->index[ /var/www/html/tp55/application/index/controller/Index.php ]
[ info ] [ VIEW ] themes/index/index.html [ array (
  0 => 'site_config',
  1 => 'banner',
  2 => 'category',
  3 => 'links',
  4 => 'tags',
  5 => 'randarticle',
  6 => 'htorticle',
  7 => 'messageinfo',
  8 => 'nav',
  9 => 'currenturl',
  10 => 'toparticle',
  11 => 'category_level_list',
  12 => 'article_list',
  13 => 'getcategoryName',
) ]
[ info ] [ SESSION ] INIT array (
  'id' => '',
  'var_session_id' => '',
  'prefix' => 'think',
  'type' => '',
  'auto_start' => true,
)
[ info ] [ LOG ] INIT File
[ sql ] [ DB ] CONNECT:[ UseTime:0.000357s ] mysql:dbname=test;host=127.0.0.1;port=3306;charset=utf8
[ sql ] [ SQL ] SHOW COLUMNS FROM `think_system` [ RunTime:0.000847s ]
[ sql ] [ SQL ] SELECT `value` FROM `think_system` WHERE  `name` = 'site_config' LIMIT 1 [ RunTime:0.000214s ]
[ sql ] [ SQL ] SHOW COLUMNS FROM `think_advertising` [ RunTime:0.000605s ]
[ sql ] [ SQL ] SELECT * FROM `think_advertising` WHERE  `status` = 1 ORDER BY sort asc [ RunTime:0.000285s ]
[ sql ] [ SQL ] SHOW COLUMNS FROM `think_category` [ RunTime:0.000594s ]
[ sql ] [ SQL ] SELECT * FROM `think_category` WHERE  `type` = 1 [ RunTime:0.000274s ]
[ sql ] [ SQL ] SHOW COLUMNS FROM `think_links` [ RunTime:0.000570s ]
[ sql ] [ SQL ] SELECT * FROM `think_links` WHERE  `status` = 1 LIMIT 10 [ RunTime:0.000191s ]
[ sql ] [ SQL ] SHOW COLUMNS FROM `think_tags` [ RunTime:0.000558s ]
[ sql ] [ SQL ] SELECT * FROM `think_tags` ORDER BY num desc LIMIT 10 [ RunTime:0.000183s ]
[ sql ] [ SQL ] SHOW COLUMNS FROM `think_article` [ RunTime:0.000689s ]
[ sql ] [ SQL ] SELECT `id`,`title`,`introduction`,`thumb` FROM `think_article` WHERE  `status` = 1 ORDER BY rand() LIMIT 3 [ RunTime:0.000360s ]
[ sql ] [ SQL ] SELECT `id`,`title`,`introduction`,`thumb` FROM `think_article` WHERE  `status` = 1 ORDER BY reading desc LIMIT 10 [ RunTime:0.000253s ]
[ sql ] [ SQL ] SELECT `id`,`title`,`cid`,`introduction`,`keywords`,`tag`,`is_top`,`is_good`,`photo`,`thumb`,`author`,`reading`,`status`,`publish_time`,`sort` FROM `think_article` WHERE  `status` = 1  AND `is_top` = 1 LIMIT 1 [ RunTime:0.000250s ]
[ sql ] [ SQL ] SHOW COLUMNS FROM `think_guestbook` [ RunTime:0.000593s ]
[ sql ] [ SQL ] SELECT * FROM `think_guestbook` WHERE  `status` = 1 LIMIT 4 [ RunTime:0.000226s ]
[ sql ] [ SQL ] SHOW COLUMNS FROM `think_nav` [ RunTime:0.000559s ]
[ sql ] [ SQL ] SELECT * FROM `think_nav` WHERE  `status` = 1 [ RunTime:0.000225s ]
[ sql ] [ SQL ] SELECT * FROM `think_category` ORDER BY `sort`  DESC,`id`  ASC [ RunTime:0.000196s ]
[ sql ] [ SQL ] SELECT COUNT(*) AS tp_count FROM `think_article` WHERE  `status` = 1 LIMIT 1 [ RunTime:0.000291s ]
[ sql ] [ SQL ] SELECT `id`,`title`,`cid`,`introduction`,`tag`,`is_good`,`thumb`,`author`,`reading`,`status`,`publish_time`,`sort` FROM `think_article` WHERE  `status` = 1 ORDER BY id desc LIMIT 0,5 [ RunTime:0.000241s ]
[ sql ] [ SQL ] SELECT `id`,`name` FROM `think_category` [ RunTime:0.000153s ]

---------------------------------------------------------------
[ 2019-06-29T07:10:49+08:00 ] 172.31.102.220 47.92.116.44 GET /
[ log ] 888.cxdaty.xyz/ [运行时间：0.019821s][吞吐率：50.45req/s] [内存消耗：572.63kb] [文件加载：60]
[ info ] [ LANG ] /var/www/html/tp55/thinkphp/lang/zh-cn.php
[ info ] [ ROUTE ] array (
  'type' => 'module',
  'module' => 
  array (
    0 => '',
    1 => NULL,
    2 => NULL,
  ),
)
[ info ] [ HEADER ] array (
  'user-agent' => 'Mozilla/5.0 (Linux; Android 4.1.1; Nexus 7 Build/JRO03D))',
  'host' => '888.cxdaty.xyz',
  'connection' => 'Keep-Alive',
  'accept-encoding' => 'gzip',
)
[ info ] [ PARAM ] array (
)
[ info ] [ CACHE ] INIT File
[ info ] [ DB ] INIT mysql
[ info ] [ RUN ] app\index\controller\Index->index[ /var/www/html/tp55/application/index/controller/Index.php ]
[ info ] [ VIEW ] themes/index/index.html [ array (
  0 => 'site_config',
  1 => 'banner',
  2 => 'category',
  3 => 'links',
  4 => 'tags',
  5 => 'randarticle',
  6 => 'htorticle',
  7 => 'messageinfo',
  8 => 'nav',
  9 => 'currenturl',
  10 => 'toparticle',
  11 => 'category_level_list',
  12 => 'article_list',
  13 => 'getcategoryName',
) ]
[ info ] [ SESSION ] INIT array (
  'id' => '',
  'var_session_id' => '',
  'prefix' => 'think',
  'type' => '',
  'auto_start' => true,
)
[ info ] [ LOG ] INIT File
[ sql ] [ DB ] CONNECT:[ UseTime:0.000391s ] mysql:dbname=test;host=127.0.0.1;port=3306;charset=utf8
[ sql ] [ SQL ] SHOW COLUMNS FROM `think_system` [ RunTime:0.000870s ]
[ sql ] [ SQL ] SELECT `value` FROM `think_system` WHERE  `name` = 'site_config' LIMIT 1 [ RunTime:0.000255s ]
[ sql ] [ SQL ] SHOW COLUMNS FROM `think_advertising` [ RunTime:0.000627s ]
[ sql ] [ SQL ] SELECT * FROM `think_advertising` WHERE  `status` = 1 ORDER BY sort asc [ RunTime:0.000246s ]
[ sql ] [ SQL ] SHOW COLUMNS FROM `think_category` [ RunTime:0.000682s ]
[ sql ] [ SQL ] SELECT * FROM `think_category` WHERE  `type` = 1 [ RunTime:0.000230s ]
[ sql ] [ SQL ] SHOW COLUMNS FROM `think_links` [ RunTime:0.000626s ]
[ sql ] [ SQL ] SELECT * FROM `think_links` WHERE  `status` = 1 LIMIT 10 [ RunTime:0.000206s ]
[ sql ] [ SQL ] SHOW COLUMNS FROM `think_tags` [ RunTime:0.000629s ]
[ sql ] [ SQL ] SELECT * FROM `think_tags` ORDER BY num desc LIMIT 10 [ RunTime:0.000185s ]
[ sql ] [ SQL ] SHOW COLUMNS FROM `think_article` [ RunTime:0.000672s ]
[ sql ] [ SQL ] SELECT `id`,`title`,`introduction`,`thumb` FROM `think_article` WHERE  `status` = 1 ORDER BY rand() LIMIT 3 [ RunTime:0.000374s ]
[ sql ] [ SQL ] SELECT `id`,`title`,`introduction`,`thumb` FROM `think_article` WHERE  `status` = 1 ORDER BY reading desc LIMIT 10 [ RunTime:0.000273s ]
[ sql ] [ SQL ] SELECT `id`,`title`,`cid`,`introduction`,`keywords`,`tag`,`is_top`,`is_good`,`photo`,`thumb`,`author`,`reading`,`status`,`publish_time`,`sort` FROM `think_article` WHERE  `status` = 1  AND `is_top` = 1 LIMIT 1 [ RunTime:0.000311s ]
[ sql ] [ SQL ] SHOW COLUMNS FROM `think_guestbook` [ RunTime:0.000630s ]
[ sql ] [ SQL ] SELECT * FROM `think_guestbook` WHERE  `status` = 1 LIMIT 4 [ RunTime:0.000228s ]
[ sql ] [ SQL ] SHOW COLUMNS FROM `think_nav` [ RunTime:0.000588s ]
[ sql ] [ SQL ] SELECT * FROM `think_nav` WHERE  `status` = 1 [ RunTime:0.000191s ]
[ sql ] [ SQL ] SELECT * FROM `think_category` ORDER BY `sort`  DESC,`id`  ASC [ RunTime:0.000199s ]
[ sql ] [ SQL ] SELECT COUNT(*) AS tp_count FROM `think_article` WHERE  `status` = 1 LIMIT 1 [ RunTime:0.000225s ]
[ sql ] [ SQL ] SELECT `id`,`title`,`cid`,`introduction`,`tag`,`is_good`,`thumb`,`author`,`reading`,`status`,`publish_time`,`sort` FROM `think_article` WHERE  `status` = 1 ORDER BY id desc LIMIT 0,5 [ RunTime:0.000225s ]
[ sql ] [ SQL ] SELECT `id`,`name` FROM `think_category` [ RunTime:0.000153s ]

---------------------------------------------------------------
[ 2019-06-29T09:23:17+08:00 ] 172.31.102.220 77.121.78.59 GET /
[ log ] 47.75.46.198:80/ [运行时间：0.018916s][吞吐率：52.87req/s] [内存消耗：572.35kb] [文件加载：60]
[ info ] [ LANG ] /var/www/html/tp55/thinkphp/lang/zh-cn.php
[ info ] [ ROUTE ] array (
  'type' => 'module',
  'module' => 
  array (
    0 => '',
    1 => NULL,
    2 => NULL,
  ),
)
[ info ] [ HEADER ] array (
  'host' => '47.75.46.198:80',
  'user-agent' => 'Mozilla/5.0 (Windows NT 10.0; WOW64) AppleWebKit/537.36 (KHTML, like Gecko) Chrome/51.0.2704.103 Safari/537.36',
  'content-length' => '0',
)
[ info ] [ PARAM ] array (
)
[ info ] [ CACHE ] INIT File
[ info ] [ DB ] INIT mysql
[ info ] [ RUN ] app\index\controller\Index->index[ /var/www/html/tp55/application/index/controller/Index.php ]
[ info ] [ VIEW ] themes/index/index.html [ array (
  0 => 'site_config',
  1 => 'banner',
  2 => 'category',
  3 => 'links',
  4 => 'tags',
  5 => 'randarticle',
  6 => 'htorticle',
  7 => 'messageinfo',
  8 => 'nav',
  9 => 'currenturl',
  10 => 'toparticle',
  11 => 'category_level_list',
  12 => 'article_list',
  13 => 'getcategoryName',
) ]
[ info ] [ SESSION ] INIT array (
  'id' => '',
  'var_session_id' => '',
  'prefix' => 'think',
  'type' => '',
  'auto_start' => true,
)
[ info ] [ LOG ] INIT File
[ sql ] [ DB ] CONNECT:[ UseTime:0.000381s ] mysql:dbname=test;host=127.0.0.1;port=3306;charset=utf8
[ sql ] [ SQL ] SHOW COLUMNS FROM `think_system` [ RunTime:0.000801s ]
[ sql ] [ SQL ] SELECT `value` FROM `think_system` WHERE  `name` = 'site_config' LIMIT 1 [ RunTime:0.000229s ]
[ sql ] [ SQL ] SHOW COLUMNS FROM `think_advertising` [ RunTime:0.000590s ]
[ sql ] [ SQL ] SELECT * FROM `think_advertising` WHERE  `status` = 1 ORDER BY sort asc [ RunTime:0.000231s ]
[ sql ] [ SQL ] SHOW COLUMNS FROM `think_category` [ RunTime:0.000588s ]
[ sql ] [ SQL ] SELECT * FROM `think_category` WHERE  `type` = 1 [ RunTime:0.000221s ]
[ sql ] [ SQL ] SHOW COLUMNS FROM `think_links` [ RunTime:0.000546s ]
[ sql ] [ SQL ] SELECT * FROM `think_links` WHERE  `status` = 1 LIMIT 10 [ RunTime:0.000183s ]
[ sql ] [ SQL ] SHOW COLUMNS FROM `think_tags` [ RunTime:0.000597s ]
[ sql ] [ SQL ] SELECT * FROM `think_tags` ORDER BY num desc LIMIT 10 [ RunTime:0.000180s ]
[ sql ] [ SQL ] SHOW COLUMNS FROM `think_article` [ RunTime:0.000591s ]
[ sql ] [ SQL ] SELECT `id`,`title`,`introduction`,`thumb` FROM `think_article` WHERE  `status` = 1 ORDER BY rand() LIMIT 3 [ RunTime:0.000323s ]
[ sql ] [ SQL ] SELECT `id`,`title`,`introduction`,`thumb` FROM `think_article` WHERE  `status` = 1 ORDER BY reading desc LIMIT 10 [ RunTime:0.000254s ]
[ sql ] [ SQL ] SELECT `id`,`title`,`cid`,`introduction`,`keywords`,`tag`,`is_top`,`is_good`,`photo`,`thumb`,`author`,`reading`,`status`,`publish_time`,`sort` FROM `think_article` WHERE  `status` = 1  AND `is_top` = 1 LIMIT 1 [ RunTime:0.000229s ]
[ sql ] [ SQL ] SHOW COLUMNS FROM `think_guestbook` [ RunTime:0.000578s ]
[ sql ] [ SQL ] SELECT * FROM `think_guestbook` WHERE  `status` = 1 LIMIT 4 [ RunTime:0.000204s ]
[ sql ] [ SQL ] SHOW COLUMNS FROM `think_nav` [ RunTime:0.000573s ]
[ sql ] [ SQL ] SELECT * FROM `think_nav` WHERE  `status` = 1 [ RunTime:0.000185s ]
[ sql ] [ SQL ] SELECT * FROM `think_category` ORDER BY `sort`  DESC,`id`  ASC [ RunTime:0.000212s ]
[ sql ] [ SQL ] SELECT COUNT(*) AS tp_count FROM `think_article` WHERE  `status` = 1 LIMIT 1 [ RunTime:0.000229s ]
[ sql ] [ SQL ] SELECT `id`,`title`,`cid`,`introduction`,`tag`,`is_good`,`thumb`,`author`,`reading`,`status`,`publish_time`,`sort` FROM `think_article` WHERE  `status` = 1 ORDER BY id desc LIMIT 0,5 [ RunTime:0.000224s ]
[ sql ] [ SQL ] SELECT `id`,`name` FROM `think_category` [ RunTime:0.000152s ]

---------------------------------------------------------------
[ 2019-06-29T11:00:33+08:00 ] 172.31.102.220 202.51.191.174 GET /
[ log ] 47.75.46.198:80/ [运行时间：0.019529s][吞吐率：51.21req/s] [内存消耗：572.72kb] [文件加载：60]
[ info ] [ LANG ] /var/www/html/tp55/thinkphp/lang/zh-cn.php
[ info ] [ ROUTE ] array (
  'type' => 'module',
  'module' => 
  array (
    0 => '',
    1 => NULL,
    2 => NULL,
  ),
)
[ info ] [ HEADER ] array (
  'host' => '47.75.46.198:80',
  'user-agent' => 'Mozilla/5.0 (Windows NT 10.0; WOW64) AppleWebKit/537.36 (KHTML, like Gecko) Chrome/51.0.2704.103 Safari/537.36',
  'content-length' => '0',
)
[ info ] [ PARAM ] array (
)
[ info ] [ CACHE ] INIT File
[ info ] [ DB ] INIT mysql
[ info ] [ RUN ] app\index\controller\Index->index[ /var/www/html/tp55/application/index/controller/Index.php ]
[ info ] [ VIEW ] themes/index/index.html [ array (
  0 => 'site_config',
  1 => 'banner',
  2 => 'category',
  3 => 'links',
  4 => 'tags',
  5 => 'randarticle',
  6 => 'htorticle',
  7 => 'messageinfo',
  8 => 'nav',
  9 => 'currenturl',
  10 => 'toparticle',
  11 => 'category_level_list',
  12 => 'article_list',
  13 => 'getcategoryName',
) ]
[ info ] [ SESSION ] INIT array (
  'id' => '',
  'var_session_id' => '',
  'prefix' => 'think',
  'type' => '',
  'auto_start' => true,
)
[ info ] [ LOG ] INIT File
[ sql ] [ DB ] CONNECT:[ UseTime:0.000350s ] mysql:dbname=test;host=127.0.0.1;port=3306;charset=utf8
[ sql ] [ SQL ] SHOW COLUMNS FROM `think_system` [ RunTime:0.000831s ]
[ sql ] [ SQL ] SELECT `value` FROM `think_system` WHERE  `name` = 'site_config' LIMIT 1 [ RunTime:0.000215s ]
[ sql ] [ SQL ] SHOW COLUMNS FROM `think_advertising` [ RunTime:0.000602s ]
[ sql ] [ SQL ] SELECT * FROM `think_advertising` WHERE  `status` = 1 ORDER BY sort asc [ RunTime:0.000243s ]
[ sql ] [ SQL ] SHOW COLUMNS FROM `think_category` [ RunTime:0.000631s ]
[ sql ] [ SQL ] SELECT * FROM `think_category` WHERE  `type` = 1 [ RunTime:0.000274s ]
[ sql ] [ SQL ] SHOW COLUMNS FROM `think_links` [ RunTime:0.000596s ]
[ sql ] [ SQL ] SELECT * FROM `think_links` WHERE  `status` = 1 LIMIT 10 [ RunTime:0.000231s ]
[ sql ] [ SQL ] SHOW COLUMNS FROM `think_tags` [ RunTime:0.000662s ]
[ sql ] [ SQL ] SELECT * FROM `think_tags` ORDER BY num desc LIMIT 10 [ RunTime:0.000200s ]
[ sql ] [ SQL ] SHOW COLUMNS FROM `think_article` [ RunTime:0.000626s ]
[ sql ] [ SQL ] SELECT `id`,`title`,`introduction`,`thumb` FROM `think_article` WHERE  `status` = 1 ORDER BY rand() LIMIT 3 [ RunTime:0.000324s ]
[ sql ] [ SQL ] SELECT `id`,`title`,`introduction`,`thumb` FROM `think_article` WHERE  `status` = 1 ORDER BY reading desc LIMIT 10 [ RunTime:0.000264s ]
[ sql ] [ SQL ] SELECT `id`,`title`,`cid`,`introduction`,`keywords`,`tag`,`is_top`,`is_good`,`photo`,`thumb`,`author`,`reading`,`status`,`publish_time`,`sort` FROM `think_article` WHERE  `status` = 1  AND `is_top` = 1 LIMIT 1 [ RunTime:0.000259s ]
[ sql ] [ SQL ] SHOW COLUMNS FROM `think_guestbook` [ RunTime:0.000600s ]
[ sql ] [ SQL ] SELECT * FROM `think_guestbook` WHERE  `status` = 1 LIMIT 4 [ RunTime:0.000217s ]
[ sql ] [ SQL ] SHOW COLUMNS FROM `think_nav` [ RunTime:0.000556s ]
[ sql ] [ SQL ] SELECT * FROM `think_nav` WHERE  `status` = 1 [ RunTime:0.000240s ]
[ sql ] [ SQL ] SELECT * FROM `think_category` ORDER BY `sort`  DESC,`id`  ASC [ RunTime:0.000282s ]
[ sql ] [ SQL ] SELECT COUNT(*) AS tp_count FROM `think_article` WHERE  `status` = 1 LIMIT 1 [ RunTime:0.000232s ]
[ sql ] [ SQL ] SELECT `id`,`title`,`cid`,`introduction`,`tag`,`is_good`,`thumb`,`author`,`reading`,`status`,`publish_time`,`sort` FROM `think_article` WHERE  `status` = 1 ORDER BY id desc LIMIT 0,5 [ RunTime:0.000229s ]
[ sql ] [ SQL ] SELECT `id`,`name` FROM `think_category` [ RunTime:0.000156s ]

---------------------------------------------------------------
[ 2019-06-29T11:56:55+08:00 ] 172.31.102.220 79.106.13.180 GET /
[ log ] 47.75.46.198:80/ [运行时间：0.020750s][吞吐率：48.19req/s] [内存消耗：572.78kb] [文件加载：60]
[ info ] [ LANG ] /var/www/html/tp55/thinkphp/lang/zh-cn.php
[ info ] [ ROUTE ] array (
  'type' => 'module',
  'module' => 
  array (
    0 => '',
    1 => NULL,
    2 => NULL,
  ),
)
[ info ] [ HEADER ] array (
  'host' => '47.75.46.198:80',
  'user-agent' => 'Mozilla/5.0 (Macintosh; Intel Mac OS X 10_11_6) AppleWebKit/601.7.7 (KHTML, like Gecko) Version/9.1.2 Safari/601.7.7',
  'content-length' => '0',
)
[ info ] [ PARAM ] array (
)
[ info ] [ CACHE ] INIT File
[ info ] [ DB ] INIT mysql
[ info ] [ RUN ] app\index\controller\Index->index[ /var/www/html/tp55/application/index/controller/Index.php ]
[ info ] [ VIEW ] themes/index/index.html [ array (
  0 => 'site_config',
  1 => 'banner',
  2 => 'category',
  3 => 'links',
  4 => 'tags',
  5 => 'randarticle',
  6 => 'htorticle',
  7 => 'messageinfo',
  8 => 'nav',
  9 => 'currenturl',
  10 => 'toparticle',
  11 => 'category_level_list',
  12 => 'article_list',
  13 => 'getcategoryName',
) ]
[ info ] [ SESSION ] INIT array (
  'id' => '',
  'var_session_id' => '',
  'prefix' => 'think',
  'type' => '',
  'auto_start' => true,
)
[ info ] [ LOG ] INIT File
[ sql ] [ DB ] CONNECT:[ UseTime:0.000388s ] mysql:dbname=test;host=127.0.0.1;port=3306;charset=utf8
[ sql ] [ SQL ] SHOW COLUMNS FROM `think_system` [ RunTime:0.000886s ]
[ sql ] [ SQL ] SELECT `value` FROM `think_system` WHERE  `name` = 'site_config' LIMIT 1 [ RunTime:0.000256s ]
[ sql ] [ SQL ] SHOW COLUMNS FROM `think_advertising` [ RunTime:0.000632s ]
[ sql ] [ SQL ] SELECT * FROM `think_advertising` WHERE  `status` = 1 ORDER BY sort asc [ RunTime:0.000281s ]
[ sql ] [ SQL ] SHOW COLUMNS FROM `think_category` [ RunTime:0.000681s ]
[ sql ] [ SQL ] SELECT * FROM `think_category` WHERE  `type` = 1 [ RunTime:0.000257s ]
[ sql ] [ SQL ] SHOW COLUMNS FROM `think_links` [ RunTime:0.000629s ]
[ sql ] [ SQL ] SELECT * FROM `think_links` WHERE  `status` = 1 LIMIT 10 [ RunTime:0.000217s ]
[ sql ] [ SQL ] SHOW COLUMNS FROM `think_tags` [ RunTime:0.000650s ]
[ sql ] [ SQL ] SELECT * FROM `think_tags` ORDER BY num desc LIMIT 10 [ RunTime:0.000215s ]
[ sql ] [ SQL ] SHOW COLUMNS FROM `think_article` [ RunTime:0.000680s ]
[ sql ] [ SQL ] SELECT `id`,`title`,`introduction`,`thumb` FROM `think_article` WHERE  `status` = 1 ORDER BY rand() LIMIT 3 [ RunTime:0.000373s ]
[ sql ] [ SQL ] SELECT `id`,`title`,`introduction`,`thumb` FROM `think_article` WHERE  `status` = 1 ORDER BY reading desc LIMIT 10 [ RunTime:0.000285s ]
[ sql ] [ SQL ] SELECT `id`,`title`,`cid`,`introduction`,`keywords`,`tag`,`is_top`,`is_good`,`photo`,`thumb`,`author`,`reading`,`status`,`publish_time`,`sort` FROM `think_article` WHERE  `status` = 1  AND `is_top` = 1 LIMIT 1 [ RunTime:0.000291s ]
[ sql ] [ SQL ] SHOW COLUMNS FROM `think_guestbook` [ RunTime:0.000670s ]
[ sql ] [ SQL ] SELECT * FROM `think_guestbook` WHERE  `status` = 1 LIMIT 4 [ RunTime:0.000206s ]
[ sql ] [ SQL ] SHOW COLUMNS FROM `think_nav` [ RunTime:0.000720s ]
[ sql ] [ SQL ] SELECT * FROM `think_nav` WHERE  `status` = 1 [ RunTime:0.000260s ]
[ sql ] [ SQL ] SELECT * FROM `think_category` ORDER BY `sort`  DESC,`id`  ASC [ RunTime:0.000205s ]
[ sql ] [ SQL ] SELECT COUNT(*) AS tp_count FROM `think_article` WHERE  `status` = 1 LIMIT 1 [ RunTime:0.000233s ]
[ sql ] [ SQL ] SELECT `id`,`title`,`cid`,`introduction`,`tag`,`is_good`,`thumb`,`author`,`reading`,`status`,`publish_time`,`sort` FROM `think_article` WHERE  `status` = 1 ORDER BY id desc LIMIT 0,5 [ RunTime:0.000213s ]
[ sql ] [ SQL ] SELECT `id`,`name` FROM `think_category` [ RunTime:0.000154s ]

---------------------------------------------------------------
[ 2019-06-29T12:42:39+08:00 ] 172.31.102.220 195.230.113.203 GET /
[ log ] 47.75.46.198:80/ [运行时间：0.019696s][吞吐率：50.77req/s] [内存消耗：572.51kb] [文件加载：60]
[ info ] [ LANG ] /var/www/html/tp55/thinkphp/lang/zh-cn.php
[ info ] [ ROUTE ] array (
  'type' => 'module',
  'module' => 
  array (
    0 => '',
    1 => NULL,
    2 => NULL,
  ),
)
[ info ] [ HEADER ] array (
  'host' => '47.75.46.198:80',
  'user-agent' => 'Mozilla/5.0 (Windows NT 6.1; WOW64) AppleWebKit/537.36 (KHTML, like Gecko) Chrome/52.0.2743.116 Safari/537.36',
  'content-length' => '0',
)
[ info ] [ PARAM ] array (
)
[ info ] [ CACHE ] INIT File
[ info ] [ DB ] INIT mysql
[ info ] [ RUN ] app\index\controller\Index->index[ /var/www/html/tp55/application/index/controller/Index.php ]
[ info ] [ VIEW ] themes/index/index.html [ array (
  0 => 'site_config',
  1 => 'banner',
  2 => 'category',
  3 => 'links',
  4 => 'tags',
  5 => 'randarticle',
  6 => 'htorticle',
  7 => 'messageinfo',
  8 => 'nav',
  9 => 'currenturl',
  10 => 'toparticle',
  11 => 'category_level_list',
  12 => 'article_list',
  13 => 'getcategoryName',
) ]
[ info ] [ SESSION ] INIT array (
  'id' => '',
  'var_session_id' => '',
  'prefix' => 'think',
  'type' => '',
  'auto_start' => true,
)
[ info ] [ LOG ] INIT File
[ sql ] [ DB ] CONNECT:[ UseTime:0.000442s ] mysql:dbname=test;host=127.0.0.1;port=3306;charset=utf8
[ sql ] [ SQL ] SHOW COLUMNS FROM `think_system` [ RunTime:0.000905s ]
[ sql ] [ SQL ] SELECT `value` FROM `think_system` WHERE  `name` = 'site_config' LIMIT 1 [ RunTime:0.000243s ]
[ sql ] [ SQL ] SHOW COLUMNS FROM `think_advertising` [ RunTime:0.000587s ]
[ sql ] [ SQL ] SELECT * FROM `think_advertising` WHERE  `status` = 1 ORDER BY sort asc [ RunTime:0.000231s ]
[ sql ] [ SQL ] SHOW COLUMNS FROM `think_category` [ RunTime:0.000635s ]
[ sql ] [ SQL ] SELECT * FROM `think_category` WHERE  `type` = 1 [ RunTime:0.000230s ]
[ sql ] [ SQL ] SHOW COLUMNS FROM `think_links` [ RunTime:0.000645s ]
[ sql ] [ SQL ] SELECT * FROM `think_links` WHERE  `status` = 1 LIMIT 10 [ RunTime:0.000204s ]
[ sql ] [ SQL ] SHOW COLUMNS FROM `think_tags` [ RunTime:0.000583s ]
[ sql ] [ SQL ] SELECT * FROM `think_tags` ORDER BY num desc LIMIT 10 [ RunTime:0.000194s ]
[ sql ] [ SQL ] SHOW COLUMNS FROM `think_article` [ RunTime:0.000619s ]
[ sql ] [ SQL ] SELECT `id`,`title`,`introduction`,`thumb` FROM `think_article` WHERE  `status` = 1 ORDER BY rand() LIMIT 3 [ RunTime:0.000335s ]
[ sql ] [ SQL ] SELECT `id`,`title`,`introduction`,`thumb` FROM `think_article` WHERE  `status` = 1 ORDER BY reading desc LIMIT 10 [ RunTime:0.000268s ]
[ sql ] [ SQL ] SELECT `id`,`title`,`cid`,`introduction`,`keywords`,`tag`,`is_top`,`is_good`,`photo`,`thumb`,`author`,`reading`,`status`,`publish_time`,`sort` FROM `think_article` WHERE  `status` = 1  AND `is_top` = 1 LIMIT 1 [ RunTime:0.000258s ]
[ sql ] [ SQL ] SHOW COLUMNS FROM `think_guestbook` [ RunTime:0.000592s ]
[ sql ] [ SQL ] SELECT * FROM `think_guestbook` WHERE  `status` = 1 LIMIT 4 [ RunTime:0.000208s ]
[ sql ] [ SQL ] SHOW COLUMNS FROM `think_nav` [ RunTime:0.000575s ]
[ sql ] [ SQL ] SELECT * FROM `think_nav` WHERE  `status` = 1 [ RunTime:0.000198s ]
[ sql ] [ SQL ] SELECT * FROM `think_category` ORDER BY `sort`  DESC,`id`  ASC [ RunTime:0.000214s ]
[ sql ] [ SQL ] SELECT COUNT(*) AS tp_count FROM `think_article` WHERE  `status` = 1 LIMIT 1 [ RunTime:0.000252s ]
[ sql ] [ SQL ] SELECT `id`,`title`,`cid`,`introduction`,`tag`,`is_good`,`thumb`,`author`,`reading`,`status`,`publish_time`,`sort` FROM `think_article` WHERE  `status` = 1 ORDER BY id desc LIMIT 0,5 [ RunTime:0.000253s ]
[ sql ] [ SQL ] SELECT `id`,`name` FROM `think_category` [ RunTime:0.000158s ]

---------------------------------------------------------------
[ 2019-06-29T16:59:18+08:00 ] 172.31.102.220 89.248.167.131 GET /
[ log ] 47.75.46.198/ [运行时间：0.019888s][吞吐率：50.28req/s] [内存消耗：572.48kb] [文件加载：60]
[ info ] [ LANG ] /var/www/html/tp55/thinkphp/lang/zh-cn.php
[ info ] [ ROUTE ] array (
  'type' => 'module',
  'module' => 
  array (
    0 => '',
    1 => NULL,
    2 => NULL,
  ),
)
[ info ] [ HEADER ] array (
  'accept-encoding' => 'identity',
  'host' => '47.75.46.198',
  'accept' => 'text/html,application/xhtml+xml,application/xml;q=0.9,*/*;q=0.8',
  'user-agent' => 'Mozilla/5.0 (Windows NT 6.1) AppleWebKit/537.36 (KHTML, like Gecko) Chrome/41.0.2228.0 Safari/537.36',
)
[ info ] [ PARAM ] array (
)
[ info ] [ CACHE ] INIT File
[ info ] [ DB ] INIT mysql
[ info ] [ RUN ] app\index\controller\Index->index[ /var/www/html/tp55/application/index/controller/Index.php ]
[ info ] [ VIEW ] themes/index/index.html [ array (
  0 => 'site_config',
  1 => 'banner',
  2 => 'category',
  3 => 'links',
  4 => 'tags',
  5 => 'randarticle',
  6 => 'htorticle',
  7 => 'messageinfo',
  8 => 'nav',
  9 => 'currenturl',
  10 => 'toparticle',
  11 => 'category_level_list',
  12 => 'article_list',
  13 => 'getcategoryName',
) ]
[ info ] [ SESSION ] INIT array (
  'id' => '',
  'var_session_id' => '',
  'prefix' => 'think',
  'type' => '',
  'auto_start' => true,
)
[ info ] [ LOG ] INIT File
[ sql ] [ DB ] CONNECT:[ UseTime:0.000362s ] mysql:dbname=test;host=127.0.0.1;port=3306;charset=utf8
[ sql ] [ SQL ] SHOW COLUMNS FROM `think_system` [ RunTime:0.000873s ]
[ sql ] [ SQL ] SELECT `value` FROM `think_system` WHERE  `name` = 'site_config' LIMIT 1 [ RunTime:0.000231s ]
[ sql ] [ SQL ] SHOW COLUMNS FROM `think_advertising` [ RunTime:0.000684s ]
[ sql ] [ SQL ] SELECT * FROM `think_advertising` WHERE  `status` = 1 ORDER BY sort asc [ RunTime:0.000275s ]
[ sql ] [ SQL ] SHOW COLUMNS FROM `think_category` [ RunTime:0.000618s ]
[ sql ] [ SQL ] SELECT * FROM `think_category` WHERE  `type` = 1 [ RunTime:0.000249s ]
[ sql ] [ SQL ] SHOW COLUMNS FROM `think_links` [ RunTime:0.000592s ]
[ sql ] [ SQL ] SELECT * FROM `think_links` WHERE  `status` = 1 LIMIT 10 [ RunTime:0.000217s ]
[ sql ] [ SQL ] SHOW COLUMNS FROM `think_tags` [ RunTime:0.000569s ]
[ sql ] [ SQL ] SELECT * FROM `think_tags` ORDER BY num desc LIMIT 10 [ RunTime:0.000205s ]
[ sql ] [ SQL ] SHOW COLUMNS FROM `think_article` [ RunTime:0.000635s ]
[ sql ] [ SQL ] SELECT `id`,`title`,`introduction`,`thumb` FROM `think_article` WHERE  `status` = 1 ORDER BY rand() LIMIT 3 [ RunTime:0.000342s ]
[ sql ] [ SQL ] SELECT `id`,`title`,`introduction`,`thumb` FROM `think_article` WHERE  `status` = 1 ORDER BY reading desc LIMIT 10 [ RunTime:0.000251s ]
[ sql ] [ SQL ] SELECT `id`,`title`,`cid`,`introduction`,`keywords`,`tag`,`is_top`,`is_good`,`photo`,`thumb`,`author`,`reading`,`status`,`publish_time`,`sort` FROM `think_article` WHERE  `status` = 1  AND `is_top` = 1 LIMIT 1 [ RunTime:0.000250s ]
[ sql ] [ SQL ] SHOW COLUMNS FROM `think_guestbook` [ RunTime:0.000644s ]
[ sql ] [ SQL ] SELECT * FROM `think_guestbook` WHERE  `status` = 1 LIMIT 4 [ RunTime:0.000230s ]
[ sql ] [ SQL ] SHOW COLUMNS FROM `think_nav` [ RunTime:0.000609s ]
[ sql ] [ SQL ] SELECT * FROM `think_nav` WHERE  `status` = 1 [ RunTime:0.000192s ]
[ sql ] [ SQL ] SELECT * FROM `think_category` ORDER BY `sort`  DESC,`id`  ASC [ RunTime:0.000245s ]
[ sql ] [ SQL ] SELECT COUNT(*) AS tp_count FROM `think_article` WHERE  `status` = 1 LIMIT 1 [ RunTime:0.000239s ]
[ sql ] [ SQL ] SELECT `id`,`title`,`cid`,`introduction`,`tag`,`is_good`,`thumb`,`author`,`reading`,`status`,`publish_time`,`sort` FROM `think_article` WHERE  `status` = 1 ORDER BY id desc LIMIT 0,5 [ RunTime:0.000246s ]
[ sql ] [ SQL ] SELECT `id`,`name` FROM `think_category` [ RunTime:0.000159s ]

---------------------------------------------------------------
[ 2019-06-29T16:59:20+08:00 ] 172.31.102.220 89.248.167.131 GET /sitemap.xml
[ log ] 47.75.46.198/sitemap.xml [运行时间：0.002755s][吞吐率：362.99req/s] [内存消耗：149.30kb] [文件加载：38]
[ info ] [ LANG ] /var/www/html/tp55/thinkphp/lang/zh-cn.php
[ info ] [ ROUTE ] array (
  'type' => 'module',
  'module' => 
  array (
    0 => 'sitemap.xml',
    1 => NULL,
    2 => NULL,
  ),
)
[ info ] [ HEADER ] array (
  'host' => '47.75.46.198',
  'accept-encoding' => 'identity',
)
[ info ] [ PARAM ] array (
  '/sitemap_xml' => '',
)
[ info ] [ LOG ] INIT File

---------------------------------------------------------------
[ 2019-06-29T16:59:26+08:00 ] 172.31.102.220 89.248.167.131 GET /.well-known/security.txt
[ log ] 47.75.46.198/.well-known/security.txt [运行时间：0.002697s][吞吐率：370.78req/s] [内存消耗：149.41kb] [文件加载：38]
[ info ] [ LANG ] /var/www/html/tp55/thinkphp/lang/zh-cn.php
[ info ] [ ROUTE ] array (
  'type' => 'module',
  'module' => 
  array (
    0 => '.well-known',
    1 => 'security.txt',
    2 => NULL,
  ),
)
[ info ] [ HEADER ] array (
  'host' => '47.75.46.198',
  'accept-encoding' => 'identity',
)
[ info ] [ PARAM ] array (
  '/_well-known/security_txt' => '',
)
[ info ] [ LOG ] INIT File

---------------------------------------------------------------
[ 2019-06-29T16:59:27+08:00 ] 172.31.102.220 89.248.167.131 GET /favicon.ico
[ log ] 47.75.46.198/favicon.ico [运行时间：0.002500s][吞吐率：399.99req/s] [内存消耗：150.88kb] [文件加载：38]
[ info ] [ LANG ] /var/www/html/tp55/thinkphp/lang/zh-cn.php
[ info ] [ ROUTE ] array (
  'type' => 'module',
  'module' => 
  array (
    0 => 'favicon.ico',
    1 => NULL,
    2 => NULL,
  ),
)
[ info ] [ HEADER ] array (
  'host' => '47.75.46.198',
  'connection' => 'keep-alive',
  'accept-encoding' => 'gzip, deflate',
  'accept' => '*/*',
  'user-agent' => 'python-requests/2.10.0',
)
[ info ] [ PARAM ] array (
  '/favicon_ico' => '',
)
[ info ] [ LOG ] INIT File

---------------------------------------------------------------
[ 2019-06-29T18:35:05+08:00 ] 172.31.102.220 94.242.149.143 GET /
[ log ] 47.75.46.198:80/ [运行时间：0.019173s][吞吐率：52.16req/s] [内存消耗：572.75kb] [文件加载：60]
[ info ] [ LANG ] /var/www/html/tp55/thinkphp/lang/zh-cn.php
[ info ] [ ROUTE ] array (
  'type' => 'module',
  'module' => 
  array (
    0 => '',
    1 => NULL,
    2 => NULL,
  ),
)
[ info ] [ HEADER ] array (
  'host' => '47.75.46.198:80',
  'user-agent' => 'Mozilla/5.0 (Windows NT 10.0; WOW64) AppleWebKit/537.36 (KHTML, like Gecko) Chrome/52.0.2743.116 Safari/537.36',
  'content-length' => '0',
)
[ info ] [ PARAM ] array (
)
[ info ] [ CACHE ] INIT File
[ info ] [ DB ] INIT mysql
[ info ] [ RUN ] app\index\controller\Index->index[ /var/www/html/tp55/application/index/controller/Index.php ]
[ info ] [ VIEW ] themes/index/index.html [ array (
  0 => 'site_config',
  1 => 'banner',
  2 => 'category',
  3 => 'links',
  4 => 'tags',
  5 => 'randarticle',
  6 => 'htorticle',
  7 => 'messageinfo',
  8 => 'nav',
  9 => 'currenturl',
  10 => 'toparticle',
  11 => 'category_level_list',
  12 => 'article_list',
  13 => 'getcategoryName',
) ]
[ info ] [ SESSION ] INIT array (
  'id' => '',
  'var_session_id' => '',
  'prefix' => 'think',
  'type' => '',
  'auto_start' => true,
)
[ info ] [ LOG ] INIT File
[ sql ] [ DB ] CONNECT:[ UseTime:0.000373s ] mysql:dbname=test;host=127.0.0.1;port=3306;charset=utf8
[ sql ] [ SQL ] SHOW COLUMNS FROM `think_system` [ RunTime:0.000802s ]
[ sql ] [ SQL ] SELECT `value` FROM `think_system` WHERE  `name` = 'site_config' LIMIT 1 [ RunTime:0.000244s ]
[ sql ] [ SQL ] SHOW COLUMNS FROM `think_advertising` [ RunTime:0.000595s ]
[ sql ] [ SQL ] SELECT * FROM `think_advertising` WHERE  `status` = 1 ORDER BY sort asc [ RunTime:0.000231s ]
[ sql ] [ SQL ] SHOW COLUMNS FROM `think_category` [ RunTime:0.000596s ]
[ sql ] [ SQL ] SELECT * FROM `think_category` WHERE  `type` = 1 [ RunTime:0.000233s ]
[ sql ] [ SQL ] SHOW COLUMNS FROM `think_links` [ RunTime:0.000571s ]
[ sql ] [ SQL ] SELECT * FROM `think_links` WHERE  `status` = 1 LIMIT 10 [ RunTime:0.000186s ]
[ sql ] [ SQL ] SHOW COLUMNS FROM `think_tags` [ RunTime:0.000607s ]
[ sql ] [ SQL ] SELECT * FROM `think_tags` ORDER BY num desc LIMIT 10 [ RunTime:0.000219s ]
[ sql ] [ SQL ] SHOW COLUMNS FROM `think_article` [ RunTime:0.000649s ]
[ sql ] [ SQL ] SELECT `id`,`title`,`introduction`,`thumb` FROM `think_article` WHERE  `status` = 1 ORDER BY rand() LIMIT 3 [ RunTime:0.000337s ]
[ sql ] [ SQL ] SELECT `id`,`title`,`introduction`,`thumb` FROM `think_article` WHERE  `status` = 1 ORDER BY reading desc LIMIT 10 [ RunTime:0.000256s ]
[ sql ] [ SQL ] SELECT `id`,`title`,`cid`,`introduction`,`keywords`,`tag`,`is_top`,`is_good`,`photo`,`thumb`,`author`,`reading`,`status`,`publish_time`,`sort` FROM `think_article` WHERE  `status` = 1  AND `is_top` = 1 LIMIT 1 [ RunTime:0.000261s ]
[ sql ] [ SQL ] SHOW COLUMNS FROM `think_guestbook` [ RunTime:0.000643s ]
[ sql ] [ SQL ] SELECT * FROM `think_guestbook` WHERE  `status` = 1 LIMIT 4 [ RunTime:0.000213s ]
[ sql ] [ SQL ] SHOW COLUMNS FROM `think_nav` [ RunTime:0.000592s ]
[ sql ] [ SQL ] SELECT * FROM `think_nav` WHERE  `status` = 1 [ RunTime:0.000186s ]
[ sql ] [ SQL ] SELECT * FROM `think_category` ORDER BY `sort`  DESC,`id`  ASC [ RunTime:0.000216s ]
[ sql ] [ SQL ] SELECT COUNT(*) AS tp_count FROM `think_article` WHERE  `status` = 1 LIMIT 1 [ RunTime:0.000244s ]
[ sql ] [ SQL ] SELECT `id`,`title`,`cid`,`introduction`,`tag`,`is_good`,`thumb`,`author`,`reading`,`status`,`publish_time`,`sort` FROM `think_article` WHERE  `status` = 1 ORDER BY id desc LIMIT 0,5 [ RunTime:0.000225s ]
[ sql ] [ SQL ] SELECT `id`,`name` FROM `think_category` [ RunTime:0.000168s ]

---------------------------------------------------------------
[ 2019-06-29T20:37:50+08:00 ] 172.31.102.220 207.46.13.78 GET /
[ log ] www.cxdaty.xyz/ [运行时间：0.020852s][吞吐率：47.96req/s] [内存消耗：573.01kb] [文件加载：60]
[ info ] [ LANG ] /var/www/html/tp55/thinkphp/lang/zh-cn.php
[ info ] [ ROUTE ] array (
  'type' => 'module',
  'module' => 
  array (
    0 => '',
    1 => NULL,
    2 => NULL,
  ),
)
[ info ] [ HEADER ] array (
  'cache-control' => 'no-cache',
  'connection' => 'Keep-Alive',
  'pragma' => 'no-cache',
  'accept' => '*/*',
  'accept-encoding' => 'gzip, deflate',
  'host' => 'www.cxdaty.xyz',
  'user-agent' => 'Mozilla/5.0 (compatible; bingbot/2.0; +http://www.bing.com/bingbot.htm)',
)
[ info ] [ PARAM ] array (
)
[ info ] [ CACHE ] INIT File
[ info ] [ DB ] INIT mysql
[ info ] [ RUN ] app\index\controller\Index->index[ /var/www/html/tp55/application/index/controller/Index.php ]
[ info ] [ VIEW ] themes/index/index.html [ array (
  0 => 'site_config',
  1 => 'banner',
  2 => 'category',
  3 => 'links',
  4 => 'tags',
  5 => 'randarticle',
  6 => 'htorticle',
  7 => 'messageinfo',
  8 => 'nav',
  9 => 'currenturl',
  10 => 'toparticle',
  11 => 'category_level_list',
  12 => 'article_list',
  13 => 'getcategoryName',
) ]
[ info ] [ SESSION ] INIT array (
  'id' => '',
  'var_session_id' => '',
  'prefix' => 'think',
  'type' => '',
  'auto_start' => true,
)
[ info ] [ LOG ] INIT File
[ sql ] [ DB ] CONNECT:[ UseTime:0.000368s ] mysql:dbname=test;host=127.0.0.1;port=3306;charset=utf8
[ sql ] [ SQL ] SHOW COLUMNS FROM `think_system` [ RunTime:0.000839s ]
[ sql ] [ SQL ] SELECT `value` FROM `think_system` WHERE  `name` = 'site_config' LIMIT 1 [ RunTime:0.000252s ]
[ sql ] [ SQL ] SHOW COLUMNS FROM `think_advertising` [ RunTime:0.000604s ]
[ sql ] [ SQL ] SELECT * FROM `think_advertising` WHERE  `status` = 1 ORDER BY sort asc [ RunTime:0.000224s ]
[ sql ] [ SQL ] SHOW COLUMNS FROM `think_category` [ RunTime:0.000646s ]
[ sql ] [ SQL ] SELECT * FROM `think_category` WHERE  `type` = 1 [ RunTime:0.000230s ]
[ sql ] [ SQL ] SHOW COLUMNS FROM `think_links` [ RunTime:0.000556s ]
[ sql ] [ SQL ] SELECT * FROM `think_links` WHERE  `status` = 1 LIMIT 10 [ RunTime:0.000242s ]
[ sql ] [ SQL ] SHOW COLUMNS FROM `think_tags` [ RunTime:0.000910s ]
[ sql ] [ SQL ] SELECT * FROM `think_tags` ORDER BY num desc LIMIT 10 [ RunTime:0.000180s ]
[ sql ] [ SQL ] SHOW COLUMNS FROM `think_article` [ RunTime:0.000620s ]
[ sql ] [ SQL ] SELECT `id`,`title`,`introduction`,`thumb` FROM `think_article` WHERE  `status` = 1 ORDER BY rand() LIMIT 3 [ RunTime:0.000358s ]
[ sql ] [ SQL ] SELECT `id`,`title`,`introduction`,`thumb` FROM `think_article` WHERE  `status` = 1 ORDER BY reading desc LIMIT 10 [ RunTime:0.000263s ]
[ sql ] [ SQL ] SELECT `id`,`title`,`cid`,`introduction`,`keywords`,`tag`,`is_top`,`is_good`,`photo`,`thumb`,`author`,`reading`,`status`,`publish_time`,`sort` FROM `think_article` WHERE  `status` = 1  AND `is_top` = 1 LIMIT 1 [ RunTime:0.000261s ]
[ sql ] [ SQL ] SHOW COLUMNS FROM `think_guestbook` [ RunTime:0.000675s ]
[ sql ] [ SQL ] SELECT * FROM `think_guestbook` WHERE  `status` = 1 LIMIT 4 [ RunTime:0.000236s ]
[ sql ] [ SQL ] SHOW COLUMNS FROM `think_nav` [ RunTime:0.000792s ]
[ sql ] [ SQL ] SELECT * FROM `think_nav` WHERE  `status` = 1 [ RunTime:0.000207s ]
[ sql ] [ SQL ] SELECT * FROM `think_category` ORDER BY `sort`  DESC,`id`  ASC [ RunTime:0.000240s ]
[ sql ] [ SQL ] SELECT COUNT(*) AS tp_count FROM `think_article` WHERE  `status` = 1 LIMIT 1 [ RunTime:0.000252s ]
[ sql ] [ SQL ] SELECT `id`,`title`,`cid`,`introduction`,`tag`,`is_good`,`thumb`,`author`,`reading`,`status`,`publish_time`,`sort` FROM `think_article` WHERE  `status` = 1 ORDER BY id desc LIMIT 0,5 [ RunTime:0.000285s ]
[ sql ] [ SQL ] SELECT `id`,`name` FROM `think_category` [ RunTime:0.000171s ]

---------------------------------------------------------------
[ 2019-06-29T21:13:42+08:00 ] 172.31.102.220 139.162.119.197 GET /
[ log ] 47.75.46.198/ [运行时间：0.019205s][吞吐率：52.07req/s] [内存消耗：572.45kb] [文件加载：60]
[ info ] [ LANG ] /var/www/html/tp55/thinkphp/lang/zh-cn.php
[ info ] [ ROUTE ] array (
  'type' => 'module',
  'module' => 
  array (
    0 => '',
    1 => NULL,
    2 => NULL,
  ),
)
[ info ] [ HEADER ] array (
  'host' => '47.75.46.198',
  'user-agent' => 'HTTP Banner Detection (https://security.ipip.net)',
  'connection' => 'close',
)
[ info ] [ PARAM ] array (
)
[ info ] [ CACHE ] INIT File
[ info ] [ DB ] INIT mysql
[ info ] [ RUN ] app\index\controller\Index->index[ /var/www/html/tp55/application/index/controller/Index.php ]
[ info ] [ VIEW ] themes/index/index.html [ array (
  0 => 'site_config',
  1 => 'banner',
  2 => 'category',
  3 => 'links',
  4 => 'tags',
  5 => 'randarticle',
  6 => 'htorticle',
  7 => 'messageinfo',
  8 => 'nav',
  9 => 'currenturl',
  10 => 'toparticle',
  11 => 'category_level_list',
  12 => 'article_list',
  13 => 'getcategoryName',
) ]
[ info ] [ SESSION ] INIT array (
  'id' => '',
  'var_session_id' => '',
  'prefix' => 'think',
  'type' => '',
  'auto_start' => true,
)
[ info ] [ LOG ] INIT File
[ sql ] [ DB ] CONNECT:[ UseTime:0.000352s ] mysql:dbname=test;host=127.0.0.1;port=3306;charset=utf8
[ sql ] [ SQL ] SHOW COLUMNS FROM `think_system` [ RunTime:0.000840s ]
[ sql ] [ SQL ] SELECT `value` FROM `think_system` WHERE  `name` = 'site_config' LIMIT 1 [ RunTime:0.000232s ]
[ sql ] [ SQL ] SHOW COLUMNS FROM `think_advertising` [ RunTime:0.000670s ]
[ sql ] [ SQL ] SELECT * FROM `think_advertising` WHERE  `status` = 1 ORDER BY sort asc [ RunTime:0.000272s ]
[ sql ] [ SQL ] SHOW COLUMNS FROM `think_category` [ RunTime:0.000627s ]
[ sql ] [ SQL ] SELECT * FROM `think_category` WHERE  `type` = 1 [ RunTime:0.000217s ]
[ sql ] [ SQL ] SHOW COLUMNS FROM `think_links` [ RunTime:0.000550s ]
[ sql ] [ SQL ] SELECT * FROM `think_links` WHERE  `status` = 1 LIMIT 10 [ RunTime:0.000188s ]
[ sql ] [ SQL ] SHOW COLUMNS FROM `think_tags` [ RunTime:0.000535s ]
[ sql ] [ SQL ] SELECT * FROM `think_tags` ORDER BY num desc LIMIT 10 [ RunTime:0.000180s ]
[ sql ] [ SQL ] SHOW COLUMNS FROM `think_article` [ RunTime:0.000614s ]
[ sql ] [ SQL ] SELECT `id`,`title`,`introduction`,`thumb` FROM `think_article` WHERE  `status` = 1 ORDER BY rand() LIMIT 3 [ RunTime:0.000332s ]
[ sql ] [ SQL ] SELECT `id`,`title`,`introduction`,`thumb` FROM `think_article` WHERE  `status` = 1 ORDER BY reading desc LIMIT 10 [ RunTime:0.000276s ]
[ sql ] [ SQL ] SELECT `id`,`title`,`cid`,`introduction`,`keywords`,`tag`,`is_top`,`is_good`,`photo`,`thumb`,`author`,`reading`,`status`,`publish_time`,`sort` FROM `think_article` WHERE  `status` = 1  AND `is_top` = 1 LIMIT 1 [ RunTime:0.000271s ]
[ sql ] [ SQL ] SHOW COLUMNS FROM `think_guestbook` [ RunTime:0.000603s ]
[ sql ] [ SQL ] SELECT * FROM `think_guestbook` WHERE  `status` = 1 LIMIT 4 [ RunTime:0.000200s ]
[ sql ] [ SQL ] SHOW COLUMNS FROM `think_nav` [ RunTime:0.000548s ]
[ sql ] [ SQL ] SELECT * FROM `think_nav` WHERE  `status` = 1 [ RunTime:0.000251s ]
[ sql ] [ SQL ] SELECT * FROM `think_category` ORDER BY `sort`  DESC,`id`  ASC [ RunTime:0.000205s ]
[ sql ] [ SQL ] SELECT COUNT(*) AS tp_count FROM `think_article` WHERE  `status` = 1 LIMIT 1 [ RunTime:0.000280s ]
[ sql ] [ SQL ] SELECT `id`,`title`,`cid`,`introduction`,`tag`,`is_good`,`thumb`,`author`,`reading`,`status`,`publish_time`,`sort` FROM `think_article` WHERE  `status` = 1 ORDER BY id desc LIMIT 0,5 [ RunTime:0.000225s ]
[ sql ] [ SQL ] SELECT `id`,`name` FROM `think_category` [ RunTime:0.000179s ]

---------------------------------------------------------------
[ 2019-06-29T22:19:47+08:00 ] 172.31.102.220 47.75.101.162 GET /kindeditor/themes/default/default.css
[ log ] www.cxdaty.xyz/kindeditor/themes/default/default.css [运行时间：0.002910s][吞吐率：343.63req/s] [内存消耗：151.55kb] [文件加载：38]
[ info ] [ LANG ] /var/www/html/tp55/thinkphp/lang/zh-cn.php
[ info ] [ ROUTE ] array (
  'type' => 'module',
  'module' => 
  array (
    0 => 'kindeditor',
    1 => 'themes',
    2 => 'default',
  ),
)
[ info ] [ HEADER ] array (
  'connection' => 'Keep-Alive',
  'content-type' => 'application/x-www-form-urlencoded',
  'accept' => '*/*',
  'accept-language' => 'zh-CN',
  'referer' => 'http://www.cxdaty.xyz/kindeditor/themes/default/default.css',
  'user-agent' => 'Mozilla/5.0 (compatible; MSIE 9.0; Windows NT 6.1; Win64; x64; Trident/5.0)',
  'host' => 'www.cxdaty.xyz',
)
[ info ] [ PARAM ] array (
  '/kindeditor/themes/default/default_css' => '',
)
[ info ] [ LOG ] INIT File

---------------------------------------------------------------
[ 2019-06-29T22:41:17+08:00 ] 172.31.102.220 37.6.128.175 GET /
[ log ] 47.75.46.198:80/ [运行时间：0.020097s][吞吐率：49.76req/s] [内存消耗：572.39kb] [文件加载：60]
[ info ] [ LANG ] /var/www/html/tp55/thinkphp/lang/zh-cn.php
[ info ] [ ROUTE ] array (
  'type' => 'module',
  'module' => 
  array (
    0 => '',
    1 => NULL,
    2 => NULL,
  ),
)
[ info ] [ HEADER ] array (
  'host' => '47.75.46.198:80',
  'user-agent' => 'Mozilla/5.0 (Windows NT 6.1; WOW64) AppleWebKit/537.36 (KHTML, like Gecko) Chrome/52.0.2743.116 Safari/537.36',
  'content-length' => '0',
)
[ info ] [ PARAM ] array (
)
[ info ] [ CACHE ] INIT File
[ info ] [ DB ] INIT mysql
[ info ] [ RUN ] app\index\controller\Index->index[ /var/www/html/tp55/application/index/controller/Index.php ]
[ info ] [ VIEW ] themes/index/index.html [ array (
  0 => 'site_config',
  1 => 'banner',
  2 => 'category',
  3 => 'links',
  4 => 'tags',
  5 => 'randarticle',
  6 => 'htorticle',
  7 => 'messageinfo',
  8 => 'nav',
  9 => 'currenturl',
  10 => 'toparticle',
  11 => 'category_level_list',
  12 => 'article_list',
  13 => 'getcategoryName',
) ]
[ info ] [ SESSION ] INIT array (
  'id' => '',
  'var_session_id' => '',
  'prefix' => 'think',
  'type' => '',
  'auto_start' => true,
)
[ info ] [ LOG ] INIT File
[ sql ] [ DB ] CONNECT:[ UseTime:0.000373s ] mysql:dbname=test;host=127.0.0.1;port=3306;charset=utf8
[ sql ] [ SQL ] SHOW COLUMNS FROM `think_system` [ RunTime:0.000823s ]
[ sql ] [ SQL ] SELECT `value` FROM `think_system` WHERE  `name` = 'site_config' LIMIT 1 [ RunTime:0.000248s ]
[ sql ] [ SQL ] SHOW COLUMNS FROM `think_advertising` [ RunTime:0.000593s ]
[ sql ] [ SQL ] SELECT * FROM `think_advertising` WHERE  `status` = 1 ORDER BY sort asc [ RunTime:0.000237s ]
[ sql ] [ SQL ] SHOW COLUMNS FROM `think_category` [ RunTime:0.000597s ]
[ sql ] [ SQL ] SELECT * FROM `think_category` WHERE  `type` = 1 [ RunTime:0.000217s ]
[ sql ] [ SQL ] SHOW COLUMNS FROM `think_links` [ RunTime:0.000555s ]
[ sql ] [ SQL ] SELECT * FROM `think_links` WHERE  `status` = 1 LIMIT 10 [ RunTime:0.000228s ]
[ sql ] [ SQL ] SHOW COLUMNS FROM `think_tags` [ RunTime:0.000547s ]
[ sql ] [ SQL ] SELECT * FROM `think_tags` ORDER BY num desc LIMIT 10 [ RunTime:0.000181s ]
[ sql ] [ SQL ] SHOW COLUMNS FROM `think_article` [ RunTime:0.000617s ]
[ sql ] [ SQL ] SELECT `id`,`title`,`introduction`,`thumb` FROM `think_article` WHERE  `status` = 1 ORDER BY rand() LIMIT 3 [ RunTime:0.000314s ]
[ sql ] [ SQL ] SELECT `id`,`title`,`introduction`,`thumb` FROM `think_article` WHERE  `status` = 1 ORDER BY reading desc LIMIT 10 [ RunTime:0.000295s ]
[ sql ] [ SQL ] SELECT `id`,`title`,`cid`,`introduction`,`keywords`,`tag`,`is_top`,`is_good`,`photo`,`thumb`,`author`,`reading`,`status`,`publish_time`,`sort` FROM `think_article` WHERE  `status` = 1  AND `is_top` = 1 LIMIT 1 [ RunTime:0.000308s ]
[ sql ] [ SQL ] SHOW COLUMNS FROM `think_guestbook` [ RunTime:0.000609s ]
[ sql ] [ SQL ] SELECT * FROM `think_guestbook` WHERE  `status` = 1 LIMIT 4 [ RunTime:0.000236s ]
[ sql ] [ SQL ] SHOW COLUMNS FROM `think_nav` [ RunTime:0.000570s ]
[ sql ] [ SQL ] SELECT * FROM `think_nav` WHERE  `status` = 1 [ RunTime:0.000208s ]
[ sql ] [ SQL ] SELECT * FROM `think_category` ORDER BY `sort`  DESC,`id`  ASC [ RunTime:0.000212s ]
[ sql ] [ SQL ] SELECT COUNT(*) AS tp_count FROM `think_article` WHERE  `status` = 1 LIMIT 1 [ RunTime:0.000286s ]
[ sql ] [ SQL ] SELECT `id`,`title`,`cid`,`introduction`,`tag`,`is_good`,`thumb`,`author`,`reading`,`status`,`publish_time`,`sort` FROM `think_article` WHERE  `status` = 1 ORDER BY id desc LIMIT 0,5 [ RunTime:0.000227s ]
[ sql ] [ SQL ] SELECT `id`,`name` FROM `think_category` [ RunTime:0.000159s ]

---------------------------------------------------------------
[ 2019-06-29T22:55:39+08:00 ] 172.31.102.220 47.104.93.117 GET /kindeditor/themes/default/default.css
[ log ] www.cxdaty.xyz/kindeditor/themes/default/default.css [运行时间：0.002871s][吞吐率：348.31req/s] [内存消耗：151.55kb] [文件加载：38]
[ info ] [ LANG ] /var/www/html/tp55/thinkphp/lang/zh-cn.php
[ info ] [ ROUTE ] array (
  'type' => 'module',
  'module' => 
  array (
    0 => 'kindeditor',
    1 => 'themes',
    2 => 'default',
  ),
)
[ info ] [ HEADER ] array (
  'connection' => 'Keep-Alive',
  'content-type' => 'application/x-www-form-urlencoded',
  'accept' => '*/*',
  'accept-language' => 'zh-CN',
  'referer' => 'http://www.cxdaty.xyz/kindeditor/themes/default/default.css',
  'user-agent' => 'Mozilla/5.0 (compatible; MSIE 9.0; Windows NT 6.1; Win64; x64; Trident/5.0)',
  'host' => 'www.cxdaty.xyz',
)
[ info ] [ PARAM ] array (
  '/kindeditor/themes/default/default_css' => '',
)
[ info ] [ LOG ] INIT File

---------------------------------------------------------------
[ 2019-06-29T23:43:09+08:00 ] 172.31.102.220 71.6.146.185 GET /
[ log ] 47.75.46.198/ [运行时间：0.019593s][吞吐率：51.04req/s] [内存消耗：572.82kb] [文件加载：60]
[ info ] [ LANG ] /var/www/html/tp55/thinkphp/lang/zh-cn.php
[ info ] [ ROUTE ] array (
  'type' => 'module',
  'module' => 
  array (
    0 => '',
    1 => NULL,
    2 => NULL,
  ),
)
[ info ] [ HEADER ] array (
  'accept-encoding' => 'identity',
  'host' => '47.75.46.198',
  'accept' => 'text/html,application/xhtml+xml,application/xml;q=0.9,*/*;q=0.8',
  'user-agent' => 'Mozilla/5.0 (Windows NT 6.1) AppleWebKit/537.36 (KHTML, like Gecko) Chrome/41.0.2228.0 Safari/537.36',
)
[ info ] [ PARAM ] array (
)
[ info ] [ CACHE ] INIT File
[ info ] [ DB ] INIT mysql
[ info ] [ RUN ] app\index\controller\Index->index[ /var/www/html/tp55/application/index/controller/Index.php ]
[ info ] [ VIEW ] themes/index/index.html [ array (
  0 => 'site_config',
  1 => 'banner',
  2 => 'category',
  3 => 'links',
  4 => 'tags',
  5 => 'randarticle',
  6 => 'htorticle',
  7 => 'messageinfo',
  8 => 'nav',
  9 => 'currenturl',
  10 => 'toparticle',
  11 => 'category_level_list',
  12 => 'article_list',
  13 => 'getcategoryName',
) ]
[ info ] [ SESSION ] INIT array (
  'id' => '',
  'var_session_id' => '',
  'prefix' => 'think',
  'type' => '',
  'auto_start' => true,
)
[ info ] [ LOG ] INIT File
[ sql ] [ DB ] CONNECT:[ UseTime:0.000335s ] mysql:dbname=test;host=127.0.0.1;port=3306;charset=utf8
[ sql ] [ SQL ] SHOW COLUMNS FROM `think_system` [ RunTime:0.000844s ]
[ sql ] [ SQL ] SELECT `value` FROM `think_system` WHERE  `name` = 'site_config' LIMIT 1 [ RunTime:0.000230s ]
[ sql ] [ SQL ] SHOW COLUMNS FROM `think_advertising` [ RunTime:0.000589s ]
[ sql ] [ SQL ] SELECT * FROM `think_advertising` WHERE  `status` = 1 ORDER BY sort asc [ RunTime:0.000223s ]
[ sql ] [ SQL ] SHOW COLUMNS FROM `think_category` [ RunTime:0.000612s ]
[ sql ] [ SQL ] SELECT * FROM `think_category` WHERE  `type` = 1 [ RunTime:0.000238s ]
[ sql ] [ SQL ] SHOW COLUMNS FROM `think_links` [ RunTime:0.000599s ]
[ sql ] [ SQL ] SELECT * FROM `think_links` WHERE  `status` = 1 LIMIT 10 [ RunTime:0.000195s ]
[ sql ] [ SQL ] SHOW COLUMNS FROM `think_tags` [ RunTime:0.000694s ]
[ sql ] [ SQL ] SELECT * FROM `think_tags` ORDER BY num desc LIMIT 10 [ RunTime:0.000236s ]
[ sql ] [ SQL ] SHOW COLUMNS FROM `think_article` [ RunTime:0.000647s ]
[ sql ] [ SQL ] SELECT `id`,`title`,`introduction`,`thumb` FROM `think_article` WHERE  `status` = 1 ORDER BY rand() LIMIT 3 [ RunTime:0.000326s ]
[ sql ] [ SQL ] SELECT `id`,`title`,`introduction`,`thumb` FROM `think_article` WHERE  `status` = 1 ORDER BY reading desc LIMIT 10 [ RunTime:0.000261s ]
[ sql ] [ SQL ] SELECT `id`,`title`,`cid`,`introduction`,`keywords`,`tag`,`is_top`,`is_good`,`photo`,`thumb`,`author`,`reading`,`status`,`publish_time`,`sort` FROM `think_article` WHERE  `status` = 1  AND `is_top` = 1 LIMIT 1 [ RunTime:0.000243s ]
[ sql ] [ SQL ] SHOW COLUMNS FROM `think_guestbook` [ RunTime:0.000636s ]
[ sql ] [ SQL ] SELECT * FROM `think_guestbook` WHERE  `status` = 1 LIMIT 4 [ RunTime:0.000296s ]
[ sql ] [ SQL ] SHOW COLUMNS FROM `think_nav` [ RunTime:0.000602s ]
[ sql ] [ SQL ] SELECT * FROM `think_nav` WHERE  `status` = 1 [ RunTime:0.000193s ]
[ sql ] [ SQL ] SELECT * FROM `think_category` ORDER BY `sort`  DESC,`id`  ASC [ RunTime:0.000216s ]
[ sql ] [ SQL ] SELECT COUNT(*) AS tp_count FROM `think_article` WHERE  `status` = 1 LIMIT 1 [ RunTime:0.000256s ]
[ sql ] [ SQL ] SELECT `id`,`title`,`cid`,`introduction`,`tag`,`is_good`,`thumb`,`author`,`reading`,`status`,`publish_time`,`sort` FROM `think_article` WHERE  `status` = 1 ORDER BY id desc LIMIT 0,5 [ RunTime:0.000234s ]
[ sql ] [ SQL ] SELECT `id`,`name` FROM `think_category` [ RunTime:0.000175s ]

---------------------------------------------------------------
[ 2019-06-29T23:43:10+08:00 ] 172.31.102.220 71.6.146.185 GET /sitemap.xml
[ log ] 47.75.46.198/sitemap.xml [运行时间：0.002734s][吞吐率：365.77req/s] [内存消耗：149.30kb] [文件加载：38]
[ info ] [ LANG ] /var/www/html/tp55/thinkphp/lang/zh-cn.php
[ info ] [ ROUTE ] array (
  'type' => 'module',
  'module' => 
  array (
    0 => 'sitemap.xml',
    1 => NULL,
    2 => NULL,
  ),
)
[ info ] [ HEADER ] array (
  'host' => '47.75.46.198',
  'accept-encoding' => 'identity',
)
[ info ] [ PARAM ] array (
  '/sitemap_xml' => '',
)
[ info ] [ LOG ] INIT File

---------------------------------------------------------------
[ 2019-06-29T23:43:10+08:00 ] 172.31.102.220 71.6.146.185 GET /.well-known/security.txt
[ log ] 47.75.46.198/.well-known/security.txt [运行时间：0.002695s][吞吐率：371.05req/s] [内存消耗：149.41kb] [文件加载：38]
[ info ] [ LANG ] /var/www/html/tp55/thinkphp/lang/zh-cn.php
[ info ] [ ROUTE ] array (
  'type' => 'module',
  'module' => 
  array (
    0 => '.well-known',
    1 => 'security.txt',
    2 => NULL,
  ),
)
[ info ] [ HEADER ] array (
  'host' => '47.75.46.198',
  'accept-encoding' => 'identity',
)
[ info ] [ PARAM ] array (
  '/_well-known/security_txt' => '',
)
[ info ] [ LOG ] INIT File

---------------------------------------------------------------
[ 2019-06-29T23:43:11+08:00 ] 172.31.102.220 71.6.146.185 GET /favicon.ico
[ log ] 47.75.46.198/favicon.ico [运行时间：0.002855s][吞吐率：350.26req/s] [内存消耗：150.88kb] [文件加载：38]
[ info ] [ LANG ] /var/www/html/tp55/thinkphp/lang/zh-cn.php
[ info ] [ ROUTE ] array (
  'type' => 'module',
  'module' => 
  array (
    0 => 'favicon.ico',
    1 => NULL,
    2 => NULL,
  ),
)
[ info ] [ HEADER ] array (
  'host' => '47.75.46.198',
  'connection' => 'keep-alive',
  'accept-encoding' => 'gzip, deflate',
  'accept' => '*/*',
  'user-agent' => 'python-requests/2.10.0',
)
[ info ] [ PARAM ] array (
  '/favicon_ico' => '',
)
[ info ] [ LOG ] INIT File

---------------------------------------------------------------
