[ 2018-06-03T19:06:43+08:00 ] 127.0.0.1 127.0.0.1 GET /admin
[ log ] dev.tp111.com/admin [运行时间：0.656038s][吞吐率：1.52req/s] [内存消耗：2,083.23kb] [文件加载：44]
[ info ] [ LANG ] E:\tp55\thinkphp\lang\zh-cn.php
[ info ] [ ROUTE ] array (
  'type' => 'module',
  'module' => 
  array (
    0 => 'admin',
    1 => NULL,
    2 => NULL,
  ),
)
[ info ] [ HEADER ] array (
  'host' => 'dev.tp111.com',
  'connection' => 'keep-alive',
  'upgrade-insecure-requests' => '1',
  'user-agent' => 'Mozilla/5.0 (Windows NT 6.1; WOW64) AppleWebKit/537.36 (KHTML, like Gecko) Chrome/66.0.3359.181 Safari/537.36',
  'accept' => 'text/html,application/xhtml+xml,application/xml;q=0.9,image/webp,image/apng,*/*;q=0.8',
  'accept-encoding' => 'gzip, deflate',
  'accept-language' => 'zh-CN,zh;q=0.9,en;q=0.8',
)
[ info ] [ PARAM ] array (
  '/admin' => '',
)
[ info ] [ SESSION ] INIT array (
  'id' => '',
  'var_session_id' => '',
  'prefix' => 'think',
  'type' => '',
  'auto_start' => true,
)
[ info ] [ LOG ] INIT File

---------------------------------------------------------------
[ 2018-06-03T19:06:43+08:00 ] 127.0.0.1 127.0.0.1 GET /admin/login/index.html
[ log ] dev.tp111.com/admin/login/index.html [运行时间：0.117006s][吞吐率：8.55req/s] [内存消耗：2,098.84kb] [文件加载：45]
[ info ] [ LANG ] E:\tp55\thinkphp\lang\zh-cn.php
[ info ] [ ROUTE ] array (
  'type' => 'module',
  'module' => 
  array (
    0 => 'admin',
    1 => 'login',
    2 => 'index',
  ),
)
[ info ] [ HEADER ] array (
  'host' => 'dev.tp111.com',
  'connection' => 'keep-alive',
  'upgrade-insecure-requests' => '1',
  'user-agent' => 'Mozilla/5.0 (Windows NT 6.1; WOW64) AppleWebKit/537.36 (KHTML, like Gecko) Chrome/66.0.3359.181 Safari/537.36',
  'accept' => 'text/html,application/xhtml+xml,application/xml;q=0.9,image/webp,image/apng,*/*;q=0.8',
  'accept-encoding' => 'gzip, deflate',
  'accept-language' => 'zh-CN,zh;q=0.9,en;q=0.8',
  'cookie' => 'PHPSESSID=ur2vo354mul59uhvr355ioaov7',
)
[ info ] [ PARAM ] array (
  '/admin/login/index_html' => '',
)
[ info ] [ RUN ] app\admin\controller\Login->index[ E:\tp55\application\admin\controller\Login.php ]
[ info ] [ VIEW ] admin_themes\login\index.html [ array (
) ]
[ info ] [ LOG ] INIT File

---------------------------------------------------------------
[ 2018-06-03T19:06:44+08:00 ] 127.0.0.1 127.0.0.1 GET /favicon.ico
[ log ] dev.tp111.com/favicon.ico [运行时间：0.068004s][吞吐率：14.71req/s] [内存消耗：1,621.87kb] [文件加载：38]
[ info ] [ LANG ] E:\tp55\thinkphp\lang\zh-cn.php
[ info ] [ ROUTE ] array (
  'type' => 'module',
  'module' => 
  array (
    0 => 'favicon.ico',
    1 => NULL,
    2 => NULL,
  ),
)
[ info ] [ HEADER ] array (
  'host' => 'dev.tp111.com',
  'connection' => 'keep-alive',
  'user-agent' => 'Mozilla/5.0 (Windows NT 6.1; WOW64) AppleWebKit/537.36 (KHTML, like Gecko) Chrome/66.0.3359.181 Safari/537.36',
  'accept' => 'image/webp,image/apng,image/*,*/*;q=0.8',
  'referer' => 'http://dev.tp111.com/admin/login/index.html',
  'accept-encoding' => 'gzip, deflate',
  'accept-language' => 'zh-CN,zh;q=0.9,en;q=0.8',
  'cookie' => 'PHPSESSID=ur2vo354mul59uhvr355ioaov7',
)
[ info ] [ PARAM ] array (
  '/favicon_ico' => '',
)
[ info ] [ LOG ] INIT File

---------------------------------------------------------------
[ 2018-06-03T19:06:54+08:00 ] 127.0.0.1 127.0.0.1 POST /admin/login/login.html
[ log ] dev.tp111.com/admin/login/login.html [运行时间：0.352602s][吞吐率：2.84req/s] [内存消耗：2,872.84kb] [文件加载：53]
[ info ] [ LANG ] E:\tp55\thinkphp\lang\zh-cn.php
[ info ] [ ROUTE ] array (
  'type' => 'module',
  'module' => 
  array (
    0 => 'admin',
    1 => 'login',
    2 => 'login',
  ),
)
[ info ] [ HEADER ] array (
  'host' => 'dev.tp111.com',
  'connection' => 'keep-alive',
  'content-length' => '29',
  'accept' => 'application/json, text/javascript, */*; q=0.01',
  'origin' => 'http://dev.tp111.com',
  'x-requested-with' => 'XMLHttpRequest',
  'user-agent' => 'Mozilla/5.0 (Windows NT 6.1; WOW64) AppleWebKit/537.36 (KHTML, like Gecko) Chrome/66.0.3359.181 Safari/537.36',
  'content-type' => 'application/x-www-form-urlencoded; charset=UTF-8',
  'referer' => 'http://dev.tp111.com/admin/login/index.html',
  'accept-encoding' => 'gzip, deflate',
  'accept-language' => 'zh-CN,zh;q=0.9,en;q=0.8',
  'cookie' => 'thinkphp_show_page_trace=0|0; PHPSESSID=ur2vo354mul59uhvr355ioaov7',
)
[ info ] [ PARAM ] array (
  '/admin/login/login_html' => '',
  'username' => 'admin',
  'password' => 'admin',
)
[ info ] [ RUN ] app\admin\controller\Login->login[ E:\tp55\application\admin\controller\Login.php ]
[ info ] [ DB ] INIT mysql
[ info ] [ SESSION ] INIT array (
  'id' => '',
  'var_session_id' => '',
  'prefix' => 'think',
  'type' => '',
  'auto_start' => true,
)
[ info ] [ CACHE ] INIT File
[ info ] [ LOG ] INIT File
[ sql ] [ DB ] CONNECT:[ UseTime:0.078001s ] mysql:dbname=test;host=127.0.0.1;port=3306;charset=utf8
[ sql ] [ SQL ] SHOW COLUMNS FROM `think_admin_user` [ RunTime:0.046800s ]
[ sql ] [ SQL ] SELECT `id`,`username`,`status` FROM `think_admin_user` WHERE  `username` = 'admin'  AND `password` = 'b63ddacba6c3835cc1b250c5d9de6ac1' LIMIT 1 [ RunTime:0.000000s ]
[ sql ] [ SQL ] UPDATE `think_admin_user`  SET `last_login_time`='2018-06-03 19:06:54',`last_login_ip`='127.0.0.1'  WHERE  `id` = 1 [ RunTime:0.062400s ]

---------------------------------------------------------------
[ 2018-06-03T19:06:56+08:00 ] 127.0.0.1 127.0.0.1 GET /admin/index/index.html
[ log ] dev.tp111.com/admin/index/index.html [运行时间：0.674237s][吞吐率：1.48req/s] [内存消耗：2,980.48kb] [文件加载：52]
[ info ] [ LANG ] E:\tp55\thinkphp\lang\zh-cn.php
[ info ] [ ROUTE ] array (
  'type' => 'module',
  'module' => 
  array (
    0 => 'admin',
    1 => 'index',
    2 => 'index',
  ),
)
[ info ] [ HEADER ] array (
  'host' => 'dev.tp111.com',
  'connection' => 'keep-alive',
  'upgrade-insecure-requests' => '1',
  'user-agent' => 'Mozilla/5.0 (Windows NT 6.1; WOW64) AppleWebKit/537.36 (KHTML, like Gecko) Chrome/66.0.3359.181 Safari/537.36',
  'accept' => 'text/html,application/xhtml+xml,application/xml;q=0.9,image/webp,image/apng,*/*;q=0.8',
  'referer' => 'http://dev.tp111.com/admin/login/index.html',
  'accept-encoding' => 'gzip, deflate',
  'accept-language' => 'zh-CN,zh;q=0.9,en;q=0.8',
  'cookie' => 'PHPSESSID=ur2vo354mul59uhvr355ioaov7',
)
[ info ] [ PARAM ] array (
  '/admin/index/index_html' => '',
)
[ info ] [ SESSION ] INIT array (
  'id' => '',
  'var_session_id' => '',
  'prefix' => 'think',
  'type' => '',
  'auto_start' => true,
)
[ info ] [ DB ] INIT mysql
[ info ] [ RUN ] app\admin\controller\Index->index[ E:\tp55\application\admin\controller\Index.php ]
[ info ] [ VIEW ] admin_themes\index\index.html [ array (
  0 => 'menu',
  1 => 'site_config',
  2 => 'controller',
  3 => 'new_ver',
  4 => 'approvedarticle_number',
  5 => 'notauditarticle_number',
  6 => 'links_number',
  7 => 'tell_number',
  8 => 'guestbook_number',
  9 => 'config',
) ]
[ info ] [ LOG ] INIT File
[ sql ] [ DB ] CONNECT:[ UseTime:0.003000s ] mysql:dbname=test;host=127.0.0.1;port=3306;charset=utf8
[ sql ] [ SQL ] SHOW COLUMNS FROM `think_auth_rule` [ RunTime:0.056003s ]
[ sql ] [ SQL ] SELECT * FROM `think_auth_rule` WHERE  `status` = 1 ORDER BY `sort`  desc,`id`  asc [ RunTime:0.016001s ]
[ sql ] [ SQL ] SHOW COLUMNS FROM `think_auth_group_access` [ RunTime:0.030002s ]
[ sql ] [ SQL ] SELECT `AuthGroupAccess`.`uid`,`AuthGroupAccess`.`group_id`,`AuthGroup`.`title`,`AuthGroup`.`rules` FROM `think_auth_group_access` `AuthGroupAccess` LEFT JOIN `think_auth_group` `AuthGroup` ON `AuthGroupAccess`.`group_id`=`AuthGroup`.`id` WHERE  (  AuthGroupAccess.uid='1' and AuthGroup.status='1' ) [ RunTime:0.047003s ]
[ sql ] [ SQL ] SELECT `condition`,`name` FROM `think_auth_rule` WHERE  `id` IN (1,2,3,5,6,7,8,9,10,11,12,39,40,41,42,43,14,13,20,21,22,23,24,15,25,26,27,28,29,30,16,17,44,45,46,47,48,18,49,50,51,52,53,19,31,32,33,34,35,36,37,54,55,56,57,58,59,60,61,62)  AND `type` = 1 [ RunTime:0.022001s ]
[ sql ] [ SQL ] SHOW COLUMNS FROM `think_system` [ RunTime:0.060003s ]
[ sql ] [ SQL ] SELECT `value` FROM `think_system` WHERE  `name` = 'site_config' LIMIT 1 [ RunTime:0.008001s ]
[ sql ] [ SQL ] SELECT VERSION() AS ver [ RunTime:0.029002s ]
[ sql ] [ SQL ] SHOW COLUMNS FROM `think_article` [ RunTime:0.040002s ]
[ sql ] [ SQL ] SELECT `id` FROM `think_article` WHERE  (  status=1 ) [ RunTime:0.013001s ]
[ sql ] [ SQL ] SELECT `id` FROM `think_article` WHERE  (  status=0 ) [ RunTime:0.001000s ]
[ sql ] [ SQL ] SHOW COLUMNS FROM `think_links` [ RunTime:0.069004s ]
[ sql ] [ SQL ] SELECT `id` FROM `think_links` [ RunTime:0.004000s ]
[ sql ] [ SQL ] SHOW COLUMNS FROM `think_tell` [ RunTime:0.057003s ]
[ sql ] [ SQL ] SELECT `id` FROM `think_tell` [ RunTime:0.001000s ]
[ sql ] [ SQL ] SHOW COLUMNS FROM `think_guestbook` [ RunTime:0.047002s ]
[ sql ] [ SQL ] SELECT `id` FROM `think_guestbook` [ RunTime:0.001000s ]

---------------------------------------------------------------
[ 2018-06-03T19:07:01+08:00 ] 127.0.0.1 127.0.0.1 GET /admin/database/index/type/import.html
[ log ] dev.tp111.com/admin/database/index/type/import.html [运行时间：0.146008s][吞吐率：6.85req/s] [内存消耗：3,019.69kb] [文件加载：52]
[ info ] [ LANG ] E:\tp55\thinkphp\lang\zh-cn.php
[ info ] [ ROUTE ] array (
  'type' => 'module',
  'module' => 
  array (
    0 => 'admin',
    1 => 'database',
    2 => 'index',
  ),
)
[ info ] [ HEADER ] array (
  'host' => 'dev.tp111.com',
  'connection' => 'keep-alive',
  'upgrade-insecure-requests' => '1',
  'user-agent' => 'Mozilla/5.0 (Windows NT 6.1; WOW64) AppleWebKit/537.36 (KHTML, like Gecko) Chrome/66.0.3359.181 Safari/537.36',
  'accept' => 'text/html,application/xhtml+xml,application/xml;q=0.9,image/webp,image/apng,*/*;q=0.8',
  'referer' => 'http://dev.tp111.com/admin/index/index.html',
  'accept-encoding' => 'gzip, deflate',
  'accept-language' => 'zh-CN,zh;q=0.9,en;q=0.8',
  'cookie' => 'PHPSESSID=ur2vo354mul59uhvr355ioaov7',
)
[ info ] [ PARAM ] array (
  '/admin/database/index/type/import_html' => '',
  'type' => 'import',
)
[ info ] [ SESSION ] INIT array (
  'id' => '',
  'var_session_id' => '',
  'prefix' => 'think',
  'type' => '',
  'auto_start' => true,
)
[ info ] [ DB ] INIT mysql
[ info ] [ RUN ] app\admin\controller\Database->index[ E:\tp55\application\admin\controller\Database.php ]
[ info ] [ VIEW ] admin_themes\database\import.html [ array (
  0 => 'menu',
  1 => 'site_config',
  2 => 'controller',
  3 => 'list',
) ]
[ info ] [ LOG ] INIT File
[ sql ] [ DB ] CONNECT:[ UseTime:0.003000s ] mysql:dbname=test;host=127.0.0.1;port=3306;charset=utf8
[ sql ] [ SQL ] SHOW COLUMNS FROM `think_auth_group_access` [ RunTime:0.001000s ]
[ sql ] [ SQL ] SELECT `AuthGroupAccess`.`uid`,`AuthGroupAccess`.`group_id`,`AuthGroup`.`title`,`AuthGroup`.`rules` FROM `think_auth_group_access` `AuthGroupAccess` LEFT JOIN `think_auth_group` `AuthGroup` ON `AuthGroupAccess`.`group_id`=`AuthGroup`.`id` WHERE  (  AuthGroupAccess.uid='1' and AuthGroup.status='1' ) [ RunTime:0.001000s ]
[ sql ] [ SQL ] SHOW COLUMNS FROM `think_auth_rule` [ RunTime:0.002000s ]
[ sql ] [ SQL ] SELECT `condition`,`name` FROM `think_auth_rule` WHERE  `id` IN (1,2,3,5,6,7,8,9,10,11,12,39,40,41,42,43,14,13,20,21,22,23,24,15,25,26,27,28,29,30,16,17,44,45,46,47,48,18,49,50,51,52,53,19,31,32,33,34,35,36,37,54,55,56,57,58,59,60,61,62)  AND `type` = 1 [ RunTime:0.001000s ]
[ sql ] [ SQL ] SELECT * FROM `think_auth_rule` WHERE  `status` = 1 ORDER BY `sort`  desc,`id`  asc [ RunTime:0.001000s ]
[ sql ] [ SQL ] SHOW COLUMNS FROM `think_system` [ RunTime:0.001000s ]
[ sql ] [ SQL ] SELECT `value` FROM `think_system` WHERE  `name` = 'site_config' LIMIT 1 [ RunTime:0.001000s ]

---------------------------------------------------------------
[ 2018-06-03T19:07:03+08:00 ] 127.0.0.1 127.0.0.1 GET /admin/database/index/type/export.html
[ log ] dev.tp111.com/admin/database/index/type/export.html [运行时间：0.358021s][吞吐率：2.79req/s] [内存消耗：3,075.07kb] [文件加载：52]
[ info ] [ LANG ] E:\tp55\thinkphp\lang\zh-cn.php
[ info ] [ ROUTE ] array (
  'type' => 'module',
  'module' => 
  array (
    0 => 'admin',
    1 => 'database',
    2 => 'index',
  ),
)
[ info ] [ HEADER ] array (
  'host' => 'dev.tp111.com',
  'connection' => 'keep-alive',
  'upgrade-insecure-requests' => '1',
  'user-agent' => 'Mozilla/5.0 (Windows NT 6.1; WOW64) AppleWebKit/537.36 (KHTML, like Gecko) Chrome/66.0.3359.181 Safari/537.36',
  'accept' => 'text/html,application/xhtml+xml,application/xml;q=0.9,image/webp,image/apng,*/*;q=0.8',
  'referer' => 'http://dev.tp111.com/admin/database/index/type/import.html',
  'accept-encoding' => 'gzip, deflate',
  'accept-language' => 'zh-CN,zh;q=0.9,en;q=0.8',
  'cookie' => 'thinkphp_show_page_trace=0|0; PHPSESSID=ur2vo354mul59uhvr355ioaov7',
)
[ info ] [ PARAM ] array (
  '/admin/database/index/type/export_html' => '',
  'type' => 'export',
)
[ info ] [ SESSION ] INIT array (
  'id' => '',
  'var_session_id' => '',
  'prefix' => 'think',
  'type' => '',
  'auto_start' => true,
)
[ info ] [ DB ] INIT mysql
[ info ] [ RUN ] app\admin\controller\Database->index[ E:\tp55\application\admin\controller\Database.php ]
[ info ] [ VIEW ] admin_themes\database\export.html [ array (
  0 => 'menu',
  1 => 'site_config',
  2 => 'controller',
  3 => 'list',
) ]
[ info ] [ LOG ] INIT File
[ sql ] [ DB ] CONNECT:[ UseTime:0.012001s ] mysql:dbname=test;host=127.0.0.1;port=3306;charset=utf8
[ sql ] [ SQL ] SHOW COLUMNS FROM `think_auth_group_access` [ RunTime:0.002000s ]
[ sql ] [ SQL ] SELECT `AuthGroupAccess`.`uid`,`AuthGroupAccess`.`group_id`,`AuthGroup`.`title`,`AuthGroup`.`rules` FROM `think_auth_group_access` `AuthGroupAccess` LEFT JOIN `think_auth_group` `AuthGroup` ON `AuthGroupAccess`.`group_id`=`AuthGroup`.`id` WHERE  (  AuthGroupAccess.uid='1' and AuthGroup.status='1' ) [ RunTime:0.002000s ]
[ sql ] [ SQL ] SHOW COLUMNS FROM `think_auth_rule` [ RunTime:0.002000s ]
[ sql ] [ SQL ] SELECT `condition`,`name` FROM `think_auth_rule` WHERE  `id` IN (1,2,3,5,6,7,8,9,10,11,12,39,40,41,42,43,14,13,20,21,22,23,24,15,25,26,27,28,29,30,16,17,44,45,46,47,48,18,49,50,51,52,53,19,31,32,33,34,35,36,37,54,55,56,57,58,59,60,61,62)  AND `type` = 1 [ RunTime:0.002000s ]
[ sql ] [ SQL ] SELECT * FROM `think_auth_rule` WHERE  `status` = 1 ORDER BY `sort`  desc,`id`  asc [ RunTime:0.001000s ]
[ sql ] [ SQL ] SHOW COLUMNS FROM `think_system` [ RunTime:0.002000s ]
[ sql ] [ SQL ] SELECT `value` FROM `think_system` WHERE  `name` = 'site_config' LIMIT 1 [ RunTime:0.001000s ]
[ sql ] [ SQL ] SHOW TABLE STATUS [ RunTime:0.209012s ]

---------------------------------------------------------------
[ 2018-06-03T19:29:23+08:00 ] 127.0.0.1 127.0.0.1 POST /admin/database/optimize.html
[ log ] dev.tp111.com/admin/database/optimize.html [运行时间：0.139007s][吞吐率：7.19req/s] [内存消耗：2,906.49kb] [文件加载：50]
[ info ] [ LANG ] E:\tp55\thinkphp\lang\zh-cn.php
[ info ] [ ROUTE ] array (
  'type' => 'module',
  'module' => 
  array (
    0 => 'admin',
    1 => 'database',
    2 => 'optimize',
  ),
)
[ info ] [ HEADER ] array (
  'host' => 'dev.tp111.com',
  'connection' => 'keep-alive',
  'content-length' => '30',
  'accept' => 'application/json, text/javascript, */*; q=0.01',
  'origin' => 'http://dev.tp111.com',
  'x-requested-with' => 'XMLHttpRequest',
  'user-agent' => 'Mozilla/5.0 (Windows NT 6.1; WOW64) AppleWebKit/537.36 (KHTML, like Gecko) Chrome/66.0.3359.181 Safari/537.36',
  'content-type' => 'application/x-www-form-urlencoded; charset=UTF-8',
  'referer' => 'http://dev.tp111.com/admin/database/index/type/export.html',
  'accept-encoding' => 'gzip, deflate',
  'accept-language' => 'zh-CN,zh;q=0.9,en;q=0.8',
  'cookie' => 'PHPSESSID=ur2vo354mul59uhvr355ioaov7',
)
[ info ] [ PARAM ] array (
  '/admin/database/optimize_html' => '',
  'tables' => 
  array (
    0 => 'think_advertising',
  ),
)
[ info ] [ SESSION ] INIT array (
  'id' => '',
  'var_session_id' => '',
  'prefix' => 'think',
  'type' => '',
  'auto_start' => true,
)
[ info ] [ DB ] INIT mysql
[ info ] [ RUN ] app\admin\controller\Database->optimize[ E:\tp55\application\admin\controller\Database.php ]
[ info ] [ LOG ] INIT File
[ sql ] [ DB ] CONNECT:[ UseTime:0.011001s ] mysql:dbname=test;host=127.0.0.1;port=3306;charset=utf8
[ sql ] [ SQL ] SHOW COLUMNS FROM `think_auth_group_access` [ RunTime:0.002000s ]
[ sql ] [ SQL ] SELECT `AuthGroupAccess`.`uid`,`AuthGroupAccess`.`group_id`,`AuthGroup`.`title`,`AuthGroup`.`rules` FROM `think_auth_group_access` `AuthGroupAccess` LEFT JOIN `think_auth_group` `AuthGroup` ON `AuthGroupAccess`.`group_id`=`AuthGroup`.`id` WHERE  (  AuthGroupAccess.uid='1' and AuthGroup.status='1' ) [ RunTime:0.001000s ]
[ sql ] [ SQL ] SHOW COLUMNS FROM `think_auth_rule` [ RunTime:0.002000s ]
[ sql ] [ SQL ] SELECT `condition`,`name` FROM `think_auth_rule` WHERE  `id` IN (1,2,3,5,6,7,8,9,10,11,12,39,40,41,42,43,14,13,20,21,22,23,24,15,25,26,27,28,29,30,16,17,44,45,46,47,48,18,49,50,51,52,53,19,31,32,33,34,35,36,37,54,55,56,57,58,59,60,61,62)  AND `type` = 1 [ RunTime:0.002000s ]
[ sql ] [ SQL ] SELECT * FROM `think_auth_rule` WHERE  `status` = 1 ORDER BY `sort`  desc,`id`  asc [ RunTime:0.001000s ]
[ sql ] [ SQL ] SHOW COLUMNS FROM `think_system` [ RunTime:0.001000s ]
[ sql ] [ SQL ] SELECT `value` FROM `think_system` WHERE  `name` = 'site_config' LIMIT 1 [ RunTime:0.001000s ]
[ sql ] [ SQL ] OPTIMIZE TABLE `think_advertising` [ RunTime:0.073004s ]

---------------------------------------------------------------
[ 2018-06-03T19:29:26+08:00 ] 127.0.0.1 127.0.0.1 GET /admin/database/index/type/export.html
[ log ] dev.tp111.com/admin/database/index/type/export.html [运行时间：0.089005s][吞吐率：11.24req/s] [内存消耗：3,075.07kb] [文件加载：52]
[ info ] [ LANG ] E:\tp55\thinkphp\lang\zh-cn.php
[ info ] [ ROUTE ] array (
  'type' => 'module',
  'module' => 
  array (
    0 => 'admin',
    1 => 'database',
    2 => 'index',
  ),
)
[ info ] [ HEADER ] array (
  'host' => 'dev.tp111.com',
  'connection' => 'keep-alive',
  'upgrade-insecure-requests' => '1',
  'user-agent' => 'Mozilla/5.0 (Windows NT 6.1; WOW64) AppleWebKit/537.36 (KHTML, like Gecko) Chrome/66.0.3359.181 Safari/537.36',
  'accept' => 'text/html,application/xhtml+xml,application/xml;q=0.9,image/webp,image/apng,*/*;q=0.8',
  'referer' => 'http://dev.tp111.com/admin/database/index/type/export.html',
  'accept-encoding' => 'gzip, deflate',
  'accept-language' => 'zh-CN,zh;q=0.9,en;q=0.8',
  'cookie' => 'thinkphp_show_page_trace=0|0; PHPSESSID=ur2vo354mul59uhvr355ioaov7',
)
[ info ] [ PARAM ] array (
  '/admin/database/index/type/export_html' => '',
  'type' => 'export',
)
[ info ] [ SESSION ] INIT array (
  'id' => '',
  'var_session_id' => '',
  'prefix' => 'think',
  'type' => '',
  'auto_start' => true,
)
[ info ] [ DB ] INIT mysql
[ info ] [ RUN ] app\admin\controller\Database->index[ E:\tp55\application\admin\controller\Database.php ]
[ info ] [ VIEW ] admin_themes\database\export.html [ array (
  0 => 'menu',
  1 => 'site_config',
  2 => 'controller',
  3 => 'list',
) ]
[ info ] [ LOG ] INIT File
[ sql ] [ DB ] CONNECT:[ UseTime:0.011000s ] mysql:dbname=test;host=127.0.0.1;port=3306;charset=utf8
[ sql ] [ SQL ] SHOW COLUMNS FROM `think_auth_group_access` [ RunTime:0.001000s ]
[ sql ] [ SQL ] SELECT `AuthGroupAccess`.`uid`,`AuthGroupAccess`.`group_id`,`AuthGroup`.`title`,`AuthGroup`.`rules` FROM `think_auth_group_access` `AuthGroupAccess` LEFT JOIN `think_auth_group` `AuthGroup` ON `AuthGroupAccess`.`group_id`=`AuthGroup`.`id` WHERE  (  AuthGroupAccess.uid='1' and AuthGroup.status='1' ) [ RunTime:0.001000s ]
[ sql ] [ SQL ] SHOW COLUMNS FROM `think_auth_rule` [ RunTime:0.001000s ]
[ sql ] [ SQL ] SELECT `condition`,`name` FROM `think_auth_rule` WHERE  `id` IN (1,2,3,5,6,7,8,9,10,11,12,39,40,41,42,43,14,13,20,21,22,23,24,15,25,26,27,28,29,30,16,17,44,45,46,47,48,18,49,50,51,52,53,19,31,32,33,34,35,36,37,54,55,56,57,58,59,60,61,62)  AND `type` = 1 [ RunTime:0.002000s ]
[ sql ] [ SQL ] SELECT * FROM `think_auth_rule` WHERE  `status` = 1 ORDER BY `sort`  desc,`id`  asc [ RunTime:0.001000s ]
[ sql ] [ SQL ] SHOW COLUMNS FROM `think_system` [ RunTime:0.001000s ]
[ sql ] [ SQL ] SELECT `value` FROM `think_system` WHERE  `name` = 'site_config' LIMIT 1 [ RunTime:0.001001s ]
[ sql ] [ SQL ] SHOW TABLE STATUS [ RunTime:0.003000s ]

---------------------------------------------------------------
[ 2018-06-03T19:29:32+08:00 ] 127.0.0.1 127.0.0.1 POST /admin/database/repair.html
[ log ] dev.tp111.com/admin/database/repair.html [运行时间：0.075004s][吞吐率：13.33req/s] [内存消耗：2,906.45kb] [文件加载：50]
[ info ] [ LANG ] E:\tp55\thinkphp\lang\zh-cn.php
[ info ] [ ROUTE ] array (
  'type' => 'module',
  'module' => 
  array (
    0 => 'admin',
    1 => 'database',
    2 => 'repair',
  ),
)
[ info ] [ HEADER ] array (
  'host' => 'dev.tp111.com',
  'connection' => 'keep-alive',
  'content-length' => '26',
  'accept' => 'application/json, text/javascript, */*; q=0.01',
  'origin' => 'http://dev.tp111.com',
  'x-requested-with' => 'XMLHttpRequest',
  'user-agent' => 'Mozilla/5.0 (Windows NT 6.1; WOW64) AppleWebKit/537.36 (KHTML, like Gecko) Chrome/66.0.3359.181 Safari/537.36',
  'content-type' => 'application/x-www-form-urlencoded; charset=UTF-8',
  'referer' => 'http://dev.tp111.com/admin/database/index/type/export.html',
  'accept-encoding' => 'gzip, deflate',
  'accept-language' => 'zh-CN,zh;q=0.9,en;q=0.8',
  'cookie' => 'PHPSESSID=ur2vo354mul59uhvr355ioaov7',
)
[ info ] [ PARAM ] array (
  '/admin/database/repair_html' => '',
  'tables' => 
  array (
    0 => 'think_article',
  ),
)
[ info ] [ SESSION ] INIT array (
  'id' => '',
  'var_session_id' => '',
  'prefix' => 'think',
  'type' => '',
  'auto_start' => true,
)
[ info ] [ DB ] INIT mysql
[ info ] [ RUN ] app\admin\controller\Database->repair[ E:\tp55\application\admin\controller\Database.php ]
[ info ] [ LOG ] INIT File
[ sql ] [ DB ] CONNECT:[ UseTime:0.011001s ] mysql:dbname=test;host=127.0.0.1;port=3306;charset=utf8
[ sql ] [ SQL ] SHOW COLUMNS FROM `think_auth_group_access` [ RunTime:0.001000s ]
[ sql ] [ SQL ] SELECT `AuthGroupAccess`.`uid`,`AuthGroupAccess`.`group_id`,`AuthGroup`.`title`,`AuthGroup`.`rules` FROM `think_auth_group_access` `AuthGroupAccess` LEFT JOIN `think_auth_group` `AuthGroup` ON `AuthGroupAccess`.`group_id`=`AuthGroup`.`id` WHERE  (  AuthGroupAccess.uid='1' and AuthGroup.status='1' ) [ RunTime:0.001000s ]
[ sql ] [ SQL ] SHOW COLUMNS FROM `think_auth_rule` [ RunTime:0.001000s ]
[ sql ] [ SQL ] SELECT `condition`,`name` FROM `think_auth_rule` WHERE  `id` IN (1,2,3,5,6,7,8,9,10,11,12,39,40,41,42,43,14,13,20,21,22,23,24,15,25,26,27,28,29,30,16,17,44,45,46,47,48,18,49,50,51,52,53,19,31,32,33,34,35,36,37,54,55,56,57,58,59,60,61,62)  AND `type` = 1 [ RunTime:0.002000s ]
[ sql ] [ SQL ] SELECT * FROM `think_auth_rule` WHERE  `status` = 1 ORDER BY `sort`  desc,`id`  asc [ RunTime:0.001000s ]
[ sql ] [ SQL ] SHOW COLUMNS FROM `think_system` [ RunTime:0.001000s ]
[ sql ] [ SQL ] SELECT `value` FROM `think_system` WHERE  `name` = 'site_config' LIMIT 1 [ RunTime:0.000000s ]
[ sql ] [ SQL ] REPAIR TABLE `think_article` [ RunTime:0.002000s ]

---------------------------------------------------------------
[ 2018-06-03T19:29:34+08:00 ] 127.0.0.1 127.0.0.1 GET /admin/database/index/type/export.html
[ log ] dev.tp111.com/admin/database/index/type/export.html [运行时间：0.089005s][吞吐率：11.24req/s] [内存消耗：3,075.07kb] [文件加载：52]
[ info ] [ LANG ] E:\tp55\thinkphp\lang\zh-cn.php
[ info ] [ ROUTE ] array (
  'type' => 'module',
  'module' => 
  array (
    0 => 'admin',
    1 => 'database',
    2 => 'index',
  ),
)
[ info ] [ HEADER ] array (
  'host' => 'dev.tp111.com',
  'connection' => 'keep-alive',
  'upgrade-insecure-requests' => '1',
  'user-agent' => 'Mozilla/5.0 (Windows NT 6.1; WOW64) AppleWebKit/537.36 (KHTML, like Gecko) Chrome/66.0.3359.181 Safari/537.36',
  'accept' => 'text/html,application/xhtml+xml,application/xml;q=0.9,image/webp,image/apng,*/*;q=0.8',
  'referer' => 'http://dev.tp111.com/admin/database/index/type/export.html',
  'accept-encoding' => 'gzip, deflate',
  'accept-language' => 'zh-CN,zh;q=0.9,en;q=0.8',
  'cookie' => 'thinkphp_show_page_trace=0|0; PHPSESSID=ur2vo354mul59uhvr355ioaov7',
)
[ info ] [ PARAM ] array (
  '/admin/database/index/type/export_html' => '',
  'type' => 'export',
)
[ info ] [ SESSION ] INIT array (
  'id' => '',
  'var_session_id' => '',
  'prefix' => 'think',
  'type' => '',
  'auto_start' => true,
)
[ info ] [ DB ] INIT mysql
[ info ] [ RUN ] app\admin\controller\Database->index[ E:\tp55\application\admin\controller\Database.php ]
[ info ] [ VIEW ] admin_themes\database\export.html [ array (
  0 => 'menu',
  1 => 'site_config',
  2 => 'controller',
  3 => 'list',
) ]
[ info ] [ LOG ] INIT File
[ sql ] [ DB ] CONNECT:[ UseTime:0.011000s ] mysql:dbname=test;host=127.0.0.1;port=3306;charset=utf8
[ sql ] [ SQL ] SHOW COLUMNS FROM `think_auth_group_access` [ RunTime:0.001000s ]
[ sql ] [ SQL ] SELECT `AuthGroupAccess`.`uid`,`AuthGroupAccess`.`group_id`,`AuthGroup`.`title`,`AuthGroup`.`rules` FROM `think_auth_group_access` `AuthGroupAccess` LEFT JOIN `think_auth_group` `AuthGroup` ON `AuthGroupAccess`.`group_id`=`AuthGroup`.`id` WHERE  (  AuthGroupAccess.uid='1' and AuthGroup.status='1' ) [ RunTime:0.001000s ]
[ sql ] [ SQL ] SHOW COLUMNS FROM `think_auth_rule` [ RunTime:0.002001s ]
[ sql ] [ SQL ] SELECT `condition`,`name` FROM `think_auth_rule` WHERE  `id` IN (1,2,3,5,6,7,8,9,10,11,12,39,40,41,42,43,14,13,20,21,22,23,24,15,25,26,27,28,29,30,16,17,44,45,46,47,48,18,49,50,51,52,53,19,31,32,33,34,35,36,37,54,55,56,57,58,59,60,61,62)  AND `type` = 1 [ RunTime:0.001000s ]
[ sql ] [ SQL ] SELECT * FROM `think_auth_rule` WHERE  `status` = 1 ORDER BY `sort`  desc,`id`  asc [ RunTime:0.001000s ]
[ sql ] [ SQL ] SHOW COLUMNS FROM `think_system` [ RunTime:0.001000s ]
[ sql ] [ SQL ] SELECT `value` FROM `think_system` WHERE  `name` = 'site_config' LIMIT 1 [ RunTime:0.001000s ]
[ sql ] [ SQL ] SHOW TABLE STATUS [ RunTime:0.003000s ]

---------------------------------------------------------------
